Using gpu device 0: GeForce GT 520M
[2015-05-29 20:54:41.779500] > ... building the model
[2015-05-29 20:54:41.788459] > ... getting the finetuning functions
[2015-05-29 20:54:42.861732] > ... finetuning the model
[2015-05-29 20:55:00.585609] > epoch 1, training error 37.465781 (%)
[2015-05-29 20:55:03.694388] > epoch 1, lrate 0.300000, validation error 41.005671 (%)
[2015-05-29 20:55:20.909384] > epoch 2, training error 33.336872 (%)
[2015-05-29 20:55:23.726084] > epoch 2, lrate 0.300000, validation error 39.765448 (%)
[2015-05-29 20:55:40.685056] > epoch 3, training error 32.425856 (%)
[2015-05-29 20:55:43.470662] > epoch 3, lrate 0.300000, validation error 39.447595 (%)
[2015-05-29 20:56:00.314242] > epoch 4, training error 31.718731 (%)
[2015-05-29 20:56:03.116383] > epoch 4, lrate 0.300000, validation error 38.709035 (%)
[2015-05-29 20:56:20.989614] > epoch 5, training error 31.409435 (%)
[2015-05-29 20:56:23.783103] > epoch 5, lrate 0.300000, validation error 38.670990 (%)
[2015-05-29 20:56:40.740688] > epoch 6, training error 31.156633 (%)
[2015-05-29 20:56:43.525715] > epoch 6, lrate 0.300000, validation error 38.521243 (%)
[2015-05-29 20:57:00.491821] > epoch 7, training error 30.996440 (%)
[2015-05-29 20:57:03.278434] > epoch 7, lrate 0.300000, validation error 38.646880 (%)
[2015-05-29 20:57:20.300544] > epoch 8, training error 30.637474 (%)
[2015-05-29 20:57:23.131371] > epoch 8, lrate 0.300000, validation error 37.976447 (%)
[2015-05-29 20:57:40.292550] > epoch 9, training error 30.505623 (%)
[2015-05-29 20:57:43.066543] > epoch 9, lrate 0.300000, validation error 37.853022 (%)
[2015-05-29 20:58:00.285055] > epoch 10, training error 30.349790 (%)
[2015-05-29 20:58:03.087345] > epoch 10, lrate 0.300000, validation error 38.353801 (%)
[2015-05-29 20:58:20.452885] > epoch 11, training error 30.229029 (%)
[2015-05-29 20:58:23.297622] > epoch 11, lrate 0.300000, validation error 38.247850 (%)
[2015-05-29 20:58:40.400373] > epoch 12, training error 30.104950 (%)
[2015-05-29 20:58:43.208402] > epoch 12, lrate 0.300000, validation error 37.842848 (%)
[2015-05-29 20:59:00.097041] > epoch 13, training error 29.918406 (%)
[2015-05-29 20:59:02.868132] > epoch 13, lrate 0.300000, validation error 37.899473 (%)
[2015-05-29 20:59:19.728848] > epoch 14, training error 29.806934 (%)
[2015-05-29 20:59:22.494337] > epoch 14, lrate 0.300000, validation error 37.580514 (%)
[2015-05-29 20:59:39.521111] > epoch 15, training error 29.742383 (%)
[2015-05-29 20:59:42.288909] > epoch 15, lrate 0.300000, validation error 38.137918 (%)
[2015-05-29 20:59:59.261463] > epoch 16, training error 29.650248 (%)
[2015-05-29 21:00:02.044833] > epoch 16, lrate 0.300000, validation error 38.071339 (%)
[2015-05-29 21:00:19.102049] > epoch 17, training error 29.517733 (%)
[2015-05-29 21:00:21.882866] > epoch 17, lrate 0.300000, validation error 37.110923 (%)
[2015-05-29 21:00:38.747994] > epoch 18, training error 29.514795 (%)
[2015-05-29 21:00:41.520560] > epoch 18, lrate 0.300000, validation error 37.518138 (%)
[2015-05-29 21:00:58.481233] > epoch 19, training error 29.382375 (%)
[2015-05-29 21:01:01.242352] > epoch 19, lrate 0.300000, validation error 36.959849 (%)
[2015-05-29 21:01:18.258549] > epoch 20, training error 29.336876 (%)
[2015-05-29 21:01:21.061563] > epoch 20, lrate 0.300000, validation error 37.122868 (%)
[2015-05-29 21:01:38.017640] > epoch 21, training error 29.210428 (%)
[2015-05-29 21:01:40.832846] > epoch 21, lrate 0.300000, validation error 36.902782 (%)
[2015-05-29 21:01:57.811658] > epoch 22, training error 29.104738 (%)
[2015-05-29 21:02:00.622472] > epoch 22, lrate 0.300000, validation error 36.908533 (%)
[2015-05-29 21:02:17.563706] > epoch 23, training error 29.096017 (%)
[2015-05-29 21:02:20.343201] > epoch 23, lrate 0.300000, validation error 36.903224 (%)
[2015-05-29 21:02:37.323112] > epoch 24, training error 29.074595 (%)
[2015-05-29 21:02:40.132203] > epoch 24, lrate 0.300000, validation error 37.138794 (%)
[2015-05-29 21:02:57.128582] > epoch 25, training error 29.004546 (%)
[2015-05-29 21:02:59.930453] > epoch 25, lrate 0.300000, validation error 36.924237 (%)
[2015-05-29 21:03:16.981013] > epoch 26, training error 28.966441 (%)
[2015-05-29 21:03:19.765982] > epoch 26, lrate 0.300000, validation error 36.970688 (%)
[2015-05-29 21:03:36.918092] > epoch 27, training error 28.915729 (%)
[2015-05-29 21:03:39.824469] > epoch 27, lrate 0.300000, validation error 37.265315 (%)
[2015-05-29 21:03:56.986817] > epoch 28, training error 28.825679 (%)
[2015-05-29 21:03:59.748620] > epoch 28, lrate 0.300000, validation error 37.006300 (%)
[2015-05-29 21:04:16.898870] > epoch 29, training error 28.822551 (%)
[2015-05-29 21:04:19.718796] > epoch 29, lrate 0.300000, validation error 37.194534 (%)
[2015-05-29 21:04:36.760168] > epoch 30, training error 28.735061 (%)
[2015-05-29 21:04:39.587423] > epoch 30, lrate 0.300000, validation error 37.015590 (%)
[2015-05-29 21:04:56.677000] > epoch 31, training error 28.800940 (%)
[2015-05-29 21:04:59.468792] > epoch 31, lrate 0.300000, validation error 37.404666 (%)
[2015-05-29 21:05:16.473227] > epoch 32, training error 28.709563 (%)
[2015-05-29 21:05:19.241710] > epoch 32, lrate 0.300000, validation error 37.398915 (%)
[2015-05-29 21:05:36.247450] > epoch 33, training error 28.656766 (%)
[2015-05-29 21:05:39.031389] > epoch 33, lrate 0.300000, validation error 36.792186 (%)
[2015-05-29 21:05:56.019810] > epoch 34, training error 28.584726 (%)
[2015-05-29 21:05:58.776737] > epoch 34, lrate 0.300000, validation error 36.912514 (%)
[2015-05-29 21:06:15.660572] > epoch 35, training error 28.550886 (%)
[2015-05-29 21:06:18.463505] > epoch 35, lrate 0.300000, validation error 36.981968 (%)
[2015-05-29 21:06:35.433938] > epoch 36, training error 28.478373 (%)
[2015-05-29 21:06:38.287270] > epoch 36, lrate 0.300000, validation error 37.005857 (%)
[2015-05-29 21:06:55.337728] > epoch 37, training error 28.469652 (%)
[2015-05-29 21:06:58.138892] > epoch 37, lrate 0.300000, validation error 37.349368 (%)
[2015-05-29 21:07:15.128730] > epoch 38, training error 28.409367 (%)
[2015-05-29 21:07:17.894499] > epoch 38, lrate 0.300000, validation error 37.158480 (%)
[2015-05-29 21:07:34.720085] > epoch 39, training error 28.355053 (%)
[2015-05-29 21:07:37.545371] > epoch 39, lrate 0.300000, validation error 36.984623 (%)
[2015-05-29 21:07:54.737784] > epoch 40, training error 28.320455 (%)
[2015-05-29 21:07:57.575337] > epoch 40, lrate 0.300000, validation error 36.863852 (%)
[2015-05-29 21:08:14.647052] > epoch 41, training error 28.323772 (%)
[2015-05-29 21:08:17.407280] > epoch 41, lrate 0.300000, validation error 37.249832 (%)
[2015-05-29 21:08:34.256042] > epoch 42, training error 28.261022 (%)
[2015-05-29 21:08:37.032502] > epoch 42, lrate 0.300000, validation error 36.988383 (%)
[2015-05-29 21:08:53.989173] > epoch 43, training error 28.299222 (%)
[2015-05-29 21:08:56.759457] > epoch 43, lrate 0.300000, validation error 36.808775 (%)
[2015-05-29 21:09:13.659354] > epoch 44, training error 28.249837 (%)
[2015-05-29 21:09:16.420377] > epoch 44, lrate 0.300000, validation error 37.087698 (%)
[2015-05-29 21:09:33.258839] > epoch 45, training error 28.193058 (%)
[2015-05-29 21:09:36.025923] > epoch 45, lrate 0.300000, validation error 36.732243 (%)
[2015-05-29 21:09:52.856508] > epoch 46, training error 28.186518 (%)
[2015-05-29 21:09:55.638830] > epoch 46, lrate 0.300000, validation error 36.518571 (%)
[2015-05-29 21:10:12.839398] > epoch 47, training error 28.151920 (%)
[2015-05-29 21:10:15.642169] > epoch 47, lrate 0.300000, validation error 36.982853 (%)
[2015-05-29 21:10:32.513931] > epoch 48, training error 28.188888 (%)
[2015-05-29 21:10:35.319359] > epoch 48, lrate 0.300000, validation error 36.789974 (%)
[2015-05-29 21:10:52.184449] > epoch 49, training error 28.016562 (%)
[2015-05-29 21:10:54.949984] > epoch 49, lrate 0.300000, validation error 36.782453 (%)
[2015-05-29 21:11:12.001538] > epoch 50, training error 28.056468 (%)
[2015-05-29 21:11:14.764731] > epoch 50, lrate 0.300000, validation error 36.457522 (%)
[2015-05-29 21:11:31.770112] > epoch 51, training error 28.084146 (%)
[2015-05-29 21:11:34.530164] > epoch 51, lrate 0.300000, validation error 36.958301 (%)
[2015-05-29 21:11:51.570009] > epoch 52, training error 28.054667 (%)
[2015-05-29 21:11:54.373963] > epoch 52, lrate 0.300000, validation error 36.619435 (%)
[2015-05-29 21:12:11.314460] > epoch 53, training error 27.997035 (%)
[2015-05-29 21:12:14.077632] > epoch 53, lrate 0.300000, validation error 36.340291 (%)
[2015-05-29 21:12:31.073082] > epoch 54, training error 27.949641 (%)
[2015-05-29 21:12:33.837641] > epoch 54, lrate 0.300000, validation error 36.624301 (%)
[2015-05-29 21:12:50.830024] > epoch 55, training error 27.843761 (%)
[2015-05-29 21:12:53.596555] > epoch 55, lrate 0.300000, validation error 36.188332 (%)
[2015-05-29 21:13:10.432914] > epoch 56, training error 28.010685 (%)
[2015-05-29 21:13:13.201025] > epoch 56, lrate 0.300000, validation error 36.057607 (%)
[2015-05-29 21:13:30.221824] > epoch 57, training error 28.041396 (%)
[2015-05-29 21:13:32.983314] > epoch 57, lrate 0.300000, validation error 36.437173 (%)
[2015-05-29 21:13:49.864702] > epoch 58, training error 28.065378 (%)
[2015-05-29 21:13:52.631709] > epoch 58, lrate 0.300000, validation error 36.235446 (%)
[2015-05-29 21:14:09.529892] > epoch 59, training error 27.948503 (%)
[2015-05-29 21:14:12.297626] > epoch 59, lrate 0.300000, validation error 36.315738 (%)
[2015-05-29 21:14:29.479556] > epoch 60, training error 27.937223 (%)
[2015-05-29 21:14:32.278380] > epoch 60, lrate 0.300000, validation error 36.358649 (%)
[2015-05-29 21:14:49.188474] > epoch 61, training error 27.961205 (%)
[2015-05-29 21:14:51.952899] > epoch 61, lrate 0.300000, validation error 36.230137 (%)
[2015-05-29 21:15:08.849095] > epoch 62, training error 27.895421 (%)
[2015-05-29 21:15:11.609148] > epoch 62, lrate 0.300000, validation error 36.635139 (%)
[2015-05-29 21:15:28.771371] > epoch 63, training error 27.836557 (%)
[2015-05-29 21:15:31.533787] > epoch 63, lrate 0.300000, validation error 36.229031 (%)
[2015-05-29 21:15:48.813287] > epoch 64, training error 27.862719 (%)
[2015-05-29 21:15:51.566862] > epoch 64, lrate 0.300000, validation error 36.635361 (%)
[2015-05-29 21:16:08.326847] > epoch 65, training error 27.824898 (%)
[2015-05-29 21:16:11.084166] > epoch 65, lrate 0.300000, validation error 36.423238 (%)
[2015-05-29 21:16:27.878512] > epoch 66, training error 27.837695 (%)
[2015-05-29 21:16:30.643606] > epoch 66, lrate 0.300000, validation error 36.248054 (%)
[2015-05-29 21:16:47.526870] > epoch 67, training error 27.809258 (%)
[2015-05-29 21:16:50.324925] > epoch 67, lrate 0.300000, validation error 36.412842 (%)
[2015-05-29 21:17:07.170927] > epoch 68, training error 27.787646 (%)
[2015-05-29 21:17:09.969790] > epoch 68, lrate 0.300000, validation error 36.476324 (%)
[2015-05-29 21:17:26.925465] > epoch 69, training error 27.808784 (%)
[2015-05-29 21:17:29.689981] > epoch 69, lrate 0.300000, validation error 36.806342 (%)
[2015-05-29 21:17:46.512163] > epoch 70, training error 27.719209 (%)
[2015-05-29 21:17:49.269729] > epoch 70, lrate 0.300000, validation error 36.357986 (%)
[2015-05-29 21:18:06.066919] > epoch 71, training error 27.734185 (%)
[2015-05-29 21:18:08.829600] > epoch 71, lrate 0.300000, validation error 36.232791 (%)
[2015-05-29 21:18:25.664170] > epoch 72, training error 27.677502 (%)
[2015-05-29 21:18:28.421636] > epoch 72, lrate 0.300000, validation error 36.386741 (%)
[2015-05-29 21:18:45.249140] > epoch 73, training error 27.724043 (%)
[2015-05-29 21:18:47.999557] > epoch 73, lrate 0.300000, validation error 36.272385 (%)
[2015-05-29 21:19:04.833982] > epoch 74, training error 27.718545 (%)
[2015-05-29 21:19:07.632590] > epoch 74, lrate 0.300000, validation error 36.507290 (%)
[2015-05-29 21:19:24.582714] > epoch 75, training error 27.675701 (%)
[2015-05-29 21:19:27.343625] > epoch 75, lrate 0.300000, validation error 36.210672 (%)
[2015-05-29 21:19:44.298921] > epoch 76, training error 27.700061 (%)
[2015-05-29 21:19:47.060479] > epoch 76, lrate 0.300000, validation error 36.393155 (%)
[2015-05-29 21:20:04.018677] > epoch 77, training error 27.622903 (%)
[2015-05-29 21:20:06.788670] > epoch 77, lrate 0.300000, validation error 36.136352 (%)
[2015-05-29 21:20:23.628854] > epoch 78, training error 27.578826 (%)
[2015-05-29 21:20:26.428779] > epoch 78, lrate 0.300000, validation error 36.236773 (%)
[2015-05-29 21:20:43.279452] > epoch 79, training error 27.716176 (%)
[2015-05-29 21:20:46.042394] > epoch 79, lrate 0.300000, validation error 36.588689 (%)
[2015-05-29 21:21:03.171215] > epoch 80, training error 27.619112 (%)
[2015-05-29 21:21:05.922820] > epoch 80, lrate 0.300000, validation error 36.518129 (%)
[2015-05-29 21:21:22.755530] > epoch 81, training error 27.562618 (%)
[2015-05-29 21:21:25.518988] > epoch 81, lrate 0.300000, validation error 36.350244 (%)
[2015-05-29 21:21:42.447549] > epoch 82, training error 27.548115 (%)
[2015-05-29 21:21:45.245448] > epoch 82, lrate 0.300000, validation error 36.253362 (%)
[2015-05-29 21:22:02.091523] > epoch 83, training error 27.576646 (%)
[2015-05-29 21:22:04.890834] > epoch 83, lrate 0.300000, validation error 36.281232 (%)
[2015-05-29 21:22:21.817401] > epoch 84, training error 27.531716 (%)
[2015-05-29 21:22:24.577294] > epoch 84, lrate 0.300000, validation error 36.327240 (%)
[2015-05-29 21:22:41.454435] > epoch 85, training error 27.539015 (%)
[2015-05-29 21:22:44.254898] > epoch 85, lrate 0.300000, validation error 36.677608 (%)
[2015-05-29 21:23:01.180840] > epoch 86, training error 27.572665 (%)
[2015-05-29 21:23:03.941987] > epoch 86, lrate 0.300000, validation error 36.438500 (%)
[2015-05-29 21:23:20.871415] > epoch 87, training error 27.543755 (%)
[2015-05-29 21:23:23.627373] > epoch 87, lrate 0.300000, validation error 36.412399 (%)
[2015-05-29 21:23:40.804777] > epoch 88, training error 27.531527 (%)
[2015-05-29 21:23:43.567979] > epoch 88, lrate 0.300000, validation error 36.247390 (%)
[2015-05-29 21:24:00.377982] > epoch 89, training error 27.534276 (%)
[2015-05-29 21:24:03.143805] > epoch 89, lrate 0.300000, validation error 36.407091 (%)
[2015-05-29 21:24:19.935983] > epoch 90, training error 27.560343 (%)
[2015-05-29 21:24:22.691362] > epoch 90, lrate 0.300000, validation error 36.375681 (%)
[2015-05-29 21:24:39.481953] > epoch 91, training error 27.552759 (%)
[2015-05-29 21:24:42.234590] > epoch 91, lrate 0.300000, validation error 36.569445 (%)
[2015-05-29 21:24:58.993874] > epoch 92, training error 27.522237 (%)
[2015-05-29 21:25:01.791856] > epoch 92, lrate 0.300000, validation error 36.465706 (%)
[2015-05-29 21:25:18.781689] > epoch 93, training error 27.533138 (%)
[2015-05-29 21:25:21.582400] > epoch 93, lrate 0.300000, validation error 36.385856 (%)
[2015-05-29 21:25:38.429263] > epoch 94, training error 27.450577 (%)
[2015-05-29 21:25:41.229440] > epoch 94, lrate 0.300000, validation error 36.382759 (%)
[2015-05-29 21:25:58.054379] > epoch 95, training error 27.449250 (%)
[2015-05-29 21:26:00.818625] > epoch 95, lrate 0.300000, validation error 36.466591 (%)
[2015-05-29 21:26:17.774875] > epoch 96, training error 27.445553 (%)
[2015-05-29 21:26:20.562146] > epoch 96, lrate 0.300000, validation error 36.431200 (%)
[2015-05-29 21:26:37.501342] > epoch 97, training error 27.418254 (%)
[2015-05-29 21:26:40.304175] > epoch 97, lrate 0.300000, validation error 36.379220 (%)
[2015-05-29 21:26:57.151828] > epoch 98, training error 27.389438 (%)
[2015-05-29 21:26:59.920028] > epoch 98, lrate 0.300000, validation error 36.336309 (%)
[2015-05-29 21:27:16.768586] > epoch 99, training error 27.476454 (%)
[2015-05-29 21:27:19.570691] > epoch 99, lrate 0.300000, validation error 36.206691 (%)
[2015-05-29 21:27:36.625314] > epoch 100, training error 27.393609 (%)
[2015-05-29 21:27:39.385180] > epoch 100, lrate 0.300000, validation error 36.296052 (%)
[2015-05-29 21:27:39.427175] > ... the final PDNN model parameter is dnn128_128_128_0.3_100.param
[2015-05-29 21:27:39.428660] > ... the final PDNN model config is dnn128_128_128_0.3_100.cfg
