Using gpu device 0: GeForce GT 520M
[2015-05-31 12:16:00.477052] > ... building the model
[2015-05-31 12:16:00.698457] > ... getting the finetuning functions
[2015-05-31 12:16:03.485287] > ... finetuning the model
[2015-05-31 12:16:30.980025] > epoch 1, training error 31.565647 (%)
[2015-05-31 12:16:37.397145] > epoch 1, lrate 0.300000, validation error 33.799459 (%)
[2015-05-31 12:16:58.866770] > epoch 2, training error 27.832766 (%)
[2015-05-31 12:17:00.857444] > epoch 2, lrate 0.300000, validation error 33.079036 (%)
[2015-05-31 12:17:16.945479] > epoch 3, training error 26.841464 (%)
[2015-05-31 12:17:20.513861] > epoch 3, lrate 0.300000, validation error 32.646164 (%)
[2015-05-31 12:17:34.965860] > epoch 4, training error 26.318798 (%)
[2015-05-31 12:17:37.525265] > epoch 4, lrate 0.300000, validation error 32.417894 (%)
[2015-05-31 12:17:56.945043] > epoch 5, training error 25.953102 (%)
[2015-05-31 12:18:01.298573] > epoch 5, lrate 0.300000, validation error 32.267925 (%)
[2015-05-31 12:18:21.512362] > epoch 6, training error 25.710253 (%)
[2015-05-31 12:18:24.775347] > epoch 6, lrate 0.300000, validation error 32.141182 (%)
[2015-05-31 12:18:40.026236] > epoch 7, training error 25.507310 (%)
[2015-05-31 12:18:42.022779] > epoch 7, lrate 0.300000, validation error 32.045185 (%)
[2015-05-31 12:18:53.987014] > epoch 8, training error 25.345411 (%)
[2015-05-31 12:18:56.009797] > epoch 8, lrate 0.300000, validation error 31.942773 (%)
[2015-05-31 12:19:08.068843] > epoch 9, training error 25.205028 (%)
[2015-05-31 12:19:10.064264] > epoch 9, lrate 0.300000, validation error 31.830850 (%)
[2015-05-31 12:19:23.369657] > epoch 10, training error 25.081992 (%)
[2015-05-31 12:19:26.751392] > epoch 10, lrate 0.300000, validation error 31.763608 (%)
[2015-05-31 12:19:41.090418] > epoch 11, training error 24.978767 (%)
[2015-05-31 12:19:43.084646] > epoch 11, lrate 0.300000, validation error 31.711406 (%)
[2015-05-31 12:19:56.910387] > epoch 12, training error 24.898955 (%)
[2015-05-31 12:19:58.913860] > epoch 12, lrate 0.300000, validation error 31.706983 (%)
[2015-05-31 12:20:10.880746] > epoch 13, training error 24.798479 (%)
[2015-05-31 12:20:13.083144] > epoch 13, lrate 0.300000, validation error 31.703444 (%)
[2015-05-31 12:20:31.822216] > epoch 14, training error 24.724354 (%)
[2015-05-31 12:20:34.221459] > epoch 14, lrate 0.300000, validation error 31.685306 (%)
[2015-05-31 12:20:53.719579] > epoch 15, training error 24.650513 (%)
[2015-05-31 12:20:57.533051] > epoch 15, lrate 0.300000, validation error 31.671592 (%)
[2015-05-31 12:21:18.473101] > epoch 16, training error 24.590702 (%)
[2015-05-31 12:21:22.161632] > epoch 16, lrate 0.300000, validation error 31.655224 (%)
[2015-05-31 12:21:35.455426] > epoch 17, training error 24.522738 (%)
[2015-05-31 12:21:37.437352] > epoch 17, lrate 0.300000, validation error 31.655887 (%)
[2015-05-31 12:21:50.238992] > epoch 18, training error 24.468424 (%)
[2015-05-31 12:21:53.058187] > epoch 18, lrate 0.300000, validation error 31.650357 (%)
[2015-05-31 12:22:07.355676] > epoch 19, training error 24.409655 (%)
[2015-05-31 12:22:10.108398] > epoch 19, lrate 0.300000, validation error 31.672255 (%)
[2015-05-31 12:22:24.929588] > epoch 20, training error 24.352308 (%)
[2015-05-31 12:22:28.474810] > epoch 20, lrate 0.300000, validation error 31.678006 (%)
[2015-05-31 12:22:42.442074] > epoch 21, training error 24.306525 (%)
[2015-05-31 12:22:44.504290] > epoch 21, lrate 0.300000, validation error 31.700789 (%)
[2015-05-31 12:22:59.698538] > epoch 22, training error 24.264533 (%)
[2015-05-31 12:23:03.154944] > epoch 22, lrate 0.300000, validation error 31.699904 (%)
[2015-05-31 12:23:18.196379] > epoch 23, training error 24.226617 (%)
[2015-05-31 12:23:21.627173] > epoch 23, lrate 0.300000, validation error 31.687960 (%)
[2015-05-31 12:23:36.798176] > epoch 24, training error 24.187754 (%)
[2015-05-31 12:23:40.314119] > epoch 24, lrate 0.300000, validation error 31.681767 (%)
[2015-05-31 12:23:55.358601] > epoch 25, training error 24.144909 (%)
[2015-05-31 12:23:57.432246] > epoch 25, lrate 0.300000, validation error 31.674246 (%)
[2015-05-31 12:24:12.795009] > epoch 26, training error 24.112113 (%)
[2015-05-31 12:24:14.848768] > epoch 26, lrate 0.300000, validation error 31.660311 (%)
[2015-05-31 12:24:29.697009] > epoch 27, training error 24.070879 (%)
[2015-05-31 12:24:31.749421] > epoch 27, lrate 0.300000, validation error 31.651463 (%)
[2015-05-31 12:24:45.287746] > epoch 28, training error 24.044338 (%)
[2015-05-31 12:24:47.356322] > epoch 28, lrate 0.300000, validation error 31.655887 (%)
[2015-05-31 12:25:00.951319] > epoch 29, training error 24.019409 (%)
[2015-05-31 12:25:03.014974] > epoch 29, lrate 0.300000, validation error 31.630671 (%)
[2015-05-31 12:25:17.703321] > epoch 30, training error 23.987655 (%)
[2015-05-31 12:25:19.717583] > epoch 30, lrate 0.300000, validation error 31.637086 (%)
[2015-05-31 12:25:33.026115] > epoch 31, training error 23.959787 (%)
[2015-05-31 12:25:35.077677] > epoch 31, lrate 0.300000, validation error 31.618727 (%)
[2015-05-31 12:25:47.211282] > epoch 32, training error 23.925947 (%)
[2015-05-31 12:25:49.214292] > epoch 32, lrate 0.300000, validation error 31.622045 (%)
[2015-05-31 12:26:02.379268] > epoch 33, training error 23.904240 (%)
[2015-05-31 12:26:04.386841] > epoch 33, lrate 0.300000, validation error 31.623372 (%)
[2015-05-31 12:26:16.448654] > epoch 34, training error 23.870496 (%)
[2015-05-31 12:26:18.454356] > epoch 34, lrate 0.300000, validation error 31.634653 (%)
[2015-05-31 12:26:30.473559] > epoch 35, training error 23.841964 (%)
[2015-05-31 12:26:32.478517] > epoch 35, lrate 0.300000, validation error 31.628681 (%)
[2015-05-31 12:26:44.387957] > epoch 36, training error 23.814855 (%)
[2015-05-31 12:26:46.446137] > epoch 36, lrate 0.300000, validation error 31.635759 (%)
[2015-05-31 12:26:58.469377] > epoch 37, training error 23.789451 (%)
[2015-05-31 12:27:00.470992] > epoch 37, lrate 0.300000, validation error 31.626911 (%)
[2015-05-31 12:27:13.852126] > epoch 38, training error 23.769545 (%)
[2015-05-31 12:27:15.849762] > epoch 38, lrate 0.300000, validation error 31.634653 (%)
[2015-05-31 12:27:27.949429] > epoch 39, training error 23.743479 (%)
[2015-05-31 12:27:29.958841] > epoch 39, lrate 0.300000, validation error 31.649473 (%)
[2015-05-31 12:27:41.985012] > epoch 40, training error 23.722341 (%)
[2015-05-31 12:27:44.037104] > epoch 40, lrate 0.300000, validation error 31.655887 (%)
[2015-05-31 12:27:55.951314] > epoch 41, training error 23.699402 (%)
[2015-05-31 12:27:58.014779] > epoch 41, lrate 0.300000, validation error 31.674910 (%)
[2015-05-31 12:28:09.959723] > epoch 42, training error 23.689354 (%)
[2015-05-31 12:28:12.010568] > epoch 42, lrate 0.300000, validation error 31.694375 (%)
[2015-05-31 12:28:24.014319] > epoch 43, training error 23.670396 (%)
[2015-05-31 12:28:26.012302] > epoch 43, lrate 0.300000, validation error 31.697471 (%)
[2015-05-31 12:28:37.955896] > epoch 44, training error 23.649353 (%)
[2015-05-31 12:28:40.007074] > epoch 44, lrate 0.300000, validation error 31.719591 (%)
[2015-05-31 12:28:51.977925] > epoch 45, training error 23.631438 (%)
[2015-05-31 12:28:53.996637] > epoch 45, lrate 0.300000, validation error 31.716715 (%)
[2015-05-31 12:29:05.918134] > epoch 46, training error 23.613997 (%)
[2015-05-31 12:29:07.914170] > epoch 46, lrate 0.300000, validation error 31.715167 (%)
[2015-05-31 12:29:19.823233] > epoch 47, training error 23.599020 (%)
[2015-05-31 12:29:21.834670] > epoch 47, lrate 0.300000, validation error 31.703665 (%)
[2015-05-31 12:29:33.993240] > epoch 48, training error 23.579209 (%)
[2015-05-31 12:29:36.048133] > epoch 48, lrate 0.300000, validation error 31.698798 (%)
[2015-05-31 12:29:47.994734] > epoch 49, training error 23.564991 (%)
[2015-05-31 12:29:49.989591] > epoch 49, lrate 0.300000, validation error 31.687739 (%)
[2015-05-31 12:30:02.135395] > epoch 50, training error 23.554185 (%)
[2015-05-31 12:30:04.131928] > epoch 50, lrate 0.300000, validation error 31.684863 (%)
[2015-05-31 12:30:16.045431] > epoch 51, training error 23.538640 (%)
[2015-05-31 12:30:18.096691] > epoch 51, lrate 0.300000, validation error 31.677785 (%)
[2015-05-31 12:30:29.996539] > epoch 52, training error 23.527075 (%)
[2015-05-31 12:30:31.985483] > epoch 52, lrate 0.300000, validation error 31.659205 (%)
[2015-05-31 12:30:43.940705] > epoch 53, training error 23.514279 (%)
[2015-05-31 12:30:45.930189] > epoch 53, lrate 0.300000, validation error 31.654781 (%)
[2015-05-31 12:30:57.855126] > epoch 54, training error 23.489729 (%)
[2015-05-31 12:30:59.850484] > epoch 54, lrate 0.300000, validation error 31.633326 (%)
[2015-05-31 12:31:12.134487] > epoch 55, training error 23.481861 (%)
[2015-05-31 12:31:14.381617] > epoch 55, lrate 0.300000, validation error 31.599483 (%)
[2015-05-31 12:31:27.380510] > epoch 56, training error 23.472951 (%)
[2015-05-31 12:31:29.419331] > epoch 56, lrate 0.300000, validation error 31.572940 (%)
[2015-05-31 12:31:41.738994] > epoch 57, training error 23.464515 (%)
[2015-05-31 12:31:43.757937] > epoch 57, lrate 0.300000, validation error 31.569622 (%)
[2015-05-31 12:31:55.743801] > epoch 58, training error 23.454467 (%)
[2015-05-31 12:31:57.720940] > epoch 58, lrate 0.300000, validation error 31.560332 (%)
[2015-05-31 12:32:09.535542] > epoch 59, training error 23.453519 (%)
[2015-05-31 12:32:11.511883] > epoch 59, lrate 0.300000, validation error 31.544185 (%)
[2015-05-31 12:32:23.358121] > epoch 60, training error 23.441955 (%)
[2015-05-31 12:32:25.337221] > epoch 60, lrate 0.300000, validation error 31.530029 (%)
[2015-05-31 12:32:37.258831] > epoch 61, training error 23.430391 (%)
[2015-05-31 12:32:39.262559] > epoch 61, lrate 0.300000, validation error 31.515209 (%)
[2015-05-31 12:32:51.195430] > epoch 62, training error 23.423376 (%)
[2015-05-31 12:32:53.209825] > epoch 62, lrate 0.300000, validation error 31.506804 (%)
[2015-05-31 12:33:05.154865] > epoch 63, training error 23.408589 (%)
[2015-05-31 12:33:07.138768] > epoch 63, lrate 0.300000, validation error 31.503486 (%)
[2015-05-31 12:33:19.106808] > epoch 64, training error 23.395603 (%)
[2015-05-31 12:33:21.093110] > epoch 64, lrate 0.300000, validation error 31.496187 (%)
[2015-05-31 12:33:33.816761] > epoch 65, training error 23.384608 (%)
[2015-05-31 12:33:35.858137] > epoch 65, lrate 0.300000, validation error 31.487781 (%)
[2015-05-31 12:33:48.916877] > epoch 66, training error 23.376077 (%)
[2015-05-31 12:33:50.952986] > epoch 66, lrate 0.300000, validation error 31.479818 (%)
[2015-05-31 12:34:03.277567] > epoch 67, training error 23.369726 (%)
[2015-05-31 12:34:05.424007] > epoch 67, lrate 0.300000, validation error 31.467653 (%)
[2015-05-31 12:34:17.625752] > epoch 68, training error 23.362996 (%)
[2015-05-31 12:34:19.602054] > epoch 68, lrate 0.300000, validation error 31.467211 (%)
[2015-05-31 12:34:31.364263] > epoch 69, training error 23.355034 (%)
[2015-05-31 12:34:33.343283] > epoch 69, lrate 0.300000, validation error 31.459690 (%)
[2015-05-31 12:34:45.163550] > epoch 70, training error 23.344891 (%)
[2015-05-31 12:34:47.139551] > epoch 70, lrate 0.300000, validation error 31.453718 (%)
[2015-05-31 12:34:58.955007] > epoch 71, training error 23.337024 (%)
[2015-05-31 12:35:00.930324] > epoch 71, lrate 0.300000, validation error 31.451727 (%)
[2015-05-31 12:35:12.751740] > epoch 72, training error 23.321952 (%)
[2015-05-31 12:35:14.779613] > epoch 72, lrate 0.300000, validation error 31.444207 (%)
[2015-05-31 12:35:26.537858] > epoch 73, training error 23.313895 (%)
[2015-05-31 12:35:28.519418] > epoch 73, lrate 0.300000, validation error 31.418548 (%)
[2015-05-31 12:35:40.337810] > epoch 74, training error 23.302805 (%)
[2015-05-31 12:35:42.362746] > epoch 74, lrate 0.300000, validation error 31.410364 (%)
[2015-05-31 12:35:54.176925] > epoch 75, training error 23.300246 (%)
[2015-05-31 12:35:56.155901] > epoch 75, lrate 0.300000, validation error 31.405719 (%)
[2015-05-31 12:36:07.955671] > epoch 76, training error 23.287354 (%)
[2015-05-31 12:36:09.928851] > epoch 76, lrate 0.300000, validation error 31.388245 (%)
[2015-05-31 12:36:21.696560] > epoch 77, training error 23.286407 (%)
[2015-05-31 12:36:23.727557] > epoch 77, lrate 0.300000, validation error 31.380061 (%)
[2015-05-31 12:36:35.545611] > epoch 78, training error 23.278729 (%)
[2015-05-31 12:36:37.574576] > epoch 78, lrate 0.300000, validation error 31.383821 (%)
[2015-05-31 12:36:49.333420] > epoch 79, training error 23.267923 (%)
[2015-05-31 12:36:51.364619] > epoch 79, lrate 0.300000, validation error 31.376079 (%)
[2015-05-31 12:37:03.257471] > epoch 80, training error 23.255790 (%)
[2015-05-31 12:37:05.286859] > epoch 80, lrate 0.300000, validation error 31.374531 (%)
[2015-05-31 12:37:17.057822] > epoch 81, training error 23.242330 (%)
[2015-05-31 12:37:19.038996] > epoch 81, lrate 0.300000, validation error 31.371434 (%)
[2015-05-31 12:37:30.794809] > epoch 82, training error 23.234936 (%)
[2015-05-31 12:37:32.766564] > epoch 82, lrate 0.300000, validation error 31.377185 (%)
[2015-05-31 12:37:44.530510] > epoch 83, training error 23.223088 (%)
[2015-05-31 12:37:46.559394] > epoch 83, lrate 0.300000, validation error 31.377185 (%)
[2015-05-31 12:37:58.321774] > epoch 84, training error 23.215315 (%)
[2015-05-31 12:38:00.296952] > epoch 84, lrate 0.300000, validation error 31.382494 (%)
[2015-05-31 12:38:12.056389] > epoch 85, training error 23.212092 (%)
[2015-05-31 12:38:14.040313] > epoch 85, lrate 0.300000, validation error 31.382494 (%)
[2015-05-31 12:38:25.847172] > epoch 86, training error 23.203371 (%)
[2015-05-31 12:38:27.823670] > epoch 86, lrate 0.300000, validation error 31.391563 (%)
[2015-05-31 12:38:40.013090] > epoch 87, training error 23.193608 (%)
[2015-05-31 12:38:41.997765] > epoch 87, lrate 0.300000, validation error 31.397756 (%)
[2015-05-31 12:38:53.781310] > epoch 88, training error 23.189911 (%)
[2015-05-31 12:38:55.762269] > epoch 88, lrate 0.300000, validation error 31.413240 (%)
[2015-05-31 12:39:07.634907] > epoch 89, training error 23.179674 (%)
[2015-05-31 12:39:09.621574] > epoch 89, lrate 0.300000, validation error 31.419654 (%)
[2015-05-31 12:39:21.624839] > epoch 90, training error 23.174366 (%)
[2015-05-31 12:39:23.608680] > epoch 90, lrate 0.300000, validation error 31.432041 (%)
[2015-05-31 12:39:35.610774] > epoch 91, training error 23.165456 (%)
[2015-05-31 12:39:37.592958] > epoch 91, lrate 0.300000, validation error 31.441331 (%)
[2015-05-31 12:39:49.412499] > epoch 92, training error 23.164982 (%)
[2015-05-31 12:39:51.388733] > epoch 92, lrate 0.300000, validation error 31.439783 (%)
[2015-05-31 12:40:03.192756] > epoch 93, training error 23.158442 (%)
[2015-05-31 12:40:05.176125] > epoch 93, lrate 0.300000, validation error 31.449294 (%)
[2015-05-31 12:40:17.179035] > epoch 94, training error 23.150669 (%)
[2015-05-31 12:40:19.158554] > epoch 94, lrate 0.300000, validation error 31.455709 (%)
[2015-05-31 12:40:31.010630] > epoch 95, training error 23.148110 (%)
[2015-05-31 12:40:32.991571] > epoch 95, lrate 0.300000, validation error 31.464777 (%)
[2015-05-31 12:40:44.850539] > epoch 96, training error 23.144887 (%)
[2015-05-31 12:40:46.830758] > epoch 96, lrate 0.300000, validation error 31.476058 (%)
[2015-05-31 12:40:58.620963] > epoch 97, training error 23.142517 (%)
[2015-05-31 12:41:00.650094] > epoch 97, lrate 0.300000, validation error 31.476058 (%)
[2015-05-31 12:41:12.410168] > epoch 98, training error 23.129720 (%)
[2015-05-31 12:41:14.383467] > epoch 98, lrate 0.300000, validation error 31.486233 (%)
[2015-05-31 12:41:26.180842] > epoch 99, training error 23.121569 (%)
[2015-05-31 12:41:28.157423] > epoch 99, lrate 0.300000, validation error 31.491763 (%)
[2015-05-31 12:41:40.028661] > epoch 100, training error 23.120526 (%)
[2015-05-31 12:41:42.059956] > epoch 100, lrate 0.300000, validation error 31.496850 (%)
[2015-05-31 12:41:42.085081] > ... the final PDNN model parameter is dnn128_128_0.3_100_norm.param
[2015-05-31 12:41:42.103817] > ... the final PDNN model config is dnn128_128_0.3_100_norm.cfg
