Using gpu device 0: GeForce GT 520M
[2015-05-29 17:22:14.628417] > ... building the model
[2015-05-29 17:22:14.637990] > ... getting the finetuning functions
[2015-05-29 17:22:15.533409] > ... finetuning the model
[2015-05-29 17:22:34.548801] > epoch 1, training error 34.720600 (%)
[2015-05-29 17:22:37.406049] > epoch 1, lrate 0.300000, validation error 38.814101 (%)
[2015-05-29 17:22:55.418886] > epoch 2, training error 31.652284 (%)
[2015-05-29 17:22:58.065094] > epoch 2, lrate 0.300000, validation error 38.681829 (%)
[2015-05-29 17:23:16.535938] > epoch 3, training error 30.751600 (%)
[2015-05-29 17:23:19.193262] > epoch 3, lrate 0.300000, validation error 38.362206 (%)
[2015-05-29 17:23:37.198584] > epoch 4, training error 30.317941 (%)
[2015-05-29 17:23:39.799017] > epoch 4, lrate 0.300000, validation error 38.464176 (%)
[2015-05-29 17:23:57.777526] > epoch 5, training error 30.095187 (%)
[2015-05-29 17:24:00.406004] > epoch 5, lrate 0.300000, validation error 37.650189 (%)
[2015-05-29 17:24:18.626161] > epoch 6, training error 29.691481 (%)
[2015-05-29 17:24:21.215613] > epoch 6, lrate 0.300000, validation error 37.634485 (%)
[2015-05-29 17:24:38.938429] > epoch 7, training error 29.527212 (%)
[2015-05-29 17:24:41.547224] > epoch 7, lrate 0.300000, validation error 36.712778 (%)
[2015-05-29 17:24:59.271812] > epoch 8, training error 29.297539 (%)
[2015-05-29 17:25:01.853366] > epoch 8, lrate 0.300000, validation error 37.271288 (%)
[2015-05-29 17:25:19.541067] > epoch 9, training error 29.062083 (%)
[2015-05-29 17:25:22.127657] > epoch 9, lrate 0.300000, validation error 37.094334 (%)
[2015-05-29 17:25:40.248879] > epoch 10, training error 29.045400 (%)
[2015-05-29 17:25:42.830389] > epoch 10, lrate 0.300000, validation error 37.085707 (%)
[2015-05-29 17:26:00.446162] > epoch 11, training error 29.026158 (%)
[2015-05-29 17:26:03.028321] > epoch 11, lrate 0.300000, validation error 37.103624 (%)
[2015-05-29 17:26:20.640373] > epoch 12, training error 28.893169 (%)
[2015-05-29 17:26:23.193821] > epoch 12, lrate 0.300000, validation error 37.193649 (%)
[2015-05-29 17:26:40.691511] > epoch 13, training error 28.775441 (%)
[2015-05-29 17:26:43.279959] > epoch 13, lrate 0.300000, validation error 37.061819 (%)
[2015-05-29 17:27:01.479043] > epoch 14, training error 28.619514 (%)
[2015-05-29 17:27:04.191438] > epoch 14, lrate 0.300000, validation error 36.805678 (%)
[2015-05-29 17:27:22.432956] > epoch 15, training error 28.629940 (%)
[2015-05-29 17:27:25.032861] > epoch 15, lrate 0.300000, validation error 37.081505 (%)
[2015-05-29 17:27:43.126148] > epoch 16, training error 28.605864 (%)
[2015-05-29 17:27:45.704790] > epoch 16, lrate 0.300000, validation error 36.588910 (%)
[2015-05-29 17:28:03.679196] > epoch 17, training error 28.512307 (%)
[2015-05-29 17:28:06.344858] > epoch 17, lrate 0.300000, validation error 36.292071 (%)
[2015-05-29 17:28:24.096449] > epoch 18, training error 28.460742 (%)
[2015-05-29 17:28:26.647988] > epoch 18, lrate 0.300000, validation error 36.357765 (%)
[2015-05-29 17:28:44.153276] > epoch 19, training error 28.283392 (%)
[2015-05-29 17:28:46.733039] > epoch 19, lrate 0.300000, validation error 36.221289 (%)
[2015-05-29 17:29:04.375509] > epoch 20, training error 28.226140 (%)
[2015-05-29 17:29:06.947916] > epoch 20, lrate 0.300000, validation error 36.451108 (%)
[2015-05-29 17:29:25.074977] > epoch 21, training error 28.185191 (%)
[2015-05-29 17:29:27.659908] > epoch 21, lrate 0.300000, validation error 36.500434 (%)
[2015-05-29 17:29:45.379249] > epoch 22, training error 28.157418 (%)
[2015-05-29 17:29:47.993302] > epoch 22, lrate 0.300000, validation error 36.047211 (%)
[2015-05-29 17:30:05.762522] > epoch 23, training error 28.093625 (%)
[2015-05-29 17:30:08.382776] > epoch 23, lrate 0.300000, validation error 36.279242 (%)
[2015-05-29 17:30:26.599899] > epoch 24, training error 28.084999 (%)
[2015-05-29 17:30:29.256633] > epoch 24, lrate 0.300000, validation error 36.144314 (%)
[2015-05-29 17:30:48.144889] > epoch 25, training error 27.979878 (%)
[2015-05-29 17:30:50.789440] > epoch 25, lrate 0.300000, validation error 36.173291 (%)
[2015-05-29 17:31:09.013627] > epoch 26, training error 27.994950 (%)
[2015-05-29 17:31:11.661257] > epoch 26, lrate 0.300000, validation error 36.336309 (%)
[2015-05-29 17:31:29.254696] > epoch 27, training error 27.862624 (%)
[2015-05-29 17:31:31.806943] > epoch 27, lrate 0.300000, validation error 35.995231 (%)
[2015-05-29 17:31:49.412495] > epoch 28, training error 27.802718 (%)
[2015-05-29 17:31:51.970603] > epoch 28, lrate 0.300000, validation error 35.890828 (%)
[2015-05-29 17:32:09.501389] > epoch 29, training error 27.806888 (%)
[2015-05-29 17:32:12.080782] > epoch 29, lrate 0.300000, validation error 35.992356 (%)
[2015-05-29 17:32:29.624365] > epoch 30, training error 27.726508 (%)
[2015-05-29 17:32:32.199664] > epoch 30, lrate 0.300000, validation error 36.240754 (%)
[2015-05-29 17:32:49.701861] > epoch 31, training error 27.732384 (%)
[2015-05-29 17:32:52.270094] > epoch 31, lrate 0.300000, validation error 35.944799 (%)
[2015-05-29 17:33:10.122473] > epoch 32, training error 27.697597 (%)
[2015-05-29 17:33:12.709626] > epoch 32, lrate 0.300000, validation error 35.776915 (%)
[2015-05-29 17:33:30.557888] > epoch 33, training error 27.712289 (%)
[2015-05-29 17:33:33.120815] > epoch 33, lrate 0.300000, validation error 35.992577 (%)
[2015-05-29 17:33:51.188486] > epoch 34, training error 27.755797 (%)
[2015-05-29 17:33:53.800246] > epoch 34, lrate 0.300000, validation error 36.332991 (%)
[2015-05-29 17:34:11.973151] > epoch 35, training error 27.680345 (%)
[2015-05-29 17:34:14.601323] > epoch 35, lrate 0.300000, validation error 35.999655 (%)
[2015-05-29 17:34:32.288828] > epoch 36, training error 27.574371 (%)
[2015-05-29 17:34:34.877256] > epoch 36, lrate 0.300000, validation error 35.985056 (%)
[2015-05-29 17:34:52.554862] > epoch 37, training error 27.554087 (%)
[2015-05-29 17:34:55.104991] > epoch 37, lrate 0.300000, validation error 35.928210 (%)
[2015-05-29 17:35:12.815745] > epoch 38, training error 27.535508 (%)
[2015-05-29 17:35:15.401730] > epoch 38, lrate 0.300000, validation error 36.148738 (%)
[2015-05-29 17:35:33.021011] > epoch 39, training error 27.509915 (%)
[2015-05-29 17:35:35.848434] > epoch 39, lrate 0.300000, validation error 35.856101 (%)
[2015-05-29 17:35:54.135036] > epoch 40, training error 27.508019 (%)
[2015-05-29 17:35:56.715032] > epoch 40, lrate 0.300000, validation error 36.046326 (%)
[2015-05-29 17:36:14.432390] > epoch 41, training error 27.457212 (%)
[2015-05-29 17:36:17.095437] > epoch 41, lrate 0.300000, validation error 36.133034 (%)
[2015-05-29 17:36:34.740524] > epoch 42, training error 27.449250 (%)
[2015-05-29 17:36:37.296289] > epoch 42, lrate 0.300000, validation error 35.861852 (%)
[2015-05-29 17:36:55.101761] > epoch 43, training error 27.488398 (%)
[2015-05-29 17:36:57.689164] > epoch 43, lrate 0.300000, validation error 35.706797 (%)
[2015-05-29 17:37:15.539458] > epoch 44, training error 27.408775 (%)
[2015-05-29 17:37:18.282489] > epoch 44, lrate 0.300000, validation error 36.026198 (%)
[2015-05-29 17:37:36.703422] > epoch 45, training error 27.377590 (%)
[2015-05-29 17:37:39.389511] > epoch 45, lrate 0.300000, validation error 35.692419 (%)
[2015-05-29 17:37:57.656370] > epoch 46, training error 27.337684 (%)
[2015-05-29 17:38:00.274181] > epoch 46, lrate 0.300000, validation error 35.915160 (%)
[2015-05-29 17:38:18.033217] > epoch 47, training error 27.252184 (%)
[2015-05-29 17:38:20.611951] > epoch 47, lrate 0.300000, validation error 35.767182 (%)
[2015-05-29 17:38:38.254211] > epoch 48, training error 27.255502 (%)
[2015-05-29 17:38:40.850942] > epoch 48, lrate 0.300000, validation error 35.847696 (%)
[2015-05-29 17:38:58.517234] > epoch 49, training error 27.253795 (%)
[2015-05-29 17:39:01.079490] > epoch 49, lrate 0.300000, validation error 35.651499 (%)
[2015-05-29 17:39:18.839416] > epoch 50, training error 27.133413 (%)
[2015-05-29 17:39:21.403358] > epoch 50, lrate 0.300000, validation error 35.920026 (%)
[2015-05-29 17:39:39.033960] > epoch 51, training error 27.120617 (%)
[2015-05-29 17:39:41.591821] > epoch 51, lrate 0.300000, validation error 35.879990 (%)
[2015-05-29 17:39:59.298738] > epoch 52, training error 27.136162 (%)
[2015-05-29 17:40:01.891876] > epoch 52, lrate 0.300000, validation error 35.868488 (%)
[2015-05-29 17:40:19.612090] > epoch 53, training error 27.123461 (%)
[2015-05-29 17:40:22.211696] > epoch 53, lrate 0.300000, validation error 35.758998 (%)
[2015-05-29 17:40:39.733497] > epoch 54, training error 27.041753 (%)
[2015-05-29 17:40:42.320508] > epoch 54, lrate 0.300000, validation error 35.772491 (%)
[2015-05-29 17:40:59.876513] > epoch 55, training error 27.095687 (%)
[2015-05-29 17:41:02.458856] > epoch 55, lrate 0.300000, validation error 35.709893 (%)
[2015-05-29 17:41:20.088868] > epoch 56, training error 27.097109 (%)
[2015-05-29 17:41:22.703593] > epoch 56, lrate 0.300000, validation error 35.898570 (%)
[2015-05-29 17:41:40.755359] > epoch 57, training error 27.104598 (%)
[2015-05-29 17:41:43.433711] > epoch 57, lrate 0.300000, validation error 35.691092 (%)
[2015-05-29 17:42:01.431912] > epoch 58, training error 27.121091 (%)
[2015-05-29 17:42:04.147343] > epoch 58, lrate 0.300000, validation error 35.714317 (%)
[2015-05-29 17:42:22.062560] > epoch 59, training error 27.094076 (%)
[2015-05-29 17:42:24.650188] > epoch 59, lrate 0.300000, validation error 35.774482 (%)
[2015-05-29 17:42:42.848299] > epoch 60, training error 27.036634 (%)
[2015-05-29 17:42:45.460541] > epoch 60, lrate 0.300000, validation error 35.939270 (%)
[2015-05-29 17:43:03.891015] > epoch 61, training error 26.986680 (%)
[2015-05-29 17:43:06.512927] > epoch 61, lrate 0.300000, validation error 35.572091 (%)
[2015-05-29 17:43:25.248358] > epoch 62, training error 27.000614 (%)
[2015-05-29 17:43:27.917361] > epoch 62, lrate 0.300000, validation error 35.616772 (%)
[2015-05-29 17:43:46.195009] > epoch 63, training error 27.015022 (%)
[2015-05-29 17:43:48.804239] > epoch 63, lrate 0.300000, validation error 35.562801 (%)
[2015-05-29 17:44:07.025150] > epoch 64, training error 26.991799 (%)
[2015-05-29 17:44:09.609630] > epoch 64, lrate 0.300000, validation error 35.969573 (%)
[2015-05-29 17:44:27.647804] > epoch 65, training error 26.958433 (%)
[2015-05-29 17:44:30.278746] > epoch 65, lrate 0.300000, validation error 35.862074 (%)
[2015-05-29 17:44:47.864495] > epoch 66, training error 26.982510 (%)
[2015-05-29 17:44:50.422943] > epoch 66, lrate 0.300000, validation error 35.818278 (%)
[2015-05-29 17:45:08.109141] > epoch 67, training error 26.999477 (%)
[2015-05-29 17:45:10.699501] > epoch 67, lrate 0.300000, validation error 35.657029 (%)
[2015-05-29 17:45:28.317929] > epoch 68, training error 26.937674 (%)
[2015-05-29 17:45:30.865495] > epoch 68, lrate 0.300000, validation error 35.597528 (%)
[2015-05-29 17:45:48.404261] > epoch 69, training error 26.899001 (%)
[2015-05-29 17:45:50.952541] > epoch 69, lrate 0.300000, validation error 35.447339 (%)
[2015-05-29 17:46:08.505667] > epoch 70, training error 26.842886 (%)
[2015-05-29 17:46:11.141633] > epoch 70, lrate 0.300000, validation error 35.338733 (%)
[2015-05-29 17:46:29.224273] > epoch 71, training error 26.823075 (%)
[2015-05-29 17:46:31.841399] > epoch 71, lrate 0.300000, validation error 35.503964 (%)
[2015-05-29 17:46:49.923758] > epoch 72, training error 26.811510 (%)
[2015-05-29 17:46:52.517165] > epoch 72, lrate 0.300000, validation error 35.745727 (%)
[2015-05-29 17:47:10.052527] > epoch 73, training error 26.776154 (%)
[2015-05-29 17:47:12.632547] > epoch 73, lrate 0.300000, validation error 35.998107 (%)
[2015-05-29 17:47:30.158675] > epoch 74, training error 26.737291 (%)
[2015-05-29 17:47:32.708525] > epoch 74, lrate 0.300000, validation error 35.639997 (%)
[2015-05-29 17:47:50.567964] > epoch 75, training error 26.761651 (%)
[2015-05-29 17:47:53.307782] > epoch 75, lrate 0.300000, validation error 35.570764 (%)
[2015-05-29 17:48:10.937074] > epoch 76, training error 26.684683 (%)
[2015-05-29 17:48:13.637744] > epoch 76, lrate 0.300000, validation error 35.538470 (%)
[2015-05-29 17:48:31.157451] > epoch 77, training error 26.670275 (%)
[2015-05-29 17:48:33.735283] > epoch 77, lrate 0.300000, validation error 35.776251 (%)
[2015-05-29 17:48:51.192148] > epoch 78, training error 26.718712 (%)
[2015-05-29 17:48:53.741398] > epoch 78, lrate 0.300000, validation error 35.791071 (%)
[2015-05-29 17:49:12.024388] > epoch 79, training error 26.720229 (%)
[2015-05-29 17:49:14.993685] > epoch 79, lrate 0.300000, validation error 35.509715 (%)
[2015-05-29 17:49:33.819841] > epoch 80, training error 26.638521 (%)
[2015-05-29 17:49:36.480892] > epoch 80, lrate 0.300000, validation error 36.078842 (%)
[2015-05-29 17:49:54.576552] > epoch 81, training error 26.667905 (%)
[2015-05-29 17:49:57.142522] > epoch 81, lrate 0.300000, validation error 35.357535 (%)
[2015-05-29 17:50:15.557541] > epoch 82, training error 26.554727 (%)
[2015-05-29 17:50:18.202890] > epoch 82, lrate 0.300000, validation error 35.800582 (%)
[2015-05-29 17:50:36.131476] > epoch 83, training error 26.673498 (%)
[2015-05-29 17:50:38.777509] > epoch 83, lrate 0.300000, validation error 35.943251 (%)
[2015-05-29 17:50:57.001215] > epoch 84, training error 26.673498 (%)
[2015-05-29 17:50:59.589834] > epoch 84, lrate 0.300000, validation error 36.332106 (%)
[2015-05-29 17:51:17.787737] > epoch 85, training error 26.686010 (%)
[2015-05-29 17:51:20.537054] > epoch 85, lrate 0.300000, validation error 35.828452 (%)
[2015-05-29 17:51:39.064322] > epoch 86, training error 26.607714 (%)
[2015-05-29 17:51:41.628287] > epoch 86, lrate 0.300000, validation error 35.816508 (%)
[2015-05-29 17:51:59.182241] > epoch 87, training error 26.588946 (%)
[2015-05-29 17:52:01.735820] > epoch 87, lrate 0.300000, validation error 35.930864 (%)
[2015-05-29 17:52:19.280041] > epoch 88, training error 26.618331 (%)
[2015-05-29 17:52:21.861488] > epoch 88, lrate 0.300000, validation error 35.780233 (%)
[2015-05-29 17:52:39.435956] > epoch 89, training error 26.607904 (%)
[2015-05-29 17:52:42.017053] > epoch 89, lrate 0.300000, validation error 35.813411 (%)
[2015-05-29 17:52:59.567464] > epoch 90, training error 26.625250 (%)
[2015-05-29 17:53:02.117790] > epoch 90, lrate 0.300000, validation error 35.763864 (%)
[2015-05-29 17:53:19.641061] > epoch 91, training error 26.555960 (%)
[2015-05-29 17:53:22.235897] > epoch 91, lrate 0.300000, validation error 35.615887 (%)
[2015-05-29 17:53:39.875215] > epoch 92, training error 26.564680 (%)
[2015-05-29 17:53:42.462337] > epoch 92, lrate 0.300000, validation error 35.965591 (%)
[2015-05-29 17:54:00.161833] > epoch 93, training error 26.623449 (%)
[2015-05-29 17:54:02.889224] > epoch 93, lrate 0.300000, validation error 35.978421 (%)
[2015-05-29 17:54:20.588400] > epoch 94, training error 26.545533 (%)
[2015-05-29 17:54:23.142699] > epoch 94, lrate 0.300000, validation error 35.828231 (%)
[2015-05-29 17:54:40.971927] > epoch 95, training error 26.526385 (%)
[2015-05-29 17:54:43.541559] > epoch 95, lrate 0.300000, validation error 35.816066 (%)
[2015-05-29 17:55:01.569504] > epoch 96, training error 26.527523 (%)
[2015-05-29 17:55:04.155294] > epoch 96, lrate 0.300000, validation error 36.201603 (%)
[2015-05-29 17:55:22.314701] > epoch 97, training error 26.540130 (%)
[2015-05-29 17:55:24.895644] > epoch 97, lrate 0.300000, validation error 36.059377 (%)
[2015-05-29 17:55:42.691519] > epoch 98, training error 26.453777 (%)
[2015-05-29 17:55:45.542834] > epoch 98, lrate 0.300000, validation error 35.726704 (%)
[2015-05-29 17:56:03.620420] > epoch 99, training error 26.519655 (%)
[2015-05-29 17:56:06.274443] > epoch 99, lrate 0.300000, validation error 36.142987 (%)
[2015-05-29 17:56:24.499012] > epoch 100, training error 26.492735 (%)
[2015-05-29 17:56:27.067264] > epoch 100, lrate 0.300000, validation error 35.773376 (%)
[2015-05-29 17:56:27.146704] > ... the final PDNN model parameter is dnn256_256_0.3_100.param
[2015-05-29 17:56:27.243254] > ... the final PDNN model config is dnn256_256_0.3_100.cfg
