Using gpu device 0: GeForce GT 520M
[2015-05-30 20:00:53.752190] > ... building the model
[2015-05-30 20:00:53.763633] > ... getting the finetuning functions
[2015-05-30 20:00:54.909085] > ... finetuning the model
[2015-05-30 20:01:13.664348] > epoch 1, training error 31.073977 (%)
[2015-05-30 20:01:16.469249] > epoch 1, lrate 0.300000, validation error 34.150048 (%)
[2015-05-30 20:01:34.254492] > epoch 2, training error 27.320622 (%)
[2015-05-30 20:01:36.814190] > epoch 2, lrate 0.300000, validation error 32.745479 (%)
[2015-05-30 20:01:54.673695] > epoch 3, training error 26.315670 (%)
[2015-05-30 20:01:57.262524] > epoch 3, lrate 0.300000, validation error 31.994753 (%)
[2015-05-30 20:02:15.103285] > epoch 4, training error 25.782293 (%)
[2015-05-30 20:02:17.674947] > epoch 4, lrate 0.300000, validation error 31.631777 (%)
[2015-05-30 20:02:35.533187] > epoch 5, training error 25.425792 (%)
[2015-05-30 20:02:38.103539] > epoch 5, lrate 0.300000, validation error 31.444428 (%)
[2015-05-30 20:02:55.866371] > epoch 6, training error 25.162753 (%)
[2015-05-30 20:02:58.447246] > epoch 6, lrate 0.300000, validation error 31.405056 (%)
[2015-05-30 20:03:16.211473] > epoch 7, training error 24.956492 (%)
[2015-05-30 20:03:18.776344] > epoch 7, lrate 0.300000, validation error 31.363693 (%)
[2015-05-30 20:03:36.511178] > epoch 8, training error 24.785777 (%)
[2015-05-30 20:03:39.070586] > epoch 8, lrate 0.300000, validation error 31.395102 (%)
[2015-05-30 20:03:56.789844] > epoch 9, training error 24.641698 (%)
[2015-05-30 20:03:59.360786] > epoch 9, lrate 0.300000, validation error 31.436465 (%)
[2015-05-30 20:04:17.136656] > epoch 10, training error 24.520842 (%)
[2015-05-30 20:04:19.715050] > epoch 10, lrate 0.300000, validation error 31.423193 (%)
[2015-05-30 20:04:37.462444] > epoch 11, training error 24.408897 (%)
[2015-05-30 20:04:40.027732] > epoch 11, lrate 0.300000, validation error 31.417442 (%)
[2015-05-30 20:04:57.934877] > epoch 12, training error 24.314961 (%)
[2015-05-30 20:05:00.517205] > epoch 12, lrate 0.300000, validation error 31.401959 (%)
[2015-05-30 20:05:18.319179] > epoch 13, training error 24.197896 (%)
[2015-05-30 20:05:20.882244] > epoch 13, lrate 0.300000, validation error 31.370107 (%)
[2015-05-30 20:05:38.799288] > epoch 14, training error 24.105856 (%)
[2015-05-30 20:05:41.386957] > epoch 14, lrate 0.300000, validation error 31.357720 (%)
[2015-05-30 20:05:59.224151] > epoch 15, training error 24.002442 (%)
[2015-05-30 20:06:01.801128] > epoch 15, lrate 0.300000, validation error 31.372540 (%)
[2015-05-30 20:06:19.553761] > epoch 16, training error 23.906895 (%)
[2015-05-30 20:06:22.117804] > epoch 16, lrate 0.300000, validation error 31.353518 (%)
[2015-05-30 20:06:39.874457] > epoch 17, training error 23.816940 (%)
[2015-05-30 20:06:42.429998] > epoch 17, lrate 0.300000, validation error 31.350864 (%)
[2015-05-30 20:07:00.878140] > epoch 18, training error 23.739213 (%)
[2015-05-30 20:07:03.804211] > epoch 18, lrate 0.300000, validation error 31.353960 (%)
[2015-05-30 20:07:22.021167] > epoch 19, training error 23.664519 (%)
[2015-05-30 20:07:24.586546] > epoch 19, lrate 0.300000, validation error 31.337371 (%)
[2015-05-30 20:07:43.070441] > epoch 20, training error 23.607077 (%)
[2015-05-30 20:07:45.721625] > epoch 20, lrate 0.300000, validation error 31.329629 (%)
[2015-05-30 20:08:03.722146] > epoch 21, training error 23.540820 (%)
[2015-05-30 20:08:06.334555] > epoch 21, lrate 0.300000, validation error 31.297335 (%)
[2015-05-30 20:08:24.111198] > epoch 22, training error 23.473615 (%)
[2015-05-30 20:08:26.697774] > epoch 22, lrate 0.300000, validation error 31.292248 (%)
[2015-05-30 20:08:44.424468] > epoch 23, training error 23.408874 (%)
[2015-05-30 20:08:46.985429] > epoch 23, lrate 0.300000, validation error 31.276985 (%)
[2015-05-30 20:09:04.706794] > epoch 24, training error 23.344323 (%)
[2015-05-30 20:09:07.265509] > epoch 24, lrate 0.300000, validation error 31.261723 (%)
[2015-05-30 20:09:24.998323] > epoch 25, training error 23.280719 (%)
[2015-05-30 20:09:27.562689] > epoch 25, lrate 0.300000, validation error 31.222793 (%)
[2015-05-30 20:09:45.261757] > epoch 26, training error 23.212945 (%)
[2015-05-30 20:09:47.820953] > epoch 26, lrate 0.300000, validation error 31.196914 (%)
[2015-05-30 20:10:05.693468] > epoch 27, training error 23.161380 (%)
[2015-05-30 20:10:08.281513] > epoch 27, lrate 0.300000, validation error 31.172583 (%)
[2015-05-30 20:10:26.089693] > epoch 28, training error 23.108583 (%)
[2015-05-30 20:10:28.656860] > epoch 28, lrate 0.300000, validation error 31.168159 (%)
[2015-05-30 20:10:46.364967] > epoch 29, training error 23.050477 (%)
[2015-05-30 20:10:48.925000] > epoch 29, lrate 0.300000, validation error 31.134538 (%)
[2015-05-30 20:11:06.763301] > epoch 30, training error 22.992940 (%)
[2015-05-30 20:11:09.321383] > epoch 30, lrate 0.300000, validation error 31.126133 (%)
[2015-05-30 20:11:27.109626] > epoch 31, training error 22.936446 (%)
[2015-05-30 20:11:29.703853] > epoch 31, lrate 0.300000, validation error 31.123699 (%)
[2015-05-30 20:11:47.468804] > epoch 32, training error 22.879383 (%)
[2015-05-30 20:11:50.028312] > epoch 32, lrate 0.300000, validation error 31.131883 (%)
[2015-05-30 20:12:07.730386] > epoch 33, training error 22.824690 (%)
[2015-05-30 20:12:10.290715] > epoch 33, lrate 0.300000, validation error 31.120160 (%)
[2015-05-30 20:12:28.073865] > epoch 34, training error 22.769902 (%)
[2015-05-30 20:12:30.662567] > epoch 34, lrate 0.300000, validation error 31.116179 (%)
[2015-05-30 20:12:48.378535] > epoch 35, training error 22.720327 (%)
[2015-05-30 20:12:50.937463] > epoch 35, lrate 0.300000, validation error 31.111091 (%)
[2015-05-30 20:13:08.777805] > epoch 36, training error 22.675303 (%)
[2015-05-30 20:13:11.345771] > epoch 36, lrate 0.300000, validation error 31.119054 (%)
[2015-05-30 20:13:29.197103] > epoch 37, training error 22.632079 (%)
[2015-05-30 20:13:31.757272] > epoch 37, lrate 0.300000, validation error 31.144270 (%)
[2015-05-30 20:13:49.495356] > epoch 38, training error 22.585348 (%)
[2015-05-30 20:13:52.068614] > epoch 38, lrate 0.300000, validation error 31.156878 (%)
[2015-05-30 20:14:09.762088] > epoch 39, training error 22.545726 (%)
[2015-05-30 20:14:12.324844] > epoch 39, lrate 0.300000, validation error 31.184970 (%)
[2015-05-30 20:14:30.151113] > epoch 40, training error 22.500607 (%)
[2015-05-30 20:14:32.745650] > epoch 40, lrate 0.300000, validation error 31.190721 (%)
[2015-05-30 20:14:50.436114] > epoch 41, training error 22.455298 (%)
[2015-05-30 20:14:52.997289] > epoch 41, lrate 0.300000, validation error 31.196029 (%)
[2015-05-30 20:15:10.692866] > epoch 42, training error 22.411410 (%)
[2015-05-30 20:15:13.256228] > epoch 42, lrate 0.300000, validation error 31.199126 (%)
[2015-05-30 20:15:30.937721] > epoch 43, training error 22.367902 (%)
[2015-05-30 20:15:33.505800] > epoch 43, lrate 0.300000, validation error 31.179219 (%)
[2015-05-30 20:15:51.197846] > epoch 44, training error 22.327143 (%)
[2015-05-30 20:15:53.752831] > epoch 44, lrate 0.300000, validation error 31.178334 (%)
[2015-05-30 20:16:11.439095] > epoch 45, training error 22.292166 (%)
[2015-05-30 20:16:13.993339] > epoch 45, lrate 0.300000, validation error 31.156436 (%)
[2015-05-30 20:16:31.819453] > epoch 46, training error 22.252639 (%)
[2015-05-30 20:16:34.390752] > epoch 46, lrate 0.300000, validation error 31.160417 (%)
[2015-05-30 20:16:52.085855] > epoch 47, training error 22.215671 (%)
[2015-05-30 20:16:54.642015] > epoch 47, lrate 0.300000, validation error 31.149579 (%)
[2015-05-30 20:17:12.345139] > epoch 48, training error 22.181452 (%)
[2015-05-30 20:17:14.901837] > epoch 48, lrate 0.300000, validation error 31.162187 (%)
[2015-05-30 20:17:32.598588] > epoch 49, training error 22.154817 (%)
[2015-05-30 20:17:35.156198] > epoch 49, lrate 0.300000, validation error 31.180103 (%)
[2015-05-30 20:17:52.899934] > epoch 50, training error 22.116617 (%)
[2015-05-30 20:17:55.474091] > epoch 50, lrate 0.300000, validation error 31.187845 (%)
[2015-05-30 20:18:13.175713] > epoch 51, training error 22.089602 (%)
[2015-05-30 20:18:15.736200] > epoch 51, lrate 0.300000, validation error 31.181209 (%)
[2015-05-30 20:18:33.474597] > epoch 52, training error 22.048179 (%)
[2015-05-30 20:18:36.039782] > epoch 52, lrate 0.300000, validation error 31.173025 (%)
[2015-05-30 20:18:53.732935] > epoch 53, training error 22.011780 (%)
[2015-05-30 20:18:56.292123] > epoch 53, lrate 0.300000, validation error 31.178776 (%)
[2015-05-30 20:19:13.973153] > epoch 54, training error 21.976614 (%)
[2015-05-30 20:19:16.530297] > epoch 54, lrate 0.300000, validation error 31.188951 (%)
[2015-05-30 20:19:34.276657] > epoch 55, training error 21.939362 (%)
[2015-05-30 20:19:36.836898] > epoch 55, lrate 0.300000, validation error 31.199126 (%)
[2015-05-30 20:19:54.535717] > epoch 56, training error 21.908081 (%)
[2015-05-30 20:19:57.113891] > epoch 56, lrate 0.300000, validation error 31.195808 (%)
[2015-05-30 20:20:14.917809] > epoch 57, training error 21.872441 (%)
[2015-05-30 20:20:17.478256] > epoch 57, lrate 0.300000, validation error 31.181652 (%)
[2015-05-30 20:20:35.184567] > epoch 58, training error 21.845900 (%)
[2015-05-30 20:20:37.745113] > epoch 58, lrate 0.300000, validation error 31.182315 (%)
[2015-05-30 20:20:55.988203] > epoch 59, training error 21.815757 (%)
[2015-05-30 20:20:58.720660] > epoch 59, lrate 0.300000, validation error 31.186739 (%)
[2015-05-30 20:21:17.625928] > epoch 60, training error 21.784477 (%)
[2015-05-30 20:21:20.179737] > epoch 60, lrate 0.300000, validation error 31.180325 (%)
[2015-05-30 20:21:39.067367] > epoch 61, training error 21.755756 (%)
[2015-05-30 20:21:41.900045] > epoch 61, lrate 0.300000, validation error 31.180546 (%)
[2015-05-30 20:22:00.999892] > epoch 62, training error 21.728930 (%)
[2015-05-30 20:22:03.570143] > epoch 62, lrate 0.300000, validation error 31.164399 (%)
[2015-05-30 20:22:21.244205] > epoch 63, training error 21.708077 (%)
[2015-05-30 20:22:23.809852] > epoch 63, lrate 0.300000, validation error 31.163293 (%)
[2015-05-30 20:22:41.588117] > epoch 64, training error 21.676512 (%)
[2015-05-30 20:22:44.151291] > epoch 64, lrate 0.300000, validation error 31.159311 (%)
[2015-05-30 20:23:01.885396] > epoch 65, training error 21.646085 (%)
[2015-05-30 20:23:04.474866] > epoch 65, lrate 0.300000, validation error 31.164841 (%)
[2015-05-30 20:23:22.356615] > epoch 66, training error 21.615089 (%)
[2015-05-30 20:23:24.949179] > epoch 66, lrate 0.300000, validation error 31.179219 (%)
[2015-05-30 20:23:42.799071] > epoch 67, training error 21.585799 (%)
[2015-05-30 20:23:45.389732] > epoch 67, lrate 0.300000, validation error 31.190499 (%)
[2015-05-30 20:24:03.201463] > epoch 68, training error 21.558689 (%)
[2015-05-30 20:24:05.768939] > epoch 68, lrate 0.300000, validation error 31.204434 (%)
[2015-05-30 20:24:23.598079] > epoch 69, training error 21.530916 (%)
[2015-05-30 20:24:26.171396] > epoch 69, lrate 0.300000, validation error 31.220360 (%)
[2015-05-30 20:24:43.957336] > epoch 70, training error 21.502480 (%)
[2015-05-30 20:24:46.522001] > epoch 70, lrate 0.300000, validation error 31.230314 (%)
[2015-05-30 20:25:04.358522] > epoch 71, training error 21.477645 (%)
[2015-05-30 20:25:06.919673] > epoch 71, lrate 0.300000, validation error 31.232526 (%)
[2015-05-30 20:25:24.754245] > epoch 72, training error 21.457171 (%)
[2015-05-30 20:25:27.360088] > epoch 72, lrate 0.300000, validation error 31.235623 (%)
[2015-05-30 20:25:45.042175] > epoch 73, training error 21.425227 (%)
[2015-05-30 20:25:47.602052] > epoch 73, lrate 0.300000, validation error 31.253981 (%)
[2015-05-30 20:26:05.306748] > epoch 74, training error 21.402762 (%)
[2015-05-30 20:26:07.864362] > epoch 74, lrate 0.300000, validation error 31.257078 (%)
[2015-05-30 20:26:25.628738] > epoch 75, training error 21.380960 (%)
[2015-05-30 20:26:28.196424] > epoch 75, lrate 0.300000, validation error 31.274110 (%)
[2015-05-30 20:26:45.904237] > epoch 76, training error 21.354893 (%)
[2015-05-30 20:26:48.461992] > epoch 76, lrate 0.300000, validation error 31.284727 (%)
[2015-05-30 20:27:06.223581] > epoch 77, training error 21.334988 (%)
[2015-05-30 20:27:08.784430] > epoch 77, lrate 0.300000, validation error 31.287603 (%)
[2015-05-30 20:27:26.475949] > epoch 78, training error 21.317357 (%)
[2015-05-30 20:27:29.035115] > epoch 78, lrate 0.300000, validation error 31.307289 (%)
[2015-05-30 20:27:46.790155] > epoch 79, training error 21.293565 (%)
[2015-05-30 20:27:49.352563] > epoch 79, lrate 0.300000, validation error 31.331399 (%)
[2015-05-30 20:28:07.169124] > epoch 80, training error 21.270436 (%)
[2015-05-30 20:28:09.734921] > epoch 80, lrate 0.300000, validation error 31.334274 (%)
[2015-05-30 20:28:27.499759] > epoch 81, training error 21.245033 (%)
[2015-05-30 20:28:30.089728] > epoch 81, lrate 0.300000, validation error 31.353960 (%)
[2015-05-30 20:28:48.187646] > epoch 82, training error 21.219630 (%)
[2015-05-30 20:28:50.789924] > epoch 82, lrate 0.300000, validation error 31.376522 (%)
[2015-05-30 20:29:08.708120] > epoch 83, training error 21.201430 (%)
[2015-05-30 20:29:11.271608] > epoch 83, lrate 0.300000, validation error 31.386918 (%)
[2015-05-30 20:29:29.058425] > epoch 84, training error 21.179155 (%)
[2015-05-30 20:29:31.642433] > epoch 84, lrate 0.300000, validation error 31.407046 (%)
[2015-05-30 20:29:49.839999] > epoch 85, training error 21.157638 (%)
[2015-05-30 20:29:52.395280] > epoch 85, lrate 0.300000, validation error 31.427838 (%)
[2015-05-30 20:30:10.126166] > epoch 86, training error 21.137258 (%)
[2015-05-30 20:30:12.674022] > epoch 86, lrate 0.300000, validation error 31.452612 (%)
[2015-05-30 20:30:30.316539] > epoch 87, training error 21.119533 (%)
[2015-05-30 20:30:32.878741] > epoch 87, lrate 0.300000, validation error 31.460796 (%)
[2015-05-30 20:30:50.687903] > epoch 88, training error 21.101238 (%)
[2015-05-30 20:30:53.271447] > epoch 88, lrate 0.300000, validation error 31.476722 (%)
[2015-05-30 20:31:11.003980] > epoch 89, training error 21.077067 (%)
[2015-05-30 20:31:13.585431] > epoch 89, lrate 0.300000, validation error 31.497735 (%)
[2015-05-30 20:31:31.433626] > epoch 90, training error 21.059342 (%)
[2015-05-30 20:31:33.990050] > epoch 90, lrate 0.300000, validation error 31.511228 (%)
[2015-05-30 20:31:51.840305] > epoch 91, training error 21.040289 (%)
[2015-05-30 20:31:54.397830] > epoch 91, lrate 0.300000, validation error 31.533789 (%)
[2015-05-30 20:32:12.165100] > epoch 92, training error 21.020383 (%)
[2015-05-30 20:32:14.723729] > epoch 92, lrate 0.300000, validation error 31.552369 (%)
[2015-05-30 20:32:32.506538] > epoch 93, training error 21.002184 (%)
[2015-05-30 20:32:35.060006] > epoch 93, lrate 0.300000, validation error 31.562544 (%)
[2015-05-30 20:32:52.702256] > epoch 94, training error 20.982942 (%)
[2015-05-30 20:32:55.258753] > epoch 94, lrate 0.300000, validation error 31.578912 (%)
[2015-05-30 20:33:13.026801] > epoch 95, training error 20.962941 (%)
[2015-05-30 20:33:15.612220] > epoch 95, lrate 0.300000, validation error 31.593069 (%)
[2015-05-30 20:33:33.344935] > epoch 96, training error 20.944458 (%)
[2015-05-30 20:33:35.907452] > epoch 96, lrate 0.300000, validation error 31.612312 (%)
[2015-05-30 20:33:53.565028] > epoch 97, training error 20.926163 (%)
[2015-05-30 20:33:56.123193] > epoch 97, lrate 0.300000, validation error 31.628902 (%)
[2015-05-30 20:34:13.868541] > epoch 98, training error 20.906921 (%)
[2015-05-30 20:34:16.425544] > epoch 98, lrate 0.300000, validation error 31.641731 (%)
[2015-05-30 20:34:34.155628] > epoch 99, training error 20.898295 (%)
[2015-05-30 20:34:36.741182] > epoch 99, lrate 0.300000, validation error 31.653897 (%)
[2015-05-30 20:34:54.728398] > epoch 100, training error 20.880096 (%)
[2015-05-30 20:34:57.294559] > epoch 100, lrate 0.300000, validation error 31.673140 (%)
[2015-05-30 20:34:57.372214] > ... the final PDNN model parameter is dnn256_256_0.3_100_norm.param
[2015-05-30 20:34:57.382860] > ... the final PDNN model config is dnn256_256_0.3_100_norm.cfg
