Using gpu device 0: GeForce GT 520M
[2015-05-30 01:06:43.580020] > ... building the model
[2015-05-30 01:06:43.601911] > ... getting the finetuning functions
[2015-05-30 01:06:44.649542] > ... finetuning the model
[2015-05-30 01:07:56.424618] > epoch 1, training error 34.577469 (%)
[2015-05-30 01:08:07.024322] > epoch 1, lrate 0.300000, validation error 38.447586 (%)
[2015-05-30 01:09:18.271007] > epoch 2, training error 30.332064 (%)
[2015-05-30 01:09:28.627194] > epoch 2, lrate 0.300000, validation error 38.123098 (%)
[2015-05-30 01:10:39.846700] > epoch 3, training error 29.403607 (%)
[2015-05-30 01:10:50.231037] > epoch 3, lrate 0.300000, validation error 37.335212 (%)
[2015-05-30 01:12:01.462697] > epoch 4, training error 28.721601 (%)
[2015-05-30 01:12:11.812621] > epoch 4, lrate 0.300000, validation error 37.032400 (%)
[2015-05-30 01:13:23.073428] > epoch 5, training error 28.281117 (%)
[2015-05-30 01:13:33.437112] > epoch 5, lrate 0.300000, validation error 37.225280 (%)
[2015-05-30 01:14:44.675877] > epoch 6, training error 28.036752 (%)
[2015-05-30 01:14:55.043753] > epoch 6, lrate 0.300000, validation error 37.941720 (%)
[2015-05-30 01:16:06.301741] > epoch 7, training error 27.763191 (%)
[2015-05-30 01:16:16.653742] > epoch 7, lrate 0.300000, validation error 37.531188 (%)
[2015-05-30 01:17:27.921159] > epoch 8, training error 27.564324 (%)
[2015-05-30 01:17:38.299828] > epoch 8, lrate 0.300000, validation error 36.852792 (%)
[2015-05-30 01:18:49.551314] > epoch 9, training error 27.380528 (%)
[2015-05-30 01:18:59.932033] > epoch 9, lrate 0.300000, validation error 36.306006 (%)
[2015-05-30 01:20:11.199830] > epoch 10, training error 27.168770 (%)
[2015-05-30 01:20:21.555727] > epoch 10, lrate 0.300000, validation error 36.595988 (%)
[2015-05-30 01:21:32.835264] > epoch 11, training error 27.022037 (%)
[2015-05-30 01:21:43.185905] > epoch 11, lrate 0.300000, validation error 36.640006 (%)
[2015-05-30 01:22:54.440020] > epoch 12, training error 26.825539 (%)
[2015-05-30 01:23:04.791771] > epoch 12, lrate 0.300000, validation error 36.165328 (%)
[2015-05-30 01:24:16.201598] > epoch 13, training error 26.708475 (%)
[2015-05-30 01:24:26.550832] > epoch 13, lrate 0.300000, validation error 36.173954 (%)
[2015-05-30 01:25:37.803227] > epoch 14, training error 26.566292 (%)
[2015-05-30 01:25:48.151821] > epoch 14, lrate 0.300000, validation error 36.160904 (%)
[2015-05-30 01:26:59.387944] > epoch 15, training error 26.504015 (%)
[2015-05-30 01:27:09.778514] > epoch 15, lrate 0.300000, validation error 35.794610 (%)
[2015-05-30 01:28:21.069980] > epoch 16, training error 26.368467 (%)
[2015-05-30 01:28:31.446043] > epoch 16, lrate 0.300000, validation error 35.973333 (%)
[2015-05-30 01:29:42.716830] > epoch 17, training error 26.252161 (%)
[2015-05-30 01:29:53.071893] > epoch 17, lrate 0.300000, validation error 35.755901 (%)
[2015-05-30 01:31:04.338401] > epoch 18, training error 26.145713 (%)
[2015-05-30 01:31:14.712346] > epoch 18, lrate 0.300000, validation error 36.167761 (%)
[2015-05-30 01:32:25.991470] > epoch 19, training error 26.042583 (%)
[2015-05-30 01:32:36.361461] > epoch 19, lrate 0.300000, validation error 35.779790 (%)
[2015-05-30 01:33:48.498230] > epoch 20, training error 25.910447 (%)
[2015-05-30 01:33:58.861546] > epoch 20, lrate 0.300000, validation error 35.678042 (%)
[2015-05-30 01:35:10.125367] > epoch 21, training error 25.796985 (%)
[2015-05-30 01:35:20.495173] > epoch 21, lrate 0.300000, validation error 35.892156 (%)
[2015-05-30 01:36:31.768291] > epoch 22, training error 25.700585 (%)
[2015-05-30 01:36:42.144944] > epoch 22, lrate 0.300000, validation error 35.537585 (%)
[2015-05-30 01:37:53.415220] > epoch 23, training error 25.636981 (%)
[2015-05-30 01:38:03.804483] > epoch 23, lrate 0.300000, validation error 35.562801 (%)
[2015-05-30 01:39:15.055132] > epoch 24, training error 25.444560 (%)
[2015-05-30 01:39:25.428972] > epoch 24, lrate 0.300000, validation error 35.366604 (%)
[2015-05-30 01:40:36.685878] > epoch 25, training error 25.385032 (%)
[2015-05-30 01:40:47.060926] > epoch 25, lrate 0.300000, validation error 35.731791 (%)
[2015-05-30 01:41:58.318603] > epoch 26, training error 25.280196 (%)
[2015-05-30 01:42:08.675095] > epoch 26, lrate 0.300000, validation error 35.542894 (%)
[2015-05-30 01:43:19.946687] > epoch 27, training error 25.189673 (%)
[2015-05-30 01:43:30.315813] > epoch 27, lrate 0.300000, validation error 35.076400 (%)
[2015-05-30 01:44:41.591678] > epoch 28, training error 25.145501 (%)
[2015-05-30 01:44:51.962136] > epoch 28, lrate 0.300000, validation error 35.355765 (%)
[2015-05-30 01:46:03.237459] > epoch 29, training error 25.089481 (%)
[2015-05-30 01:46:13.606985] > epoch 29, lrate 0.300000, validation error 35.287196 (%)
[2015-05-30 01:47:24.882286] > epoch 30, training error 24.957914 (%)
[2015-05-30 01:47:35.259884] > epoch 30, lrate 0.300000, validation error 35.323471 (%)
[2015-05-30 01:48:46.520439] > epoch 31, training error 24.806631 (%)
[2015-05-30 01:48:56.908190] > epoch 31, lrate 0.300000, validation error 35.274145 (%)
[2015-05-30 01:50:08.176346] > epoch 32, training error 24.735065 (%)
[2015-05-30 01:50:18.547574] > epoch 32, lrate 0.300000, validation error 35.369037 (%)
[2015-05-30 01:51:29.810590] > epoch 33, training error 24.628048 (%)
[2015-05-30 01:51:40.173043] > epoch 33, lrate 0.300000, validation error 35.436500 (%)
[2015-05-30 01:52:51.378588] > epoch 34, training error 24.551743 (%)
[2015-05-30 01:53:01.741060] > epoch 34, lrate 0.300000, validation error 35.362622 (%)
[2015-05-30 01:54:13.095318] > epoch 35, training error 24.445769 (%)
[2015-05-30 01:54:23.469649] > epoch 35, lrate 0.300000, validation error 35.523650 (%)
[2015-05-30 01:55:34.672067] > epoch 36, training error 24.351644 (%)
[2015-05-30 01:55:45.031465] > epoch 36, lrate 0.300000, validation error 35.706133 (%)
[2015-05-30 01:56:56.205049] > epoch 37, training error 24.334582 (%)
[2015-05-30 01:57:06.555941] > epoch 37, lrate 0.300000, validation error 35.639554 (%)
[2015-05-30 01:58:17.767163] > epoch 38, training error 24.231073 (%)
[2015-05-30 01:58:28.116888] > epoch 38, lrate 0.300000, validation error 35.861410 (%)
[2015-05-30 01:59:39.298852] > epoch 39, training error 24.150502 (%)
[2015-05-30 01:59:49.648642] > epoch 39, lrate 0.300000, validation error 35.963379 (%)
[2015-05-30 02:01:01.520697] > epoch 40, training error 24.031732 (%)
[2015-05-30 02:01:11.861859] > epoch 40, lrate 0.300000, validation error 35.955417 (%)
[2015-05-30 02:02:23.057363] > epoch 41, training error 24.012395 (%)
[2015-05-30 02:02:33.397005] > epoch 41, lrate 0.300000, validation error 35.834425 (%)
[2015-05-30 02:03:44.608248] > epoch 42, training error 23.954573 (%)
[2015-05-30 02:03:54.972743] > epoch 42, lrate 0.300000, validation error 35.758556 (%)
[2015-05-30 02:05:06.161984] > epoch 43, training error 23.767934 (%)
[2015-05-30 02:05:16.514863] > epoch 43, lrate 0.300000, validation error 35.959398 (%)
[2015-05-30 02:06:27.715154] > epoch 44, training error 23.679022 (%)
[2015-05-30 02:06:38.068617] > epoch 44, lrate 0.300000, validation error 35.889501 (%)
[2015-05-30 02:07:49.270587] > epoch 45, training error 23.631248 (%)
[2015-05-30 02:07:59.622890] > epoch 45, lrate 0.300000, validation error 35.927325 (%)
[2015-05-30 02:09:10.811121] > epoch 46, training error 23.630964 (%)
[2015-05-30 02:09:21.152987] > epoch 46, lrate 0.300000, validation error 35.787089 (%)
[2015-05-30 02:10:32.346482] > epoch 47, training error 23.470487 (%)
[2015-05-30 02:10:42.697285] > epoch 47, lrate 0.300000, validation error 35.918920 (%)
[2015-05-30 02:11:53.881392] > epoch 48, training error 23.404703 (%)
[2015-05-30 02:12:04.245403] > epoch 48, lrate 0.300000, validation error 35.909630 (%)
[2015-05-30 02:13:15.427699] > epoch 49, training error 23.315791 (%)
[2015-05-30 02:13:25.791865] > epoch 49, lrate 0.300000, validation error 35.814517 (%)
[2015-05-30 02:14:37.000341] > epoch 50, training error 23.251809 (%)
[2015-05-30 02:14:47.341050] > epoch 50, lrate 0.300000, validation error 35.808766 (%)
[2015-05-30 02:15:58.532920] > epoch 51, training error 23.143560 (%)
[2015-05-30 02:16:08.898830] > epoch 51, lrate 0.300000, validation error 35.914054 (%)
[2015-05-30 02:17:20.076648] > epoch 52, training error 23.089435 (%)
[2015-05-30 02:17:30.440034] > epoch 52, lrate 0.300000, validation error 35.969130 (%)
[2015-05-30 02:18:41.638644] > epoch 53, training error 23.008106 (%)
[2015-05-30 02:18:52.007607] > epoch 53, lrate 0.300000, validation error 36.064464 (%)
[2015-05-30 02:20:03.204507] > epoch 54, training error 22.934929 (%)
[2015-05-30 02:20:13.567444] > epoch 54, lrate 0.300000, validation error 35.796380 (%)
[2015-05-30 02:21:24.772900] > epoch 55, training error 22.840709 (%)
[2015-05-30 02:21:35.146374] > epoch 55, lrate 0.300000, validation error 35.930864 (%)
[2015-05-30 02:22:46.335741] > epoch 56, training error 22.830662 (%)
[2015-05-30 02:22:56.700698] > epoch 56, lrate 0.300000, validation error 36.142545 (%)
[2015-05-30 02:24:08.052809] > epoch 57, training error 22.724593 (%)
[2015-05-30 02:24:18.391212] > epoch 57, lrate 0.300000, validation error 36.251150 (%)
[2015-05-30 02:25:29.573386] > epoch 58, training error 22.660705 (%)
[2015-05-30 02:25:39.933567] > epoch 58, lrate 0.300000, validation error 36.248717 (%)
[2015-05-30 02:26:51.132083] > epoch 59, training error 22.653406 (%)
[2015-05-30 02:27:01.495440] > epoch 59, lrate 0.300000, validation error 36.518792 (%)
[2015-05-30 02:28:13.410189] > epoch 60, training error 22.485914 (%)
[2015-05-30 02:28:23.759499] > epoch 60, lrate 0.300000, validation error 36.310651 (%)
[2015-05-30 02:29:34.945636] > epoch 61, training error 22.456719 (%)
[2015-05-30 02:29:45.296275] > epoch 61, lrate 0.300000, validation error 36.160683 (%)
[2015-05-30 02:30:56.488097] > epoch 62, training error 22.393116 (%)
[2015-05-30 02:31:06.840776] > epoch 62, lrate 0.300000, validation error 36.453320 (%)
[2015-05-30 02:32:18.031017] > epoch 63, training error 22.300318 (%)
[2015-05-30 02:32:28.437808] > epoch 63, lrate 0.300000, validation error 36.429431 (%)
[2015-05-30 02:33:39.713921] > epoch 64, training error 22.232354 (%)
[2015-05-30 02:33:50.091505] > epoch 64, lrate 0.300000, validation error 36.297601 (%)
[2015-05-30 02:35:01.352246] > epoch 65, training error 22.125906 (%)
[2015-05-30 02:35:11.732486] > epoch 65, lrate 0.300000, validation error 36.584708 (%)
[2015-05-30 02:36:23.010207] > epoch 66, training error 22.055573 (%)
[2015-05-30 02:36:33.381819] > epoch 66, lrate 0.300000, validation error 36.548653 (%)
[2015-05-30 02:37:44.638959] > epoch 67, training error 21.950831 (%)
[2015-05-30 02:37:55.017645] > epoch 67, lrate 0.300000, validation error 36.342945 (%)
[2015-05-30 02:39:06.291004] > epoch 68, training error 21.896896 (%)
[2015-05-30 02:39:16.662373] > epoch 68, lrate 0.300000, validation error 36.572100 (%)
[2015-05-30 02:40:27.971190] > epoch 69, training error 21.776799 (%)
[2015-05-30 02:40:38.343355] > epoch 69, lrate 0.300000, validation error 36.564579 (%)
[2015-05-30 02:41:49.625014] > epoch 70, training error 21.747319 (%)
[2015-05-30 02:41:59.995624] > epoch 70, lrate 0.300000, validation error 36.625628 (%)
[2015-05-30 02:43:11.280391] > epoch 71, training error 21.686465 (%)
[2015-05-30 02:43:21.672367] > epoch 71, lrate 0.300000, validation error 36.575418 (%)
[2015-05-30 02:44:32.963972] > epoch 72, training error 21.677650 (%)
[2015-05-30 02:44:43.337712] > epoch 72, lrate 0.300000, validation error 36.779135 (%)
[2015-05-30 02:45:54.623102] > epoch 73, training error 21.587221 (%)
[2015-05-30 02:46:04.994884] > epoch 73, lrate 0.300000, validation error 36.521226 (%)
[2015-05-30 02:47:16.271628] > epoch 74, training error 21.534518 (%)
[2015-05-30 02:47:26.649782] > epoch 74, lrate 0.300000, validation error 36.613905 (%)
[2015-05-30 02:48:37.928058] > epoch 75, training error 21.452147 (%)
[2015-05-30 02:48:48.295395] > epoch 75, lrate 0.300000, validation error 36.672078 (%)
[2015-05-30 02:49:59.551991] > epoch 76, training error 21.416317 (%)
[2015-05-30 02:50:09.929337] > epoch 76, lrate 0.300000, validation error 36.601739 (%)
[2015-05-30 02:51:21.189157] > epoch 77, training error 21.322950 (%)
[2015-05-30 02:51:31.569149] > epoch 77, lrate 0.300000, validation error 36.757459 (%)
[2015-05-30 02:52:42.856484] > epoch 78, training error 21.229488 (%)
[2015-05-30 02:52:53.242194] > epoch 78, lrate 0.300000, validation error 36.664337 (%)
[2015-05-30 02:54:04.667026] > epoch 79, training error 21.225791 (%)
[2015-05-30 02:54:15.039796] > epoch 79, lrate 0.300000, validation error 37.209575 (%)
[2015-05-30 02:55:27.207780] > epoch 80, training error 21.201051 (%)
[2015-05-30 02:55:37.580039] > epoch 80, lrate 0.300000, validation error 37.058280 (%)
[2015-05-30 02:56:48.862719] > epoch 81, training error 21.145505 (%)
[2015-05-30 02:56:59.236435] > epoch 81, lrate 0.300000, validation error 37.098758 (%)
[2015-05-30 02:58:10.525214] > epoch 82, training error 21.136310 (%)
[2015-05-30 02:58:20.922432] > epoch 82, lrate 0.300000, validation error 37.177502 (%)
[2015-05-30 02:59:32.195854] > epoch 83, training error 20.998203 (%)
[2015-05-30 02:59:42.573944] > epoch 83, lrate 0.300000, validation error 37.426785 (%)
[2015-05-30 03:00:53.838645] > epoch 84, training error 20.946069 (%)
[2015-05-30 03:01:04.212705] > epoch 84, lrate 0.300000, validation error 37.177945 (%)
[2015-05-30 03:02:15.500850] > epoch 85, training error 20.867963 (%)
[2015-05-30 03:02:25.893263] > epoch 85, lrate 0.300000, validation error 37.232800 (%)
[2015-05-30 03:03:37.156959] > epoch 86, training error 20.825308 (%)
[2015-05-30 03:03:47.510013] > epoch 86, lrate 0.300000, validation error 37.369718 (%)
[2015-05-30 03:04:58.706049] > epoch 87, training error 20.760093 (%)
[2015-05-30 03:05:09.077643] > epoch 87, lrate 0.300000, validation error 37.236560 (%)
[2015-05-30 03:06:20.261857] > epoch 88, training error 20.752889 (%)
[2015-05-30 03:06:30.634383] > epoch 88, lrate 0.300000, validation error 37.420150 (%)
[2015-05-30 03:07:41.843162] > epoch 89, training error 20.682651 (%)
[2015-05-30 03:07:52.222945] > epoch 89, lrate 0.300000, validation error 37.435854 (%)
[2015-05-30 03:09:03.464688] > epoch 90, training error 20.600469 (%)
[2015-05-30 03:09:13.809231] > epoch 90, lrate 0.300000, validation error 37.491152 (%)
[2015-05-30 03:10:25.013990] > epoch 91, training error 20.537339 (%)
[2015-05-30 03:10:35.357738] > epoch 91, lrate 0.300000, validation error 37.489383 (%)
[2015-05-30 03:11:46.557885] > epoch 92, training error 20.502836 (%)
[2015-05-30 03:11:56.897162] > epoch 92, lrate 0.300000, validation error 37.358437 (%)
[2015-05-30 03:13:08.084329] > epoch 93, training error 20.426152 (%)
[2015-05-30 03:13:18.425833] > epoch 93, lrate 0.300000, validation error 37.677617 (%)
[2015-05-30 03:14:29.623133] > epoch 94, training error 20.435536 (%)
[2015-05-30 03:14:39.965620] > epoch 94, lrate 0.300000, validation error 37.445587 (%)
[2015-05-30 03:15:51.159095] > epoch 95, training error 20.340842 (%)
[2015-05-30 03:16:01.498618] > epoch 95, lrate 0.300000, validation error 37.665230 (%)
[2015-05-30 03:17:12.696501] > epoch 96, training error 20.312121 (%)
[2015-05-30 03:17:23.037826] > epoch 96, lrate 0.300000, validation error 37.810996 (%)
[2015-05-30 03:18:34.231587] > epoch 97, training error 20.275058 (%)
[2015-05-30 03:18:44.571200] > epoch 97, lrate 0.300000, validation error 37.741542 (%)
[2015-05-30 03:19:55.764365] > epoch 98, training error 20.228517 (%)
[2015-05-30 03:20:06.105437] > epoch 98, lrate 0.300000, validation error 37.677617 (%)
[2015-05-30 03:21:17.292190] > epoch 99, training error 20.115718 (%)
[2015-05-30 03:21:27.634191] > epoch 99, lrate 0.300000, validation error 37.734021 (%)
[2015-05-30 03:22:39.473913] > epoch 100, training error 20.098561 (%)
[2015-05-30 03:22:49.811657] > epoch 100, lrate 0.300000, validation error 37.779587 (%)
[2015-05-30 03:22:50.368538] > ... the final PDNN model parameter is dnn512_512_512_0.3_100.param
[2015-05-30 03:22:50.369516] > ... the final PDNN model config is dnn512_512_512_0.3_100.cfg
