Using gpu device 0: GeForce GT 520M
[2015-05-31 21:31:27.138838] > ... building the model
[2015-05-31 21:31:27.156850] > ... getting the finetuning functions
[2015-05-31 21:31:28.193801] > ... finetuning the model
[2015-05-31 21:31:56.033942] > epoch 1, training error 32.490028 (%)
[2015-05-31 21:32:00.497336] > epoch 1, lrate 0.200000, validation error 34.244718 (%)
[2015-05-31 21:32:28.204025] > epoch 2, training error 27.777314 (%)
[2015-05-31 21:32:32.454383] > epoch 2, lrate 0.200000, validation error 33.369683 (%)
[2015-05-31 21:33:00.175085] > epoch 3, training error 26.557855 (%)
[2015-05-31 21:33:04.421795] > epoch 3, lrate 0.200000, validation error 32.827099 (%)
[2015-05-31 21:33:32.085898] > epoch 4, training error 25.866844 (%)
[2015-05-31 21:33:36.341258] > epoch 4, lrate 0.200000, validation error 32.451294 (%)
[2015-05-31 21:34:04.036187] > epoch 5, training error 25.425981 (%)
[2015-05-31 21:34:08.276937] > epoch 5, lrate 0.200000, validation error 32.190951 (%)
[2015-05-31 21:34:35.322218] > epoch 6, training error 25.060760 (%)
[2015-05-31 21:34:39.419034] > epoch 6, lrate 0.200000, validation error 32.019969 (%)
[2015-05-31 21:35:06.345721] > epoch 7, training error 24.775256 (%)
[2015-05-31 21:35:10.535506] > epoch 7, lrate 0.200000, validation error 31.856730 (%)
[2015-05-31 21:35:38.026566] > epoch 8, training error 24.531459 (%)
[2015-05-31 21:35:42.277680] > epoch 8, lrate 0.200000, validation error 31.730208 (%)
[2015-05-31 21:36:10.010189] > epoch 9, training error 24.333918 (%)
[2015-05-31 21:36:14.328074] > epoch 9, lrate 0.200000, validation error 31.663850 (%)
[2015-05-31 21:36:42.011101] > epoch 10, training error 24.165289 (%)
[2015-05-31 21:36:46.264240] > epoch 10, lrate 0.200000, validation error 31.595723 (%)
[2015-05-31 21:37:13.998147] > epoch 11, training error 23.999882 (%)
[2015-05-31 21:37:18.251346] > epoch 11, lrate 0.200000, validation error 31.514988 (%)
[2015-05-31 21:37:45.985338] > epoch 12, training error 23.882344 (%)
[2015-05-31 21:37:50.235924] > epoch 12, lrate 0.200000, validation error 31.446197 (%)
[2015-05-31 21:38:17.966779] > epoch 13, training error 23.746512 (%)
[2015-05-31 21:38:22.221639] > epoch 13, lrate 0.200000, validation error 31.396208 (%)
[2015-05-31 21:38:49.940350] > epoch 14, training error 23.621864 (%)
[2015-05-31 21:38:54.186764] > epoch 14, lrate 0.200000, validation error 31.354181 (%)
[2015-05-31 21:39:21.932603] > epoch 15, training error 23.527644 (%)
[2015-05-31 21:39:26.185839] > epoch 15, lrate 0.200000, validation error 31.299768 (%)
[2015-05-31 21:39:53.916056] > epoch 16, training error 23.426694 (%)
[2015-05-31 21:39:58.165945] > epoch 16, lrate 0.200000, validation error 31.256193 (%)
[2015-05-31 21:40:25.828117] > epoch 17, training error 23.329346 (%)
[2015-05-31 21:40:30.067546] > epoch 17, lrate 0.200000, validation error 31.186076 (%)
[2015-05-31 21:40:57.765487] > epoch 18, training error 23.241097 (%)
[2015-05-31 21:41:02.002119] > epoch 18, lrate 0.200000, validation error 31.129672 (%)
[2015-05-31 21:41:29.653923] > epoch 19, training error 23.148678 (%)
[2015-05-31 21:41:33.886111] > epoch 19, lrate 0.200000, validation error 31.092954 (%)
[2015-05-31 21:42:01.734238] > epoch 20, training error 23.068297 (%)
[2015-05-31 21:42:05.979831] > epoch 20, lrate 0.200000, validation error 31.060660 (%)
[2015-05-31 21:42:33.697315] > epoch 21, training error 23.000239 (%)
[2015-05-31 21:42:37.993003] > epoch 21, lrate 0.200000, validation error 31.039204 (%)
[2015-05-31 21:43:05.722610] > epoch 22, training error 22.927441 (%)
[2015-05-31 21:43:09.968063] > epoch 22, lrate 0.200000, validation error 31.000495 (%)
[2015-05-31 21:43:37.366552] > epoch 23, training error 22.858909 (%)
[2015-05-31 21:43:41.464125] > epoch 23, lrate 0.200000, validation error 30.985897 (%)
[2015-05-31 21:44:08.833800] > epoch 24, training error 22.790945 (%)
[2015-05-31 21:44:13.072001] > epoch 24, lrate 0.200000, validation error 30.961787 (%)
[2015-05-31 21:44:40.774928] > epoch 25, training error 22.721275 (%)
[2015-05-31 21:44:45.026915] > epoch 25, lrate 0.200000, validation error 30.951170 (%)
[2015-05-31 21:45:12.713825] > epoch 26, training error 22.648856 (%)
[2015-05-31 21:45:16.952374] > epoch 26, lrate 0.200000, validation error 30.944313 (%)
[2015-05-31 21:45:44.628534] > epoch 27, training error 22.578997 (%)
[2015-05-31 21:45:48.894098] > epoch 27, lrate 0.200000, validation error 30.927723 (%)
[2015-05-31 21:46:16.588365] > epoch 28, training error 22.521934 (%)
[2015-05-31 21:46:20.831353] > epoch 28, lrate 0.200000, validation error 30.930156 (%)
[2015-05-31 21:46:48.522284] > epoch 29, training error 22.460037 (%)
[2015-05-31 21:46:52.756109] > epoch 29, lrate 0.200000, validation error 30.929050 (%)
[2015-05-31 21:47:20.441329] > epoch 30, training error 22.403448 (%)
[2015-05-31 21:47:24.674954] > epoch 30, lrate 0.200000, validation error 30.927502 (%)
[2015-05-31 21:47:52.328787] > epoch 31, training error 22.336338 (%)
[2015-05-31 21:47:56.567866] > epoch 31, lrate 0.200000, validation error 30.946303 (%)
[2015-05-31 21:48:23.919717] > epoch 32, training error 22.273872 (%)
[2015-05-31 21:48:27.946383] > epoch 32, lrate 0.200000, validation error 30.942322 (%)
[2015-05-31 21:48:54.576994] > epoch 33, training error 22.216050 (%)
[2015-05-31 21:48:58.818698] > epoch 33, lrate 0.200000, validation error 30.935465 (%)
[2015-05-31 21:49:26.516991] > epoch 34, training error 22.164201 (%)
[2015-05-31 21:49:30.746635] > epoch 34, lrate 0.200000, validation error 30.946082 (%)
[2015-05-31 21:49:58.443505] > epoch 35, training error 22.106569 (%)
[2015-05-31 21:50:02.690858] > epoch 35, lrate 0.200000, validation error 30.935907 (%)
[2015-05-31 21:50:30.376763] > epoch 36, training error 22.057089 (%)
[2015-05-31 21:50:34.608844] > epoch 36, lrate 0.200000, validation error 30.923299 (%)
[2015-05-31 21:51:02.315857] > epoch 37, training error 22.004102 (%)
[2015-05-31 21:51:06.557474] > epoch 37, lrate 0.200000, validation error 30.910028 (%)
[2015-05-31 21:51:34.209094] > epoch 38, training error 21.957940 (%)
[2015-05-31 21:51:38.492283] > epoch 38, lrate 0.200000, validation error 30.902507 (%)
[2015-05-31 21:52:06.099862] > epoch 39, training error 21.910356 (%)
[2015-05-31 21:52:10.371375] > epoch 39, lrate 0.200000, validation error 30.894766 (%)
[2015-05-31 21:52:38.319757] > epoch 40, training error 21.853767 (%)
[2015-05-31 21:52:42.614000] > epoch 40, lrate 0.200000, validation error 30.870435 (%)
[2015-05-31 21:53:10.289474] > epoch 41, training error 21.795472 (%)
[2015-05-31 21:53:14.532538] > epoch 41, lrate 0.200000, validation error 30.869107 (%)
[2015-05-31 21:53:42.205880] > epoch 42, training error 21.751111 (%)
[2015-05-31 21:53:46.517110] > epoch 42, lrate 0.200000, validation error 30.876628 (%)
[2015-05-31 21:54:14.241665] > epoch 43, training error 21.705897 (%)
[2015-05-31 21:54:18.502478] > epoch 43, lrate 0.200000, validation error 30.873531 (%)
[2015-05-31 21:54:46.200421] > epoch 44, training error 21.653099 (%)
[2015-05-31 21:54:50.492134] > epoch 44, lrate 0.200000, validation error 30.871319 (%)
[2015-05-31 21:55:18.255961] > epoch 45, training error 21.600302 (%)
[2015-05-31 21:55:22.486522] > epoch 45, lrate 0.200000, validation error 30.867338 (%)
[2015-05-31 21:55:50.147966] > epoch 46, training error 21.557931 (%)
[2015-05-31 21:55:54.398444] > epoch 46, lrate 0.200000, validation error 30.871098 (%)
[2015-05-31 21:56:22.091586] > epoch 47, training error 21.505323 (%)
[2015-05-31 21:56:26.328589] > epoch 47, lrate 0.200000, validation error 30.878840 (%)
[2015-05-31 21:56:54.005245] > epoch 48, training error 21.459066 (%)
[2015-05-31 21:56:58.243352] > epoch 48, lrate 0.200000, validation error 30.887024 (%)
[2015-05-31 21:57:25.890671] > epoch 49, training error 21.417644 (%)
[2015-05-31 21:57:30.143146] > epoch 49, lrate 0.200000, validation error 30.885918 (%)
[2015-05-31 21:57:57.801053] > epoch 50, training error 21.375557 (%)
[2015-05-31 21:58:02.065556] > epoch 50, lrate 0.200000, validation error 30.890563 (%)
[2015-05-31 21:58:29.753216] > epoch 51, training error 21.326552 (%)
[2015-05-31 21:58:34.047986] > epoch 51, lrate 0.200000, validation error 30.907374 (%)
[2015-05-31 21:59:01.741308] > epoch 52, training error 21.275460 (%)
[2015-05-31 21:59:06.033951] > epoch 52, lrate 0.200000, validation error 30.918433 (%)
[2015-05-31 21:59:33.749800] > epoch 53, training error 21.224085 (%)
[2015-05-31 21:59:38.045730] > epoch 53, lrate 0.200000, validation error 30.930599 (%)
[2015-05-31 22:00:05.733320] > epoch 54, training error 21.181145 (%)
[2015-05-31 22:00:10.019687] > epoch 54, lrate 0.200000, validation error 30.933695 (%)
[2015-05-31 22:00:37.422099] > epoch 55, training error 21.140386 (%)
[2015-05-31 22:00:41.691383] > epoch 55, lrate 0.200000, validation error 30.946746 (%)
[2015-05-31 22:01:09.107047] > epoch 56, training error 21.089295 (%)
[2015-05-31 22:01:13.323359] > epoch 56, lrate 0.200000, validation error 30.990099 (%)
[2015-05-31 22:01:40.657211] > epoch 57, training error 21.054887 (%)
[2015-05-31 22:01:44.903513] > epoch 57, lrate 0.200000, validation error 31.005583 (%)
[2015-05-31 22:02:12.327983] > epoch 58, training error 20.998392 (%)
[2015-05-31 22:02:16.533119] > epoch 58, lrate 0.200000, validation error 31.031462 (%)
[2015-05-31 22:02:43.841675] > epoch 59, training error 20.959624 (%)
[2015-05-31 22:02:48.037774] > epoch 59, lrate 0.200000, validation error 31.057784 (%)
[2015-05-31 22:03:15.642296] > epoch 60, training error 20.916495 (%)
[2015-05-31 22:03:19.904521] > epoch 60, lrate 0.200000, validation error 31.097378 (%)
[2015-05-31 22:03:47.231176] > epoch 61, training error 20.874882 (%)
[2015-05-31 22:03:51.267868] > epoch 61, lrate 0.200000, validation error 31.115294 (%)
[2015-05-31 22:04:17.514733] > epoch 62, training error 20.827393 (%)
[2015-05-31 22:04:21.549051] > epoch 62, lrate 0.200000, validation error 31.137413 (%)
[2015-05-31 22:04:47.764663] > epoch 63, training error 20.780094 (%)
[2015-05-31 22:04:51.893121] > epoch 63, lrate 0.200000, validation error 31.159532 (%)
[2015-05-31 22:05:19.582388] > epoch 64, training error 20.741041 (%)
[2015-05-31 22:05:24.154524] > epoch 64, lrate 0.200000, validation error 31.175016 (%)
[2015-05-31 22:05:53.441997] > epoch 65, training error 20.698101 (%)
[2015-05-31 22:05:57.923303] > epoch 65, lrate 0.200000, validation error 31.211734 (%)
[2015-05-31 22:06:26.145854] > epoch 66, training error 20.660470 (%)
[2015-05-31 22:06:30.351690] > epoch 66, lrate 0.200000, validation error 31.231862 (%)
[2015-05-31 22:06:57.600448] > epoch 67, training error 20.616867 (%)
[2015-05-31 22:07:01.785019] > epoch 67, lrate 0.200000, validation error 31.258848 (%)
[2015-05-31 22:07:28.969541] > epoch 68, training error 20.580563 (%)
[2015-05-31 22:07:33.216974] > epoch 68, lrate 0.200000, validation error 31.280082 (%)
[2015-05-31 22:08:01.669931] > epoch 69, training error 20.539804 (%)
[2015-05-31 22:08:05.814902] > epoch 69, lrate 0.200000, validation error 31.312819 (%)
[2015-05-31 22:08:33.968383] > epoch 70, training error 20.501319 (%)
[2015-05-31 22:08:38.452252] > epoch 70, lrate 0.200000, validation error 31.337813 (%)
[2015-05-31 22:09:07.030387] > epoch 71, training error 20.464067 (%)
[2015-05-31 22:09:11.201344] > epoch 71, lrate 0.200000, validation error 31.372319 (%)
[2015-05-31 22:09:39.267792] > epoch 72, training error 20.423972 (%)
[2015-05-31 22:09:43.567202] > epoch 72, lrate 0.200000, validation error 31.412134 (%)
[2015-05-31 22:10:11.729684] > epoch 73, training error 20.388900 (%)
[2015-05-31 22:10:16.505994] > epoch 73, lrate 0.200000, validation error 31.441773 (%)
[2015-05-31 22:10:44.344120] > epoch 74, training error 20.357146 (%)
[2015-05-31 22:10:48.530354] > epoch 74, lrate 0.200000, validation error 31.465441 (%)
[2015-05-31 22:11:16.368855] > epoch 75, training error 20.324064 (%)
[2015-05-31 22:11:20.627318] > epoch 75, lrate 0.200000, validation error 31.475837 (%)
[2015-05-31 22:11:48.031313] > epoch 76, training error 20.289845 (%)
[2015-05-31 22:11:52.189176] > epoch 76, lrate 0.200000, validation error 31.508131 (%)
[2015-05-31 22:12:19.242802] > epoch 77, training error 20.256575 (%)
[2015-05-31 22:12:23.351610] > epoch 77, lrate 0.200000, validation error 31.533347 (%)
[2015-05-31 22:12:50.155764] > epoch 78, training error 20.217711 (%)
[2015-05-31 22:12:54.206446] > epoch 78, lrate 0.200000, validation error 31.559890 (%)
[2015-05-31 22:13:21.147951] > epoch 79, training error 20.183966 (%)
[2015-05-31 22:13:25.240107] > epoch 79, lrate 0.200000, validation error 31.590414 (%)
[2015-05-31 22:13:52.888867] > epoch 80, training error 20.149747 (%)
[2015-05-31 22:13:57.029015] > epoch 80, lrate 0.200000, validation error 31.633768 (%)
[2015-05-31 22:14:24.088331] > epoch 81, training error 20.117140 (%)
[2015-05-31 22:14:28.222355] > epoch 81, lrate 0.200000, validation error 31.667389 (%)
[2015-05-31 22:14:55.023939] > epoch 82, training error 20.085007 (%)
[2015-05-31 22:14:59.176671] > epoch 82, lrate 0.200000, validation error 31.695923 (%)
[2015-05-31 22:15:26.287321] > epoch 83, training error 20.052020 (%)
[2015-05-31 22:15:30.441391] > epoch 83, lrate 0.200000, validation error 31.716273 (%)
[2015-05-31 22:15:57.317561] > epoch 84, training error 20.021972 (%)
[2015-05-31 22:16:01.381297] > epoch 84, lrate 0.200000, validation error 31.753433 (%)
[2015-05-31 22:16:28.090283] > epoch 85, training error 19.989080 (%)
[2015-05-31 22:16:32.160533] > epoch 85, lrate 0.200000, validation error 31.776879 (%)
[2015-05-31 22:16:58.980849] > epoch 86, training error 19.955715 (%)
[2015-05-31 22:17:03.073386] > epoch 86, lrate 0.200000, validation error 31.802980 (%)
[2015-05-31 22:17:30.175888] > epoch 87, training error 19.927657 (%)
[2015-05-31 22:17:34.326394] > epoch 87, lrate 0.200000, validation error 31.838813 (%)
[2015-05-31 22:18:01.033534] > epoch 88, training error 19.888035 (%)
[2015-05-31 22:18:05.205525] > epoch 88, lrate 0.200000, validation error 31.877079 (%)
[2015-05-31 22:18:31.704071] > epoch 89, training error 19.856850 (%)
[2015-05-31 22:18:35.806350] > epoch 89, lrate 0.200000, validation error 31.902074 (%)
[2015-05-31 22:19:03.382207] > epoch 90, training error 19.825664 (%)
[2015-05-31 22:19:07.661327] > epoch 90, lrate 0.200000, validation error 31.942110 (%)
[2015-05-31 22:19:34.882484] > epoch 91, training error 19.796943 (%)
[2015-05-31 22:19:38.897902] > epoch 91, lrate 0.200000, validation error 31.967547 (%)
[2015-05-31 22:20:05.680254] > epoch 92, training error 19.764336 (%)
[2015-05-31 22:20:09.872086] > epoch 92, lrate 0.200000, validation error 31.985684 (%)
[2015-05-31 22:20:36.415875] > epoch 93, training error 19.731634 (%)
[2015-05-31 22:20:40.445485] > epoch 93, lrate 0.200000, validation error 32.024835 (%)
[2015-05-31 22:21:06.958964] > epoch 94, training error 19.696846 (%)
[2015-05-31 22:21:11.028601] > epoch 94, lrate 0.200000, validation error 32.043416 (%)
[2015-05-31 22:21:37.895180] > epoch 95, training error 19.669642 (%)
[2015-05-31 22:21:42.090853] > epoch 95, lrate 0.200000, validation error 32.071507 (%)
[2015-05-31 22:22:09.245572] > epoch 96, training error 19.645281 (%)
[2015-05-31 22:22:13.386408] > epoch 96, lrate 0.200000, validation error 32.103801 (%)
[2015-05-31 22:22:40.411644] > epoch 97, training error 19.613527 (%)
[2015-05-31 22:22:44.513694] > epoch 97, lrate 0.200000, validation error 32.130344 (%)
[2015-05-31 22:23:11.090846] > epoch 98, training error 19.583289 (%)
[2015-05-31 22:23:15.088713] > epoch 98, lrate 0.200000, validation error 32.158435 (%)
[2015-05-31 22:23:41.782198] > epoch 99, training error 19.556085 (%)
[2015-05-31 22:23:45.969242] > epoch 99, lrate 0.200000, validation error 32.188517 (%)
[2015-05-31 22:24:13.383761] > epoch 100, training error 19.520349 (%)
[2015-05-31 22:24:17.489241] > epoch 100, lrate 0.200000, validation error 32.215282 (%)
[2015-05-31 22:24:17.673038] > ... the final PDNN model parameter is dnn256_256_256_0.2_100_norm.param
[2015-05-31 22:24:17.675800] > ... the final PDNN model config is dnn256_256_256_0.2_100_norm.cfg
