Using gpu device 0: GeForce GT 520M
[2015-05-29 14:47:08.911915] > ... building the model
[2015-05-29 14:47:09.249638] > ... getting the finetuning functions
[2015-05-29 14:47:13.730690] > ... finetuning the model
[2015-05-29 14:47:27.211568] > epoch 1, training error 36.590690 (%)
[2015-05-29 14:47:30.429332] > epoch 1, lrate 0.300000, validation error 40.306262 (%)
[2015-05-29 14:47:42.664966] > epoch 2, training error 33.589864 (%)
[2015-05-29 14:47:44.657137] > epoch 2, lrate 0.300000, validation error 41.481898 (%)
[2015-05-29 14:47:56.489777] > epoch 3, training error 32.787381 (%)
[2015-05-29 14:47:58.470252] > epoch 3, lrate 0.300000, validation error 39.654631 (%)
[2015-05-29 14:48:10.464725] > epoch 4, training error 32.324242 (%)
[2015-05-29 14:48:12.451067] > epoch 4, lrate 0.300000, validation error 39.132397 (%)
[2015-05-29 14:48:24.904331] > epoch 5, training error 31.770581 (%)
[2015-05-29 14:48:26.999390] > epoch 5, lrate 0.300000, validation error 39.048123 (%)
[2015-05-29 14:48:38.831076] > epoch 6, training error 31.599676 (%)
[2015-05-29 14:48:40.821299] > epoch 6, lrate 0.300000, validation error 38.501778 (%)
[2015-05-29 14:48:52.621508] > epoch 7, training error 31.383652 (%)
[2015-05-29 14:48:54.614676] > epoch 7, lrate 0.300000, validation error 38.114471 (%)
[2015-05-29 14:49:06.434957] > epoch 8, training error 31.254360 (%)
[2015-05-29 14:49:08.429321] > epoch 8, lrate 0.300000, validation error 38.479880 (%)
[2015-05-29 14:49:20.302536] > epoch 9, training error 31.126301 (%)
[2015-05-29 14:49:22.296186] > epoch 9, lrate 0.300000, validation error 38.619453 (%)
[2015-05-29 14:49:34.188634] > epoch 10, training error 30.946865 (%)
[2015-05-29 14:49:36.179954] > epoch 10, lrate 0.300000, validation error 38.290982 (%)
[2015-05-29 14:49:48.110017] > epoch 11, training error 30.858711 (%)
[2015-05-29 14:49:50.144845] > epoch 11, lrate 0.300000, validation error 38.131724 (%)
[2015-05-29 14:50:02.694948] > epoch 12, training error 30.709229 (%)
[2015-05-29 14:50:04.759904] > epoch 12, lrate 0.300000, validation error 37.796176 (%)
[2015-05-29 14:50:16.617239] > epoch 13, training error 30.592923 (%)
[2015-05-29 14:50:18.614408] > epoch 13, lrate 0.300000, validation error 37.579629 (%)
[2015-05-29 14:50:30.427336] > epoch 14, training error 30.459461 (%)
[2015-05-29 14:50:32.435089] > epoch 14, lrate 0.300000, validation error 37.686022 (%)
[2015-05-29 14:50:44.251263] > epoch 15, training error 30.363819 (%)
[2015-05-29 14:50:46.260256] > epoch 15, lrate 0.300000, validation error 37.762334 (%)
[2015-05-29 14:50:58.152466] > epoch 16, training error 30.351591 (%)
[2015-05-29 14:51:00.148747] > epoch 16, lrate 0.300000, validation error 37.587371 (%)
[2015-05-29 14:51:11.964770] > epoch 17, training error 30.292727 (%)
[2015-05-29 14:51:13.960778] > epoch 17, lrate 0.300000, validation error 37.988171 (%)
[2015-05-29 14:51:26.068817] > epoch 18, training error 30.201445 (%)
[2015-05-29 14:51:28.324271] > epoch 18, lrate 0.300000, validation error 37.433642 (%)
[2015-05-29 14:51:40.475415] > epoch 19, training error 30.239645 (%)
[2015-05-29 14:51:42.485625] > epoch 19, lrate 0.300000, validation error 37.095219 (%)
[2015-05-29 14:51:54.470557] > epoch 20, training error 30.109690 (%)
[2015-05-29 14:51:56.562365] > epoch 20, lrate 0.300000, validation error 37.567021 (%)
[2015-05-29 14:52:08.799487] > epoch 21, training error 30.038693 (%)
[2015-05-29 14:52:10.931924] > epoch 21, lrate 0.300000, validation error 37.183032 (%)
[2015-05-29 14:52:23.709082] > epoch 22, training error 29.953098 (%)
[2015-05-29 14:52:25.807489] > epoch 22, lrate 0.300000, validation error 37.406657 (%)
[2015-05-29 14:52:37.699364] > epoch 23, training error 29.938691 (%)
[2015-05-29 14:52:39.747904] > epoch 23, lrate 0.300000, validation error 36.975111 (%)
[2015-05-29 14:52:51.676903] > epoch 24, training error 29.912434 (%)
[2015-05-29 14:52:53.676624] > epoch 24, lrate 0.300000, validation error 36.868276 (%)
[2015-05-29 14:53:05.691441] > epoch 25, training error 29.846651 (%)
[2015-05-29 14:53:07.697119] > epoch 25, lrate 0.300000, validation error 36.882432 (%)
[2015-05-29 14:53:19.749996] > epoch 26, training error 29.910254 (%)
[2015-05-29 14:53:21.752476] > epoch 26, lrate 0.300000, validation error 37.066243 (%)
[2015-05-29 14:53:33.795988] > epoch 27, training error 29.800109 (%)
[2015-05-29 14:53:35.816906] > epoch 27, lrate 0.300000, validation error 36.960734 (%)
[2015-05-29 14:53:47.779273] > epoch 28, training error 29.860111 (%)
[2015-05-29 14:53:49.901157] > epoch 28, lrate 0.300000, validation error 37.185023 (%)
[2015-05-29 14:54:01.884764] > epoch 29, training error 29.723425 (%)
[2015-05-29 14:54:03.998456] > epoch 29, lrate 0.300000, validation error 36.789753 (%)
[2015-05-29 14:54:16.580431] > epoch 30, training error 29.689585 (%)
[2015-05-29 14:54:18.608144] > epoch 30, lrate 0.300000, validation error 36.924680 (%)
[2015-05-29 14:54:30.700224] > epoch 31, training error 29.678211 (%)
[2015-05-29 14:54:32.754315] > epoch 31, lrate 0.300000, validation error 36.737773 (%)
[2015-05-29 14:54:44.589052] > epoch 32, training error 29.678685 (%)
[2015-05-29 14:54:46.591083] > epoch 32, lrate 0.300000, validation error 36.937066 (%)
[2015-05-29 14:54:58.464909] > epoch 33, training error 29.658115 (%)
[2015-05-29 14:55:00.460695] > epoch 33, lrate 0.300000, validation error 36.630937 (%)
[2015-05-29 14:55:12.299776] > epoch 34, training error 29.572995 (%)
[2015-05-29 14:55:14.300298] > epoch 34, lrate 0.300000, validation error 36.651729 (%)
[2015-05-29 14:55:26.420004] > epoch 35, training error 29.571573 (%)
[2015-05-29 14:55:28.484234] > epoch 35, lrate 0.300000, validation error 36.798379 (%)
[2015-05-29 14:55:40.628797] > epoch 36, training error 29.578303 (%)
[2015-05-29 14:55:42.650202] > epoch 36, lrate 0.300000, validation error 37.144323 (%)
[2015-05-29 14:55:54.617677] > epoch 37, training error 29.536217 (%)
[2015-05-29 14:55:56.623610] > epoch 37, lrate 0.300000, validation error 37.084380 (%)
[2015-05-29 14:56:08.750524] > epoch 38, training error 29.514700 (%)
[2015-05-29 14:56:10.760571] > epoch 38, lrate 0.300000, validation error 36.632706 (%)
[2015-05-29 14:56:22.800648] > epoch 39, training error 29.497733 (%)
[2015-05-29 14:56:24.864803] > epoch 39, lrate 0.300000, validation error 36.670088 (%)
[2015-05-29 14:56:37.339109] > epoch 40, training error 29.509392 (%)
[2015-05-29 14:56:39.404162] > epoch 40, lrate 0.300000, validation error 36.497337 (%)
[2015-05-29 14:56:51.469878] > epoch 41, training error 29.423608 (%)
[2015-05-29 14:56:53.487295] > epoch 41, lrate 0.300000, validation error 36.601076 (%)
[2015-05-29 14:57:05.388442] > epoch 42, training error 29.420764 (%)
[2015-05-29 14:57:07.379328] > epoch 42, lrate 0.300000, validation error 36.567676 (%)
[2015-05-29 14:57:19.349641] > epoch 43, training error 29.396119 (%)
[2015-05-29 14:57:21.356529] > epoch 43, lrate 0.300000, validation error 36.619656 (%)
[2015-05-29 14:57:33.261159] > epoch 44, training error 29.418300 (%)
[2015-05-29 14:57:35.258557] > epoch 44, lrate 0.300000, validation error 36.697958 (%)
[2015-05-29 14:57:47.197763] > epoch 45, training error 29.385408 (%)
[2015-05-29 14:57:49.291295] > epoch 45, lrate 0.300000, validation error 36.600633 (%)
[2015-05-29 14:58:01.446560] > epoch 46, training error 29.393465 (%)
[2015-05-29 14:58:03.436316] > epoch 46, lrate 0.300000, validation error 36.690437 (%)
[2015-05-29 14:58:15.358158] > epoch 47, training error 29.342753 (%)
[2015-05-29 14:58:17.357236] > epoch 47, lrate 0.300000, validation error 36.870266 (%)
[2015-05-29 14:58:29.248867] > epoch 48, training error 29.250808 (%)
[2015-05-29 14:58:31.238915] > epoch 48, lrate 0.300000, validation error 36.822268 (%)
[2015-05-29 14:58:43.231955] > epoch 49, training error 29.279529 (%)
[2015-05-29 14:58:45.213754] > epoch 49, lrate 0.300000, validation error 36.721183 (%)
[2015-05-29 14:58:57.758923] > epoch 50, training error 29.259339 (%)
[2015-05-29 14:59:00.026556] > epoch 50, lrate 0.300000, validation error 37.024216 (%)
[2015-05-29 14:59:13.293942] > epoch 51, training error 29.286638 (%)
[2015-05-29 14:59:15.316756] > epoch 51, lrate 0.300000, validation error 36.454647 (%)
[2015-05-29 14:59:27.775837] > epoch 52, training error 29.306164 (%)
[2015-05-29 14:59:29.840650] > epoch 52, lrate 0.300000, validation error 36.430316 (%)
[2015-05-29 14:59:41.901228] > epoch 53, training error 29.269197 (%)
[2015-05-29 14:59:43.890538] > epoch 53, lrate 0.300000, validation error 36.607048 (%)
[2015-05-29 14:59:55.772894] > epoch 54, training error 29.254789 (%)
[2015-05-29 14:59:57.761996] > epoch 54, lrate 0.300000, validation error 36.518129 (%)
[2015-05-29 15:00:09.645573] > epoch 55, training error 29.179811 (%)
[2015-05-29 15:00:11.642571] > epoch 55, lrate 0.300000, validation error 36.662125 (%)
[2015-05-29 15:00:23.569048] > epoch 56, training error 29.207394 (%)
[2015-05-29 15:00:25.555887] > epoch 56, lrate 0.300000, validation error 36.562146 (%)
[2015-05-29 15:00:37.512275] > epoch 57, training error 29.085496 (%)
[2015-05-29 15:00:39.527433] > epoch 57, lrate 0.300000, validation error 36.753256 (%)
[2015-05-29 15:00:51.433019] > epoch 58, training error 29.125781 (%)
[2015-05-29 15:00:53.439703] > epoch 58, lrate 0.300000, validation error 36.886192 (%)
[2015-05-29 15:01:05.497826] > epoch 59, training error 29.136682 (%)
[2015-05-29 15:01:07.513959] > epoch 59, lrate 0.300000, validation error 36.901897 (%)
[2015-05-29 15:01:19.540189] > epoch 60, training error 29.103032 (%)
[2015-05-29 15:01:21.560686] > epoch 60, lrate 0.300000, validation error 36.940163 (%)
[2015-05-29 15:01:33.412753] > epoch 61, training error 29.126729 (%)
[2015-05-29 15:01:35.424133] > epoch 61, lrate 0.300000, validation error 36.641775 (%)
[2015-05-29 15:01:47.515607] > epoch 62, training error 29.184455 (%)
[2015-05-29 15:01:49.642739] > epoch 62, lrate 0.300000, validation error 36.719635 (%)
[2015-05-29 15:02:01.928326] > epoch 63, training error 29.105686 (%)
[2015-05-29 15:02:04.171644] > epoch 63, lrate 0.300000, validation error 36.724722 (%)
[2015-05-29 15:02:16.884792] > epoch 64, training error 29.161232 (%)
[2015-05-29 15:02:19.071512] > epoch 64, lrate 0.300000, validation error 36.860092 (%)
[2015-05-29 15:02:31.685998] > epoch 65, training error 29.169574 (%)
[2015-05-29 15:02:33.687526] > epoch 65, lrate 0.300000, validation error 36.351350 (%)
[2015-05-29 15:02:45.641591] > epoch 66, training error 29.060661 (%)
[2015-05-29 15:02:47.649943] > epoch 66, lrate 0.300000, validation error 36.396031 (%)
[2015-05-29 15:02:59.592139] > epoch 67, training error 29.156587 (%)
[2015-05-29 15:03:01.661285] > epoch 67, lrate 0.300000, validation error 37.018023 (%)
[2015-05-29 15:03:13.743227] > epoch 68, training error 29.179716 (%)
[2015-05-29 15:03:15.792679] > epoch 68, lrate 0.300000, validation error 36.458186 (%)
[2015-05-29 15:03:27.813686] > epoch 69, training error 29.132890 (%)
[2015-05-29 15:03:29.825631] > epoch 69, lrate 0.300000, validation error 37.083053 (%)
[2015-05-29 15:03:42.773457] > epoch 70, training error 29.175735 (%)
[2015-05-29 15:03:44.810558] > epoch 70, lrate 0.300000, validation error 36.630273 (%)
[2015-05-29 15:03:56.968345] > epoch 71, training error 29.138767 (%)
[2015-05-29 15:03:58.982628] > epoch 71, lrate 0.300000, validation error 36.789531 (%)
[2015-05-29 15:04:10.921929] > epoch 72, training error 29.131658 (%)
[2015-05-29 15:04:12.924218] > epoch 72, lrate 0.300000, validation error 36.795946 (%)
[2015-05-29 15:04:24.841683] > epoch 73, training error 29.070519 (%)
[2015-05-29 15:04:26.830006] > epoch 73, lrate 0.300000, validation error 36.983738 (%)
[2015-05-29 15:04:38.678331] > epoch 74, training error 29.086349 (%)
[2015-05-29 15:04:40.669009] > epoch 74, lrate 0.300000, validation error 36.608596 (%)
[2015-05-29 15:04:52.535345] > epoch 75, training error 29.079429 (%)
[2015-05-29 15:04:54.512498] > epoch 75, lrate 0.300000, validation error 36.712335 (%)
[2015-05-29 15:05:06.369541] > epoch 76, training error 29.076586 (%)
[2015-05-29 15:05:08.348513] > epoch 76, lrate 0.300000, validation error 36.636688 (%)
[2015-05-29 15:05:20.193161] > epoch 77, training error 29.106160 (%)
[2015-05-29 15:05:22.178994] > epoch 77, lrate 0.300000, validation error 36.689331 (%)
[2015-05-29 15:05:34.020146] > epoch 78, training error 29.013930 (%)
[2015-05-29 15:05:35.998515] > epoch 78, lrate 0.300000, validation error 36.862525 (%)
[2015-05-29 15:05:47.857104] > epoch 79, training error 29.010707 (%)
[2015-05-29 15:05:49.919094] > epoch 79, lrate 0.300000, validation error 36.648411 (%)
[2015-05-29 15:06:01.931292] > epoch 80, training error 28.961322 (%)
[2015-05-29 15:06:03.949923] > epoch 80, lrate 0.300000, validation error 36.360198 (%)
[2015-05-29 15:06:15.797854] > epoch 81, training error 28.953170 (%)
[2015-05-29 15:06:17.781861] > epoch 81, lrate 0.300000, validation error 36.448232 (%)
[2015-05-29 15:06:29.624084] > epoch 82, training error 28.990233 (%)
[2015-05-29 15:06:31.607430] > epoch 82, lrate 0.300000, validation error 37.006742 (%)
[2015-05-29 15:06:43.519380] > epoch 83, training error 29.096776 (%)
[2015-05-29 15:06:45.547210] > epoch 83, lrate 0.300000, validation error 36.711008 (%)
[2015-05-29 15:06:57.615125] > epoch 84, training error 29.104738 (%)
[2015-05-29 15:06:59.613558] > epoch 84, lrate 0.300000, validation error 36.678493 (%)
[2015-05-29 15:07:11.501919] > epoch 85, training error 29.076301 (%)
[2015-05-29 15:07:13.505790] > epoch 85, lrate 0.300000, validation error 36.735339 (%)
[2015-05-29 15:07:25.400299] > epoch 86, training error 29.052035 (%)
[2015-05-29 15:07:27.386816] > epoch 86, lrate 0.300000, validation error 36.862525 (%)
[2015-05-29 15:07:39.202937] > epoch 87, training error 29.106728 (%)
[2015-05-29 15:07:41.202415] > epoch 87, lrate 0.300000, validation error 36.855668 (%)
[2015-05-29 15:07:53.356556] > epoch 88, training error 29.055732 (%)
[2015-05-29 15:07:55.363152] > epoch 88, lrate 0.300000, validation error 36.858986 (%)
[2015-05-29 15:08:07.285090] > epoch 89, training error 29.041419 (%)
[2015-05-29 15:08:09.290622] > epoch 89, lrate 0.300000, validation error 36.989931 (%)
[2015-05-29 15:08:21.192593] > epoch 90, training error 29.044547 (%)
[2015-05-29 15:08:23.246409] > epoch 90, lrate 0.300000, validation error 36.841069 (%)
[2015-05-29 15:08:35.155525] > epoch 91, training error 29.058102 (%)
[2015-05-29 15:08:37.164456] > epoch 91, lrate 0.300000, validation error 36.810102 (%)
[2015-05-29 15:08:49.335430] > epoch 92, training error 29.021324 (%)
[2015-05-29 15:08:51.327739] > epoch 92, lrate 0.300000, validation error 37.254698 (%)
[2015-05-29 15:09:03.324829] > epoch 93, training error 28.980564 (%)
[2015-05-29 15:09:05.306445] > epoch 93, lrate 0.300000, validation error 36.655268 (%)
[2015-05-29 15:09:17.329453] > epoch 94, training error 29.021229 (%)
[2015-05-29 15:09:19.397306] > epoch 94, lrate 0.300000, validation error 36.708354 (%)
[2015-05-29 15:09:31.485213] > epoch 95, training error 28.950990 (%)
[2015-05-29 15:09:33.590219] > epoch 95, lrate 0.300000, validation error 36.685792 (%)
[2015-05-29 15:09:45.810044] > epoch 96, training error 29.019523 (%)
[2015-05-29 15:09:47.876875] > epoch 96, lrate 0.300000, validation error 36.971351 (%)
[2015-05-29 15:10:00.166218] > epoch 97, training error 28.950896 (%)
[2015-05-29 15:10:02.242867] > epoch 97, lrate 0.300000, validation error 36.943702 (%)
[2015-05-29 15:10:14.206225] > epoch 98, training error 28.933549 (%)
[2015-05-29 15:10:16.242619] > epoch 98, lrate 0.300000, validation error 36.755247 (%)
[2015-05-29 15:10:28.223803] > epoch 99, training error 28.950042 (%)
[2015-05-29 15:10:30.281431] > epoch 99, lrate 0.300000, validation error 36.778029 (%)
[2015-05-29 15:10:42.358254] > epoch 100, training error 28.925587 (%)
[2015-05-29 15:10:44.440423] > epoch 100, lrate 0.300000, validation error 37.027313 (%)
[2015-05-29 15:10:44.483787] > ... the final PDNN model parameter is dnn.param
[2015-05-29 15:10:44.496386] > ... the final PDNN model config is dnn.cfg
