Using gpu device 0: GeForce GT 520M
[2015-05-30 12:10:35.384083] > ... building the model
[2015-05-30 12:10:35.945938] > ... getting the finetuning functions
[2015-05-30 12:10:41.800985] > ... finetuning the model
[2015-05-30 12:11:18.010533] > epoch 1, training error 38.544668 (%)
[2015-05-30 12:11:25.360232] > epoch 1, lrate 0.300000, validation error 40.648889 (%)
[2015-05-30 12:11:48.436787] > epoch 2, training error 33.649012 (%)
[2015-05-30 12:11:52.143670] > epoch 2, lrate 0.300000, validation error 39.924264 (%)
[2015-05-30 12:12:14.946588] > epoch 3, training error 32.517043 (%)
[2015-05-30 12:12:18.611595] > epoch 3, lrate 0.300000, validation error 39.677856 (%)
[2015-05-30 12:12:41.389751] > epoch 4, training error 31.834753 (%)
[2015-05-30 12:12:45.183299] > epoch 4, lrate 0.300000, validation error 38.144775 (%)
[2015-05-30 12:13:08.110918] > epoch 5, training error 31.424506 (%)
[2015-05-30 12:13:11.815983] > epoch 5, lrate 0.300000, validation error 37.986844 (%)
[2015-05-30 12:13:34.533299] > epoch 6, training error 31.053503 (%)
[2015-05-30 12:13:38.253655] > epoch 6, lrate 0.300000, validation error 38.339423 (%)
[2015-05-30 12:14:01.098277] > epoch 7, training error 30.765913 (%)
[2015-05-30 12:14:04.811640] > epoch 7, lrate 0.300000, validation error 38.268863 (%)
[2015-05-30 12:14:28.095524] > epoch 8, training error 30.466001 (%)
[2015-05-30 12:14:31.703856] > epoch 8, lrate 0.300000, validation error 38.691119 (%)
[2015-05-30 12:14:54.127577] > epoch 9, training error 30.401545 (%)
[2015-05-30 12:14:57.715704] > epoch 9, lrate 0.300000, validation error 37.853465 (%)
[2015-05-30 12:15:19.812137] > epoch 10, training error 30.150449 (%)
[2015-05-30 12:15:23.509291] > epoch 10, lrate 0.300000, validation error 37.816747 (%)
[2015-05-30 12:15:45.523077] > epoch 11, training error 30.018313 (%)
[2015-05-30 12:15:49.206495] > epoch 11, lrate 0.300000, validation error 38.428343 (%)
[2015-05-30 12:16:11.632918] > epoch 12, training error 29.884945 (%)
[2015-05-30 12:16:15.365372] > epoch 12, lrate 0.300000, validation error 38.035948 (%)
[2015-05-30 12:16:37.580937] > epoch 13, training error 29.831295 (%)
[2015-05-30 12:16:41.280789] > epoch 13, lrate 0.300000, validation error 37.301591 (%)
[2015-05-30 12:17:04.609748] > epoch 14, training error 29.749113 (%)
[2015-05-30 12:17:08.293622] > epoch 14, lrate 0.300000, validation error 37.651516 (%)
[2015-05-30 12:17:30.704832] > epoch 15, training error 29.541715 (%)
[2015-05-30 12:17:34.353234] > epoch 15, lrate 0.300000, validation error 37.479429 (%)
[2015-05-30 12:17:56.606406] > epoch 16, training error 29.434793 (%)
[2015-05-30 12:18:00.171242] > epoch 16, lrate 0.300000, validation error 37.269739 (%)
[2015-05-30 12:18:22.265987] > epoch 17, training error 29.388441 (%)
[2015-05-30 12:18:25.818690] > epoch 17, lrate 0.300000, validation error 37.072215 (%)
[2015-05-30 12:18:47.831948] > epoch 18, training error 29.254220 (%)
[2015-05-30 12:18:51.547420] > epoch 18, lrate 0.300000, validation error 37.455098 (%)
[2015-05-30 12:19:13.941616] > epoch 19, training error 29.194882 (%)
[2015-05-30 12:19:17.622690] > epoch 19, lrate 0.300000, validation error 37.314862 (%)
[2015-05-30 12:19:40.303451] > epoch 20, training error 29.118482 (%)
[2015-05-30 12:19:43.930226] > epoch 20, lrate 0.300000, validation error 36.813641 (%)
[2015-05-30 12:20:06.550854] > epoch 21, training error 29.045684 (%)
[2015-05-30 12:20:10.282952] > epoch 21, lrate 0.300000, validation error 37.182811 (%)
[2015-05-30 12:20:32.631610] > epoch 22, training error 28.898288 (%)
[2015-05-30 12:20:36.282024] > epoch 22, lrate 0.300000, validation error 36.838857 (%)
[2015-05-30 12:20:58.296779] > epoch 23, training error 28.926440 (%)
[2015-05-30 12:21:01.912701] > epoch 23, lrate 0.300000, validation error 36.993692 (%)
[2015-05-30 12:21:23.934405] > epoch 24, training error 28.780750 (%)
[2015-05-30 12:21:27.620788] > epoch 24, lrate 0.300000, validation error 36.938394 (%)
[2015-05-30 12:21:49.806100] > epoch 25, training error 28.719516 (%)
[2015-05-30 12:21:53.459067] > epoch 25, lrate 0.300000, validation error 36.989931 (%)
[2015-05-30 12:22:15.733655] > epoch 26, training error 28.709468 (%)
[2015-05-30 12:22:19.578699] > epoch 26, lrate 0.300000, validation error 36.646863 (%)
[2015-05-30 12:22:41.559744] > epoch 27, training error 28.686055 (%)
[2015-05-30 12:22:45.320478] > epoch 27, lrate 0.300000, validation error 36.246726 (%)
[2015-05-30 12:23:07.778411] > epoch 28, training error 28.508042 (%)
[2015-05-30 12:23:11.374476] > epoch 28, lrate 0.300000, validation error 36.478978 (%)
[2015-05-30 12:23:33.378357] > epoch 29, training error 28.475340 (%)
[2015-05-30 12:23:36.948406] > epoch 29, lrate 0.300000, validation error 36.841069 (%)
[2015-05-30 12:23:58.832800] > epoch 30, training error 28.466335 (%)
[2015-05-30 12:24:02.462215] > epoch 30, lrate 0.300000, validation error 36.763210 (%)
[2015-05-30 12:24:24.884433] > epoch 31, training error 28.405291 (%)
[2015-05-30 12:24:28.537845] > epoch 31, lrate 0.300000, validation error 36.785550 (%)
[2015-05-30 12:24:50.673784] > epoch 32, training error 28.460174 (%)
[2015-05-30 12:24:54.259528] > epoch 32, lrate 0.300000, validation error 37.267748 (%)
[2015-05-30 12:25:16.818699] > epoch 33, training error 28.289933 (%)
[2015-05-30 12:25:20.422393] > epoch 33, lrate 0.300000, validation error 36.983738 (%)
[2015-05-30 12:25:42.267236] > epoch 34, training error 28.230595 (%)
[2015-05-30 12:25:45.909522] > epoch 34, lrate 0.300000, validation error 36.437836 (%)
[2015-05-30 12:26:07.868621] > epoch 35, training error 28.229173 (%)
[2015-05-30 12:26:11.478517] > epoch 35, lrate 0.300000, validation error 36.700612 (%)
[2015-05-30 12:26:33.959902] > epoch 36, training error 28.125569 (%)
[2015-05-30 12:26:37.766021] > epoch 36, lrate 0.300000, validation error 36.497558 (%)
[2015-05-30 12:27:00.658789] > epoch 37, training error 28.143579 (%)
[2015-05-30 12:27:04.342546] > epoch 37, lrate 0.300000, validation error 36.349138 (%)
[2015-05-30 12:27:26.438720] > epoch 38, training error 28.056752 (%)
[2015-05-30 12:27:30.034713] > epoch 38, lrate 0.300000, validation error 36.409081 (%)
[2015-05-30 12:27:52.171044] > epoch 39, training error 28.059122 (%)
[2015-05-30 12:27:55.812230] > epoch 39, lrate 0.300000, validation error 36.233455 (%)
[2015-05-30 12:28:18.258337] > epoch 40, training error 28.022344 (%)
[2015-05-30 12:28:21.874513] > epoch 40, lrate 0.300000, validation error 36.326134 (%)
[2015-05-30 12:28:45.296633] > epoch 41, training error 27.993433 (%)
[2015-05-30 12:28:48.982573] > epoch 41, lrate 0.300000, validation error 36.550202 (%)
[2015-05-30 12:29:11.013678] > epoch 42, training error 27.953148 (%)
[2015-05-30 12:29:14.574062] > epoch 42, lrate 0.300000, validation error 36.816296 (%)
[2015-05-30 12:29:37.190602] > epoch 43, training error 27.928123 (%)
[2015-05-30 12:29:41.002096] > epoch 43, lrate 0.300000, validation error 36.612799 (%)
[2015-05-30 12:30:03.196842] > epoch 44, training error 27.880066 (%)
[2015-05-30 12:30:06.884119] > epoch 44, lrate 0.300000, validation error 36.593113 (%)
[2015-05-30 12:30:29.036863] > epoch 45, training error 27.813619 (%)
[2015-05-30 12:30:32.716863] > epoch 45, lrate 0.300000, validation error 36.523880 (%)
[2015-05-30 12:30:54.881445] > epoch 46, training error 27.774565 (%)
[2015-05-30 12:30:58.480841] > epoch 46, lrate 0.300000, validation error 36.779357 (%)
[2015-05-30 12:31:20.499549] > epoch 47, training error 27.805467 (%)
[2015-05-30 12:31:24.097531] > epoch 47, lrate 0.300000, validation error 36.624522 (%)
[2015-05-30 12:31:45.990760] > epoch 48, training error 27.773712 (%)
[2015-05-30 12:31:49.570736] > epoch 48, lrate 0.300000, validation error 36.537815 (%)
[2015-05-30 12:32:11.593621] > epoch 49, training error 27.692004 (%)
[2015-05-30 12:32:15.220782] > epoch 49, lrate 0.300000, validation error 36.467697 (%)
[2015-05-30 12:32:37.970012] > epoch 50, training error 27.713521 (%)
[2015-05-30 12:32:41.551749] > epoch 50, lrate 0.300000, validation error 36.810102 (%)
[2015-05-30 12:33:04.822600] > epoch 51, training error 27.733996 (%)
[2015-05-30 12:33:08.620586] > epoch 51, lrate 0.300000, validation error 36.551971 (%)
[2015-05-30 12:33:31.563680] > epoch 52, training error 27.617500 (%)
[2015-05-30 12:33:35.453736] > epoch 52, lrate 0.300000, validation error 36.607269 (%)
[2015-05-30 12:33:58.582074] > epoch 53, training error 27.658544 (%)
[2015-05-30 12:34:02.132351] > epoch 53, lrate 0.300000, validation error 36.281453 (%)
[2015-05-30 12:34:24.140614] > epoch 54, training error 27.589538 (%)
[2015-05-30 12:34:27.733383] > epoch 54, lrate 0.300000, validation error 36.526534 (%)
[2015-05-30 12:34:49.655439] > epoch 55, training error 27.578826 (%)
[2015-05-30 12:34:53.207312] > epoch 55, lrate 0.300000, validation error 36.570551 (%)
[2015-05-30 12:35:15.095030] > epoch 56, training error 27.510199 (%)
[2015-05-30 12:35:18.643939] > epoch 56, lrate 0.300000, validation error 36.511493 (%)
[2015-05-30 12:35:40.479185] > epoch 57, training error 27.456264 (%)
[2015-05-30 12:35:44.023419] > epoch 57, lrate 0.300000, validation error 36.561925 (%)
[2015-05-30 12:36:05.844155] > epoch 58, training error 27.441003 (%)
[2015-05-30 12:36:09.392759] > epoch 58, lrate 0.300000, validation error 36.837530 (%)
[2015-05-30 12:36:31.201474] > epoch 59, training error 27.335598 (%)
[2015-05-30 12:36:34.742573] > epoch 59, lrate 0.300000, validation error 36.713884 (%)
[2015-05-30 12:36:56.655721] > epoch 60, training error 27.344319 (%)
[2015-05-30 12:37:00.205288] > epoch 60, lrate 0.300000, validation error 36.540248 (%)
[2015-05-30 12:37:22.025411] > epoch 61, training error 27.322896 (%)
[2015-05-30 12:37:25.601641] > epoch 61, lrate 0.300000, validation error 36.673848 (%)
[2015-05-30 12:37:47.446961] > epoch 62, training error 27.366878 (%)
[2015-05-30 12:37:51.021975] > epoch 62, lrate 0.300000, validation error 36.701939 (%)
[2015-05-30 12:38:12.828218] > epoch 63, training error 27.329532 (%)
[2015-05-30 12:38:16.355722] > epoch 63, lrate 0.300000, validation error 36.204258 (%)
[2015-05-30 12:38:38.182036] > epoch 64, training error 27.330574 (%)
[2015-05-30 12:38:41.714626] > epoch 64, lrate 0.300000, validation error 36.027746 (%)
[2015-05-30 12:39:03.545694] > epoch 65, training error 27.239672 (%)
[2015-05-30 12:39:07.099309] > epoch 65, lrate 0.300000, validation error 36.354226 (%)
[2015-05-30 12:39:28.904065] > epoch 66, training error 27.251994 (%)
[2015-05-30 12:39:32.452275] > epoch 66, lrate 0.300000, validation error 36.620983 (%)
[2015-05-30 12:39:54.246343] > epoch 67, training error 27.172940 (%)
[2015-05-30 12:39:57.790015] > epoch 67, lrate 0.300000, validation error 36.535603 (%)
[2015-05-30 12:40:19.601119] > epoch 68, training error 27.158343 (%)
[2015-05-30 12:40:23.149236] > epoch 68, lrate 0.300000, validation error 36.503088 (%)
[2015-05-30 12:40:44.934105] > epoch 69, training error 27.102702 (%)
[2015-05-30 12:40:48.479077] > epoch 69, lrate 0.300000, validation error 36.622089 (%)
[2015-05-30 12:41:10.254330] > epoch 70, training error 27.117773 (%)
[2015-05-30 12:41:13.801420] > epoch 70, lrate 0.300000, validation error 36.771394 (%)
[2015-05-30 12:41:35.601289] > epoch 71, training error 27.092465 (%)
[2015-05-30 12:41:39.199068] > epoch 71, lrate 0.300000, validation error 36.363295 (%)
[2015-05-30 12:42:01.135610] > epoch 72, training error 27.040046 (%)
[2015-05-30 12:42:04.757794] > epoch 72, lrate 0.300000, validation error 36.649517 (%)
[2015-05-30 12:42:26.590696] > epoch 73, training error 27.069431 (%)
[2015-05-30 12:42:30.200917] > epoch 73, lrate 0.300000, validation error 36.430979 (%)
[2015-05-30 12:42:52.021516] > epoch 74, training error 26.971324 (%)
[2015-05-30 12:42:55.599497] > epoch 74, lrate 0.300000, validation error 36.442924 (%)
[2015-05-30 12:43:17.443741] > epoch 75, training error 27.115024 (%)
[2015-05-30 12:43:21.159151] > epoch 75, lrate 0.300000, validation error 36.887077 (%)
[2015-05-30 12:43:44.012607] > epoch 76, training error 27.063744 (%)
[2015-05-30 12:43:47.653569] > epoch 76, lrate 0.300000, validation error 36.383644 (%)
[2015-05-30 12:44:10.711659] > epoch 77, training error 27.010567 (%)
[2015-05-30 12:44:14.362643] > epoch 77, lrate 0.300000, validation error 36.594440 (%)
[2015-05-30 12:44:37.060117] > epoch 78, training error 26.976253 (%)
[2015-05-30 12:44:40.752379] > epoch 78, lrate 0.300000, validation error 36.432306 (%)
[2015-05-30 12:45:03.417751] > epoch 79, training error 26.950755 (%)
[2015-05-30 12:45:07.110516] > epoch 79, lrate 0.300000, validation error 36.482738 (%)
[2015-05-30 12:45:29.788648] > epoch 80, training error 26.987533 (%)
[2015-05-30 12:45:33.459846] > epoch 80, lrate 0.300000, validation error 36.741754 (%)
[2015-05-30 12:45:56.062813] > epoch 81, training error 26.912081 (%)
[2015-05-30 12:45:59.786393] > epoch 81, lrate 0.300000, validation error 36.253141 (%)
[2015-05-30 12:46:22.738076] > epoch 82, training error 26.830563 (%)
[2015-05-30 12:46:26.482957] > epoch 82, lrate 0.300000, validation error 36.369046 (%)
[2015-05-30 12:46:49.162723] > epoch 83, training error 26.885446 (%)
[2015-05-30 12:46:53.088250] > epoch 83, lrate 0.300000, validation error 36.523216 (%)
[2015-05-30 12:47:15.899358] > epoch 84, training error 26.905351 (%)
[2015-05-30 12:47:19.580091] > epoch 84, lrate 0.300000, validation error 36.427440 (%)
[2015-05-30 12:47:42.428047] > epoch 85, training error 26.821748 (%)
[2015-05-30 12:47:46.181941] > epoch 85, lrate 0.300000, validation error 36.700833 (%)
[2015-05-30 12:48:09.129855] > epoch 86, training error 26.869237 (%)
[2015-05-30 12:48:12.992458] > epoch 86, lrate 0.300000, validation error 36.229031 (%)
[2015-05-30 12:48:36.220664] > epoch 87, training error 26.814070 (%)
[2015-05-30 12:48:39.828324] > epoch 87, lrate 0.300000, validation error 36.358649 (%)
[2015-05-30 12:49:02.490558] > epoch 88, training error 26.807908 (%)
[2015-05-30 12:49:06.091187] > epoch 88, lrate 0.300000, validation error 36.331000 (%)
[2015-05-30 12:49:29.179515] > epoch 89, training error 26.808003 (%)
[2015-05-30 12:49:33.025743] > epoch 89, lrate 0.300000, validation error 36.396473 (%)
[2015-05-30 12:49:56.234397] > epoch 90, training error 26.782315 (%)
[2015-05-30 12:49:59.993847] > epoch 90, lrate 0.300000, validation error 36.587804 (%)
[2015-05-30 12:50:22.631247] > epoch 91, training error 26.675014 (%)
[2015-05-30 12:50:26.252841] > epoch 91, lrate 0.300000, validation error 36.306669 (%)
[2015-05-30 12:50:48.651758] > epoch 92, training error 26.713404 (%)
[2015-05-30 12:50:52.194425] > epoch 92, lrate 0.300000, validation error 36.307112 (%)
[2015-05-30 12:51:14.334769] > epoch 93, training error 26.648189 (%)
[2015-05-30 12:51:17.979719] > epoch 93, lrate 0.300000, validation error 36.555068 (%)
[2015-05-30 12:51:40.043291] > epoch 94, training error 26.716437 (%)
[2015-05-30 12:51:43.641615] > epoch 94, lrate 0.300000, validation error 36.578957 (%)
[2015-05-30 12:52:05.651897] > epoch 95, training error 26.776818 (%)
[2015-05-30 12:52:09.235186] > epoch 95, lrate 0.300000, validation error 36.499328 (%)
[2015-05-30 12:52:31.295495] > epoch 96, training error 26.713688 (%)
[2015-05-30 12:52:34.887915] > epoch 96, lrate 0.300000, validation error 36.458628 (%)
[2015-05-30 12:52:56.933246] > epoch 97, training error 26.623639 (%)
[2015-05-30 12:53:00.488490] > epoch 97, lrate 0.300000, validation error 36.499106 (%)
[2015-05-30 12:53:22.569842] > epoch 98, training error 26.651696 (%)
[2015-05-30 12:53:26.182518] > epoch 98, lrate 0.300000, validation error 36.404436 (%)
[2015-05-30 12:53:48.212983] > epoch 99, training error 26.581458 (%)
[2015-05-30 12:53:51.823145] > epoch 99, lrate 0.300000, validation error 36.400897 (%)
[2015-05-30 12:54:14.038370] > epoch 100, training error 26.677953 (%)
[2015-05-30 12:54:17.652244] > epoch 100, lrate 0.300000, validation error 36.241639 (%)
[2015-05-30 12:54:17.712825] > ... the final PDNN model parameter is dnn128_128_128_128_0.3_100.param
[2015-05-30 12:54:17.715232] > ... the final PDNN model config is dnn128_128_128_128_0.3_100.cfg
