Using gpu device 0: GeForce GT 520M
[2015-05-30 13:55:40.528818] > ... building the model
[2015-05-30 13:55:41.017199] > ... getting the finetuning functions
[2015-05-30 13:55:46.927345] > ... finetuning the model
[2015-05-30 13:56:28.452954] > epoch 1, training error 36.599506 (%)
[2015-05-30 13:56:34.773203] > epoch 1, lrate 0.300000, validation error 40.437650 (%)
[2015-05-30 13:57:10.848767] > epoch 2, training error 31.704892 (%)
[2015-05-30 13:57:15.988997] > epoch 2, lrate 0.300000, validation error 38.293858 (%)
[2015-05-30 13:57:52.042124] > epoch 3, training error 30.485528 (%)
[2015-05-30 13:57:57.187555] > epoch 3, lrate 0.300000, validation error 38.396933 (%)
[2015-05-30 13:58:33.279741] > epoch 4, training error 29.892908 (%)
[2015-05-30 13:58:38.425183] > epoch 4, lrate 0.300000, validation error 37.598873 (%)
[2015-05-30 13:59:14.491296] > epoch 5, training error 29.481903 (%)
[2015-05-30 13:59:19.641750] > epoch 5, lrate 0.300000, validation error 37.738224 (%)
[2015-05-30 13:59:55.886758] > epoch 6, training error 29.205309 (%)
[2015-05-30 14:00:00.985628] > epoch 6, lrate 0.300000, validation error 37.394713 (%)
[2015-05-30 14:00:36.705458] > epoch 7, training error 28.907387 (%)
[2015-05-30 14:00:41.820219] > epoch 7, lrate 0.300000, validation error 37.549547 (%)
[2015-05-30 14:01:17.432921] > epoch 8, training error 28.746531 (%)
[2015-05-30 14:01:22.568361] > epoch 8, lrate 0.300000, validation error 37.122868 (%)
[2015-05-30 14:01:57.876632] > epoch 9, training error 28.562356 (%)
[2015-05-30 14:02:02.997728] > epoch 9, lrate 0.300000, validation error 36.893270 (%)
[2015-05-30 14:02:38.610143] > epoch 10, training error 28.318275 (%)
[2015-05-30 14:02:43.708260] > epoch 10, lrate 0.300000, validation error 36.603288 (%)
[2015-05-30 14:03:19.302702] > epoch 11, training error 28.167181 (%)
[2015-05-30 14:03:24.391512] > epoch 11, lrate 0.300000, validation error 36.938615 (%)
[2015-05-30 14:03:59.969127] > epoch 12, training error 27.915991 (%)
[2015-05-30 14:04:05.053206] > epoch 12, lrate 0.300000, validation error 36.726271 (%)
[2015-05-30 14:04:40.642819] > epoch 13, training error 27.836652 (%)
[2015-05-30 14:04:45.725016] > epoch 13, lrate 0.300000, validation error 36.657480 (%)
[2015-05-30 14:05:21.296197] > epoch 14, training error 27.730299 (%)
[2015-05-30 14:05:26.397278] > epoch 14, lrate 0.300000, validation error 36.485392 (%)
[2015-05-30 14:06:02.016044] > epoch 15, training error 27.581196 (%)
[2015-05-30 14:06:07.121576] > epoch 15, lrate 0.300000, validation error 36.376787 (%)
[2015-05-30 14:06:42.709527] > epoch 16, training error 27.502427 (%)
[2015-05-30 14:06:47.769895] > epoch 16, lrate 0.300000, validation error 36.584929 (%)
[2015-05-30 14:07:23.456559] > epoch 17, training error 27.363182 (%)
[2015-05-30 14:07:28.563866] > epoch 17, lrate 0.300000, validation error 36.482075 (%)
[2015-05-30 14:08:03.904566] > epoch 18, training error 27.206685 (%)
[2015-05-30 14:08:08.938033] > epoch 18, lrate 0.300000, validation error 35.927325 (%)
[2015-05-30 14:08:44.923728] > epoch 19, training error 27.127157 (%)
[2015-05-30 14:08:50.066160] > epoch 19, lrate 0.300000, validation error 35.790186 (%)
[2015-05-30 14:09:26.358105] > epoch 20, training error 26.977486 (%)
[2015-05-30 14:09:31.517057] > epoch 20, lrate 0.300000, validation error 36.355995 (%)
[2015-05-30 14:10:07.504651] > epoch 21, training error 26.912366 (%)
[2015-05-30 14:10:12.646923] > epoch 21, lrate 0.300000, validation error 36.027746 (%)
[2015-05-30 14:10:48.650718] > epoch 22, training error 26.808762 (%)
[2015-05-30 14:10:53.784920] > epoch 22, lrate 0.300000, validation error 36.018014 (%)
[2015-05-30 14:11:29.741685] > epoch 23, training error 26.773974 (%)
[2015-05-30 14:11:34.878466] > epoch 23, lrate 0.300000, validation error 35.576957 (%)
[2015-05-30 14:12:10.849418] > epoch 24, training error 26.678332 (%)
[2015-05-30 14:12:15.996248] > epoch 24, lrate 0.300000, validation error 35.671406 (%)
[2015-05-30 14:12:51.876179] > epoch 25, training error 26.634919 (%)
[2015-05-30 14:12:57.009225] > epoch 25, lrate 0.300000, validation error 35.666982 (%)
[2015-05-30 14:13:32.970424] > epoch 26, training error 26.548945 (%)
[2015-05-30 14:13:38.108110] > epoch 26, lrate 0.300000, validation error 35.407524 (%)
[2015-05-30 14:14:14.240211] > epoch 27, training error 26.464014 (%)
[2015-05-30 14:14:19.376160] > epoch 27, lrate 0.300000, validation error 35.585805 (%)
[2015-05-30 14:14:55.108950] > epoch 28, training error 26.314343 (%)
[2015-05-30 14:15:00.215554] > epoch 28, lrate 0.300000, validation error 35.451984 (%)
[2015-05-30 14:15:36.162090] > epoch 29, training error 26.236616 (%)
[2015-05-30 14:15:41.304604] > epoch 29, lrate 0.300000, validation error 35.117320 (%)
[2015-05-30 14:16:17.240759] > epoch 30, training error 26.188084 (%)
[2015-05-30 14:16:22.379285] > epoch 30, lrate 0.300000, validation error 35.786647 (%)
[2015-05-30 14:16:58.262974] > epoch 31, training error 26.159268 (%)
[2015-05-30 14:17:03.352993] > epoch 31, lrate 0.300000, validation error 35.558598 (%)
[2015-05-30 14:17:38.881960] > epoch 32, training error 25.992819 (%)
[2015-05-30 14:17:43.957661] > epoch 32, lrate 0.300000, validation error 35.205355 (%)
[2015-05-30 14:18:19.543332] > epoch 33, training error 25.958410 (%)
[2015-05-30 14:18:24.649524] > epoch 33, lrate 0.300000, validation error 35.550414 (%)
[2015-05-30 14:18:58.670191] > epoch 34, training error 25.909879 (%)
[2015-05-30 14:19:03.525735] > epoch 34, lrate 0.300000, validation error 35.457292 (%)
[2015-05-30 14:19:37.549858] > epoch 35, training error 25.851015 (%)
[2015-05-30 14:19:42.408084] > epoch 35, lrate 0.300000, validation error 35.494010 (%)
[2015-05-30 14:20:16.394105] > epoch 36, training error 25.797364 (%)
[2015-05-30 14:20:21.265862] > epoch 36, lrate 0.300000, validation error 35.271712 (%)
[2015-05-30 14:20:55.250418] > epoch 37, training error 25.719827 (%)
[2015-05-30 14:21:00.124190] > epoch 37, lrate 0.300000, validation error 35.416593 (%)
[2015-05-30 14:21:34.077863] > epoch 38, training error 25.672906 (%)
[2015-05-30 14:21:38.945443] > epoch 38, lrate 0.300000, validation error 35.242294 (%)
[2015-05-30 14:22:12.932989] > epoch 39, training error 25.587691 (%)
[2015-05-30 14:22:17.804267] > epoch 39, lrate 0.300000, validation error 35.276136 (%)
[2015-05-30 14:22:52.153778] > epoch 40, training error 25.556979 (%)
[2015-05-30 14:22:57.058265] > epoch 40, lrate 0.300000, validation error 35.387838 (%)
[2015-05-30 14:23:31.045525] > epoch 41, training error 25.441053 (%)
[2015-05-30 14:23:35.901542] > epoch 41, lrate 0.300000, validation error 35.147624 (%)
[2015-05-30 14:24:09.865852] > epoch 42, training error 25.369866 (%)
[2015-05-30 14:24:14.740305] > epoch 42, lrate 0.300000, validation error 35.388723 (%)
[2015-05-30 14:24:48.738943] > epoch 43, training error 25.345505 (%)
[2015-05-30 14:24:53.620325] > epoch 43, lrate 0.300000, validation error 35.302900 (%)
[2015-05-30 14:25:27.575461] > epoch 44, training error 25.249484 (%)
[2015-05-30 14:25:32.431707] > epoch 44, lrate 0.300000, validation error 35.575630 (%)
[2015-05-30 14:26:06.391678] > epoch 45, training error 25.194507 (%)
[2015-05-30 14:26:11.295049] > epoch 45, lrate 0.300000, validation error 35.256008 (%)
[2015-05-30 14:26:45.299859] > epoch 46, training error 25.197540 (%)
[2015-05-30 14:26:50.153347] > epoch 46, lrate 0.300000, validation error 35.126168 (%)
[2015-05-30 14:27:24.152274] > epoch 47, training error 25.034598 (%)
[2015-05-30 14:27:29.037754] > epoch 47, lrate 0.300000, validation error 35.328780 (%)
[2015-05-30 14:28:03.061025] > epoch 48, training error 25.029669 (%)
[2015-05-30 14:28:07.950005] > epoch 48, lrate 0.300000, validation error 35.411063 (%)
[2015-05-30 14:28:41.913575] > epoch 49, training error 24.926633 (%)
[2015-05-30 14:28:46.783458] > epoch 49, lrate 0.300000, validation error 35.505291 (%)
[2015-05-30 14:29:20.813561] > epoch 50, training error 24.859049 (%)
[2015-05-30 14:29:25.667221] > epoch 50, lrate 0.300000, validation error 35.538249 (%)
[2015-05-30 14:30:00.182985] > epoch 51, training error 24.842461 (%)
[2015-05-30 14:30:05.076008] > epoch 51, lrate 0.300000, validation error 35.500646 (%)
[2015-05-30 14:30:39.205891] > epoch 52, training error 24.738951 (%)
[2015-05-30 14:30:44.086126] > epoch 52, lrate 0.300000, validation error 35.721617 (%)
[2015-05-30 14:31:18.091565] > epoch 53, training error 24.750895 (%)
[2015-05-30 14:31:22.980315] > epoch 53, lrate 0.300000, validation error 35.544221 (%)
[2015-05-30 14:31:56.939178] > epoch 54, training error 24.665869 (%)
[2015-05-30 14:32:01.811052] > epoch 54, lrate 0.300000, validation error 35.426768 (%)
[2015-05-30 14:32:35.811997] > epoch 55, training error 24.644542 (%)
[2015-05-30 14:32:40.666961] > epoch 55, lrate 0.300000, validation error 35.531613 (%)
[2015-05-30 14:33:14.623526] > epoch 56, training error 24.636200 (%)
[2015-05-30 14:33:19.472622] > epoch 56, lrate 0.300000, validation error 35.801688 (%)
[2015-05-30 14:33:53.428118] > epoch 57, training error 24.585678 (%)
[2015-05-30 14:33:58.307352] > epoch 57, lrate 0.300000, validation error 35.713875 (%)
[2015-05-30 14:34:32.268577] > epoch 58, training error 24.457334 (%)
[2015-05-30 14:34:37.119390] > epoch 58, lrate 0.300000, validation error 35.540460 (%)
[2015-05-30 14:35:11.333233] > epoch 59, training error 24.438755 (%)
[2015-05-30 14:35:16.195106] > epoch 59, lrate 0.300000, validation error 35.840839 (%)
[2015-05-30 14:35:50.745363] > epoch 60, training error 24.494965 (%)
[2015-05-30 14:35:55.677168] > epoch 60, lrate 0.300000, validation error 35.881317 (%)
[2015-05-30 14:36:33.576956] > epoch 61, training error 24.442831 (%)
[2015-05-30 14:36:38.598801] > epoch 61, lrate 0.300000, validation error 35.565898 (%)
[2015-05-30 14:37:14.501430] > epoch 62, training error 24.422736 (%)
[2015-05-30 14:37:19.584620] > epoch 62, lrate 0.300000, validation error 36.018899 (%)
[2015-05-30 14:37:54.755379] > epoch 63, training error 24.355625 (%)
[2015-05-30 14:37:59.699174] > epoch 63, lrate 0.300000, validation error 35.950993 (%)
[2015-05-30 14:38:34.421867] > epoch 64, training error 24.326715 (%)
[2015-05-30 14:38:39.368848] > epoch 64, lrate 0.300000, validation error 35.763201 (%)
[2015-05-30 14:39:14.600597] > epoch 65, training error 24.236096 (%)
[2015-05-30 14:39:19.600479] > epoch 65, lrate 0.300000, validation error 35.887953 (%)
[2015-05-30 14:39:54.980879] > epoch 66, training error 24.144625 (%)
[2015-05-30 14:39:59.905506] > epoch 66, lrate 0.300000, validation error 35.979969 (%)
[2015-05-30 14:40:34.027742] > epoch 67, training error 24.058652 (%)
[2015-05-30 14:40:38.932485] > epoch 67, lrate 0.300000, validation error 36.037258 (%)
[2015-05-30 14:41:13.045806] > epoch 68, training error 24.107657 (%)
[2015-05-30 14:41:17.908912] > epoch 68, lrate 0.300000, validation error 36.180590 (%)
[2015-05-30 14:41:52.151593] > epoch 69, training error 24.035807 (%)
[2015-05-30 14:41:57.045517] > epoch 69, lrate 0.300000, validation error 35.939048 (%)
[2015-05-30 14:42:31.198811] > epoch 70, training error 24.026708 (%)
[2015-05-30 14:42:36.065082] > epoch 70, lrate 0.300000, validation error 35.912284 (%)
[2015-05-30 14:43:10.154672] > epoch 71, training error 23.904999 (%)
[2015-05-30 14:43:15.047454] > epoch 71, lrate 0.300000, validation error 35.875124 (%)
[2015-05-30 14:43:49.168521] > epoch 72, training error 23.946516 (%)
[2015-05-30 14:43:54.062447] > epoch 72, lrate 0.300000, validation error 35.939270 (%)
[2015-05-30 14:44:28.225440] > epoch 73, training error 23.841964 (%)
[2015-05-30 14:44:33.115110] > epoch 73, lrate 0.300000, validation error 35.841060 (%)
[2015-05-30 14:45:07.176367] > epoch 74, training error 23.895709 (%)
[2015-05-30 14:45:12.066365] > epoch 74, lrate 0.300000, validation error 36.095873 (%)
[2015-05-30 14:45:46.520892] > epoch 75, training error 23.870685 (%)
[2015-05-30 14:45:51.372456] > epoch 75, lrate 0.300000, validation error 36.259555 (%)
[2015-05-30 14:46:25.393922] > epoch 76, training error 23.788788 (%)
[2015-05-30 14:46:30.315580] > epoch 76, lrate 0.300000, validation error 36.099634 (%)
[2015-05-30 14:47:04.321000] > epoch 77, training error 23.707648 (%)
[2015-05-30 14:47:09.171065] > epoch 77, lrate 0.300000, validation error 36.089016 (%)
[2015-05-30 14:47:43.112788] > epoch 78, training error 23.651533 (%)
[2015-05-30 14:47:47.957665] > epoch 78, lrate 0.300000, validation error 36.217308 (%)
[2015-05-30 14:48:21.893960] > epoch 79, training error 23.669354 (%)
[2015-05-30 14:48:26.781800] > epoch 79, lrate 0.300000, validation error 36.389395 (%)
[2015-05-30 14:49:01.068330] > epoch 80, training error 23.653998 (%)
[2015-05-30 14:49:05.940930] > epoch 80, lrate 0.300000, validation error 36.308439 (%)
[2015-05-30 14:49:39.890537] > epoch 81, training error 23.601580 (%)
[2015-05-30 14:49:44.758675] > epoch 81, lrate 0.300000, validation error 36.149844 (%)
[2015-05-30 14:50:21.967216] > epoch 82, training error 23.587172 (%)
[2015-05-30 14:50:27.044570] > epoch 82, lrate 0.300000, validation error 36.252035 (%)
[2015-05-30 14:51:01.517245] > epoch 83, training error 23.542242 (%)
[2015-05-30 14:51:06.448054] > epoch 83, lrate 0.300000, validation error 36.299812 (%)
[2015-05-30 14:51:40.619645] > epoch 84, training error 23.507928 (%)
[2015-05-30 14:51:45.553073] > epoch 84, lrate 0.300000, validation error 36.252477 (%)
[2015-05-30 14:52:20.060183] > epoch 85, training error 23.391527 (%)
[2015-05-30 14:52:25.010569] > epoch 85, lrate 0.300000, validation error 36.424344 (%)
[2015-05-30 14:53:01.592507] > epoch 86, training error 23.324512 (%)
[2015-05-30 14:53:06.683273] > epoch 86, lrate 0.300000, validation error 36.603288 (%)
[2015-05-30 14:53:41.285742] > epoch 87, training error 23.347166 (%)
[2015-05-30 14:53:46.181282] > epoch 87, lrate 0.300000, validation error 36.241860 (%)
[2015-05-30 14:54:20.484518] > epoch 88, training error 23.259581 (%)
[2015-05-30 14:54:25.381041] > epoch 88, lrate 0.300000, validation error 36.312642 (%)
[2015-05-30 14:54:59.891390] > epoch 89, training error 23.199769 (%)
[2015-05-30 14:55:04.797044] > epoch 89, lrate 0.300000, validation error 36.163337 (%)
[2015-05-30 14:55:39.156528] > epoch 90, training error 23.231808 (%)
[2015-05-30 14:55:44.143174] > epoch 90, lrate 0.300000, validation error 36.284771 (%)
[2015-05-30 14:56:19.326782] > epoch 91, training error 23.168015 (%)
[2015-05-30 14:56:24.610423] > epoch 91, lrate 0.300000, validation error 36.216202 (%)
[2015-05-30 14:56:59.314361] > epoch 92, training error 23.118441 (%)
[2015-05-30 14:57:04.205078] > epoch 92, lrate 0.300000, validation error 36.526977 (%)
[2015-05-30 14:57:38.676849] > epoch 93, training error 23.094649 (%)
[2015-05-30 14:57:43.567964] > epoch 93, lrate 0.300000, validation error 36.519235 (%)
[2015-05-30 14:58:17.861850] > epoch 94, training error 23.194367 (%)
[2015-05-30 14:58:22.720720] > epoch 94, lrate 0.300000, validation error 36.404215 (%)
[2015-05-30 14:58:57.041970] > epoch 95, training error 23.124886 (%)
[2015-05-30 14:59:01.962465] > epoch 95, lrate 0.300000, validation error 36.493577 (%)
[2015-05-30 14:59:38.689485] > epoch 96, training error 23.066117 (%)
[2015-05-30 14:59:44.159771] > epoch 96, lrate 0.300000, validation error 36.577187 (%)
[2015-05-30 15:00:24.764193] > epoch 97, training error 23.030477 (%)
[2015-05-30 15:00:30.669383] > epoch 97, lrate 0.300000, validation error 36.602403 (%)
[2015-05-30 15:01:11.920232] > epoch 98, training error 22.960617 (%)
[2015-05-30 15:01:17.828210] > epoch 98, lrate 0.300000, validation error 36.600412 (%)
[2015-05-30 15:01:59.128207] > epoch 99, training error 22.922891 (%)
[2015-05-30 15:02:05.043740] > epoch 99, lrate 0.300000, validation error 36.728704 (%)
[2015-05-30 15:02:46.626911] > epoch 100, training error 22.885165 (%)
[2015-05-30 15:02:52.533919] > epoch 100, lrate 0.300000, validation error 36.800149 (%)
[2015-05-30 15:02:52.790347] > ... the final PDNN model parameter is dnn256_256_256_256_0.3_100.param
[2015-05-30 15:02:52.815086] > ... the final PDNN model config is dnn256_256_256_256_0.3_100.cfg
