Using gpu device 0: GeForce GT 520M
[2015-05-29 21:48:17.938065] > ... building the model
[2015-05-29 21:48:17.950351] > ... getting the finetuning functions
[2015-05-29 21:48:18.972900] > ... finetuning the model
[2015-05-29 21:48:45.770688] > epoch 1, training error 35.468200 (%)
[2015-05-29 21:48:50.056487] > epoch 1, lrate 0.300000, validation error 38.742878 (%)
[2015-05-29 21:49:16.284636] > epoch 2, training error 31.601098 (%)
[2015-05-29 21:49:20.353561] > epoch 2, lrate 0.300000, validation error 38.416177 (%)
[2015-05-29 21:49:46.597557] > epoch 3, training error 30.637285 (%)
[2015-05-29 21:49:50.628223] > epoch 3, lrate 0.300000, validation error 37.480314 (%)
[2015-05-29 21:50:16.920936] > epoch 4, training error 30.021536 (%)
[2015-05-29 21:50:20.939969] > epoch 4, lrate 0.300000, validation error 37.659922 (%)
[2015-05-29 21:50:47.140678] > epoch 5, training error 29.690723 (%)
[2015-05-29 21:50:51.207249] > epoch 5, lrate 0.300000, validation error 37.698188 (%)
[2015-05-29 21:51:17.450414] > epoch 6, training error 29.363417 (%)
[2015-05-29 21:51:21.497315] > epoch 6, lrate 0.300000, validation error 37.699515 (%)
[2015-05-29 21:51:47.734351] > epoch 7, training error 29.143412 (%)
[2015-05-29 21:51:51.804758] > epoch 7, lrate 0.300000, validation error 37.133264 (%)
[2015-05-29 21:52:17.982606] > epoch 8, training error 28.864448 (%)
[2015-05-29 21:52:22.079880] > epoch 8, lrate 0.300000, validation error 37.591131 (%)
[2015-05-29 21:52:48.263916] > epoch 9, training error 28.750322 (%)
[2015-05-29 21:52:52.310578] > epoch 9, lrate 0.300000, validation error 36.710345 (%)
[2015-05-29 21:53:18.524067] > epoch 10, training error 28.540744 (%)
[2015-05-29 21:53:22.535127] > epoch 10, lrate 0.300000, validation error 36.830231 (%)
[2015-05-29 21:53:48.974786] > epoch 11, training error 28.365195 (%)
[2015-05-29 21:53:52.992064] > epoch 11, lrate 0.300000, validation error 36.675839 (%)
[2015-05-29 21:54:19.188597] > epoch 12, training error 28.298938 (%)
[2015-05-29 21:54:23.204116] > epoch 12, lrate 0.300000, validation error 37.029304 (%)
[2015-05-29 21:54:49.390134] > epoch 13, training error 28.116374 (%)
[2015-05-29 21:54:53.406074] > epoch 13, lrate 0.300000, validation error 36.615675 (%)
[2015-05-29 21:55:19.590407] > epoch 14, training error 27.995613 (%)
[2015-05-29 21:55:23.608405] > epoch 14, lrate 0.300000, validation error 36.582496 (%)
[2015-05-29 21:55:49.792821] > epoch 15, training error 27.890777 (%)
[2015-05-29 21:55:53.807089] > epoch 15, lrate 0.300000, validation error 36.297379 (%)
[2015-05-29 21:56:20.002134] > epoch 16, training error 27.775039 (%)
[2015-05-29 21:56:24.039383] > epoch 16, lrate 0.300000, validation error 36.517908 (%)
[2015-05-29 21:56:50.282692] > epoch 17, training error 27.664136 (%)
[2015-05-29 21:56:54.321255] > epoch 17, lrate 0.300000, validation error 36.301803 (%)
[2015-05-29 21:57:20.545151] > epoch 18, training error 27.579395 (%)
[2015-05-29 21:57:24.601124] > epoch 18, lrate 0.300000, validation error 36.191207 (%)
[2015-05-29 21:57:50.850916] > epoch 19, training error 27.530958 (%)
[2015-05-29 21:57:54.898650] > epoch 19, lrate 0.300000, validation error 36.080169 (%)
[2015-05-29 21:58:21.341491] > epoch 20, training error 27.385836 (%)
[2015-05-29 21:58:25.384899] > epoch 20, lrate 0.300000, validation error 36.248717 (%)
[2015-05-29 21:58:51.600442] > epoch 21, training error 27.325361 (%)
[2015-05-29 21:58:55.679813] > epoch 21, lrate 0.300000, validation error 35.733340 (%)
[2015-05-29 21:59:21.962596] > epoch 22, training error 27.270952 (%)
[2015-05-29 21:59:26.011042] > epoch 22, lrate 0.300000, validation error 36.054953 (%)
[2015-05-29 21:59:52.196425] > epoch 23, training error 27.234743 (%)
[2015-05-29 21:59:56.254542] > epoch 23, lrate 0.300000, validation error 36.020889 (%)
[2015-05-29 22:00:22.489788] > epoch 24, training error 27.085735 (%)
[2015-05-29 22:00:26.503101] > epoch 24, lrate 0.300000, validation error 36.100518 (%)
[2015-05-29 22:00:52.683735] > epoch 25, training error 26.962035 (%)
[2015-05-29 22:00:56.692613] > epoch 25, lrate 0.300000, validation error 36.192977 (%)
[2015-05-29 22:01:22.932029] > epoch 26, training error 26.886014 (%)
[2015-05-29 22:01:26.974755] > epoch 26, lrate 0.300000, validation error 36.296937 (%)
[2015-05-29 22:01:53.220057] > epoch 27, training error 26.857862 (%)
[2015-05-29 22:01:57.240651] > epoch 27, lrate 0.300000, validation error 35.831549 (%)
[2015-05-29 22:02:23.406596] > epoch 28, training error 26.790372 (%)
[2015-05-29 22:02:27.374982] > epoch 28, lrate 0.300000, validation error 35.991250 (%)
[2015-05-29 22:02:53.681780] > epoch 29, training error 26.660512 (%)
[2015-05-29 22:02:57.720636] > epoch 29, lrate 0.300000, validation error 35.675166 (%)
[2015-05-29 22:03:23.942103] > epoch 30, training error 26.684872 (%)
[2015-05-29 22:03:28.001345] > epoch 30, lrate 0.300000, validation error 35.857871 (%)
[2015-05-29 22:03:54.262293] > epoch 31, training error 26.550841 (%)
[2015-05-29 22:03:58.315465] > epoch 31, lrate 0.300000, validation error 35.687774 (%)
[2015-05-29 22:04:24.508019] > epoch 32, training error 26.499560 (%)
[2015-05-29 22:04:28.579606] > epoch 32, lrate 0.300000, validation error 35.524977 (%)
[2015-05-29 22:04:54.797139] > epoch 33, training error 26.474252 (%)
[2015-05-29 22:04:58.834141] > epoch 33, lrate 0.300000, validation error 35.573197 (%)
[2015-05-29 22:05:25.054107] > epoch 34, training error 26.368278 (%)
[2015-05-29 22:05:29.089135] > epoch 34, lrate 0.300000, validation error 35.428316 (%)
[2015-05-29 22:05:55.334517] > epoch 35, training error 26.255289 (%)
[2015-05-29 22:05:59.368566] > epoch 35, lrate 0.300000, validation error 36.027968 (%)
[2015-05-29 22:06:25.644997] > epoch 36, training error 26.149031 (%)
[2015-05-29 22:06:29.689372] > epoch 36, lrate 0.300000, validation error 35.821153 (%)
[2015-05-29 22:06:55.891945] > epoch 37, training error 26.152538 (%)
[2015-05-29 22:06:59.932502] > epoch 37, lrate 0.300000, validation error 35.684899 (%)
[2015-05-29 22:07:26.164951] > epoch 38, training error 26.128651 (%)
[2015-05-29 22:07:30.160694] > epoch 38, lrate 0.300000, validation error 35.788638 (%)
[2015-05-29 22:07:56.455751] > epoch 39, training error 26.115381 (%)
[2015-05-29 22:08:00.498789] > epoch 39, lrate 0.300000, validation error 35.841503 (%)
[2015-05-29 22:08:26.930750] > epoch 40, training error 26.007985 (%)
[2015-05-29 22:08:30.974310] > epoch 40, lrate 0.300000, validation error 35.820489 (%)
[2015-05-29 22:08:57.183291] > epoch 41, training error 25.965804 (%)
[2015-05-29 22:09:01.208548] > epoch 41, lrate 0.300000, validation error 35.857429 (%)
[2015-05-29 22:09:27.483794] > epoch 42, training error 25.942296 (%)
[2015-05-29 22:09:31.525681] > epoch 42, lrate 0.300000, validation error 35.900119 (%)
[2015-05-29 22:09:57.737605] > epoch 43, training error 25.873764 (%)
[2015-05-29 22:10:01.765776] > epoch 43, lrate 0.300000, validation error 35.912948 (%)
[2015-05-29 22:10:28.076939] > epoch 44, training error 25.796701 (%)
[2015-05-29 22:10:32.142220] > epoch 44, lrate 0.300000, validation error 35.947011 (%)
[2015-05-29 22:10:58.372993] > epoch 45, training error 25.744377 (%)
[2015-05-29 22:11:02.372893] > epoch 45, lrate 0.300000, validation error 35.900119 (%)
[2015-05-29 22:11:28.613362] > epoch 46, training error 25.743714 (%)
[2015-05-29 22:11:32.644767] > epoch 46, lrate 0.300000, validation error 36.098970 (%)
[2015-05-29 22:11:58.828845] > epoch 47, training error 25.638403 (%)
[2015-05-29 22:12:02.843289] > epoch 47, lrate 0.300000, validation error 36.098307 (%)
[2015-05-29 22:12:29.019070] > epoch 48, training error 25.570155 (%)
[2015-05-29 22:12:33.009828] > epoch 48, lrate 0.300000, validation error 35.747938 (%)
[2015-05-29 22:12:59.203659] > epoch 49, training error 25.572430 (%)
[2015-05-29 22:13:03.191217] > epoch 49, lrate 0.300000, validation error 36.135024 (%)
[2015-05-29 22:13:29.412212] > epoch 50, training error 25.490532 (%)
[2015-05-29 22:13:33.439493] > epoch 50, lrate 0.300000, validation error 36.089459 (%)
[2015-05-29 22:13:59.737213] > epoch 51, training error 25.468541 (%)
[2015-05-29 22:14:03.763230] > epoch 51, lrate 0.300000, validation error 35.900782 (%)
[2015-05-29 22:14:29.960356] > epoch 52, training error 25.430721 (%)
[2015-05-29 22:14:33.955087] > epoch 52, lrate 0.300000, validation error 35.987932 (%)
[2015-05-29 22:15:00.172339] > epoch 53, training error 25.361525 (%)
[2015-05-29 22:15:04.184083] > epoch 53, lrate 0.300000, validation error 35.796380 (%)
[2015-05-29 22:15:30.379667] > epoch 54, training error 25.312993 (%)
[2015-05-29 22:15:34.393521] > epoch 54, lrate 0.300000, validation error 35.760104 (%)
[2015-05-29 22:16:00.573535] > epoch 55, training error 25.254508 (%)
[2015-05-29 22:16:04.587309] > epoch 55, lrate 0.300000, validation error 35.999434 (%)
[2015-05-29 22:16:30.847820] > epoch 56, training error 25.246735 (%)
[2015-05-29 22:16:34.891851] > epoch 56, lrate 0.300000, validation error 35.920689 (%)
[2015-05-29 22:17:01.102060] > epoch 57, training error 25.230716 (%)
[2015-05-29 22:17:05.126955] > epoch 57, lrate 0.300000, validation error 36.036373 (%)
[2015-05-29 22:17:31.483272] > epoch 58, training error 25.196971 (%)
[2015-05-29 22:17:35.511249] > epoch 58, lrate 0.300000, validation error 36.263758 (%)
[2015-05-29 22:18:01.738515] > epoch 59, training error 25.150904 (%)
[2015-05-29 22:18:05.783227] > epoch 59, lrate 0.300000, validation error 36.192313 (%)
[2015-05-29 22:18:32.283691] > epoch 60, training error 25.138581 (%)
[2015-05-29 22:18:36.351699] > epoch 60, lrate 0.300000, validation error 36.574090 (%)
[2015-05-29 22:19:02.544408] > epoch 61, training error 25.104742 (%)
[2015-05-29 22:19:06.559851] > epoch 61, lrate 0.300000, validation error 36.125292 (%)
[2015-05-29 22:19:32.816880] > epoch 62, training error 25.036209 (%)
[2015-05-29 22:19:36.817982] > epoch 62, lrate 0.300000, validation error 36.103173 (%)
[2015-05-29 22:20:03.041895] > epoch 63, training error 24.946539 (%)
[2015-05-29 22:20:07.088087] > epoch 63, lrate 0.300000, validation error 36.056944 (%)
[2015-05-29 22:20:33.302248] > epoch 64, training error 24.880756 (%)
[2015-05-29 22:20:37.333541] > epoch 64, lrate 0.300000, validation error 36.174839 (%)
[2015-05-29 22:21:03.552629] > epoch 65, training error 24.894121 (%)
[2015-05-29 22:21:07.613744] > epoch 65, lrate 0.300000, validation error 36.161346 (%)
[2015-05-29 22:21:33.771769] > epoch 66, training error 24.934501 (%)
[2015-05-29 22:21:37.769155] > epoch 66, lrate 0.300000, validation error 36.061146 (%)
[2015-05-29 22:22:03.919157] > epoch 67, training error 24.899334 (%)
[2015-05-29 22:22:07.922715] > epoch 67, lrate 0.300000, validation error 36.200718 (%)
[2015-05-29 22:22:34.072339] > epoch 68, training error 24.886064 (%)
[2015-05-29 22:22:38.072964] > epoch 68, lrate 0.300000, validation error 36.161567 (%)
[2015-05-29 22:23:04.217987] > epoch 69, training error 24.800280 (%)
[2015-05-29 22:23:08.222983] > epoch 69, lrate 0.300000, validation error 36.263758 (%)
[2015-05-29 22:23:34.463906] > epoch 70, training error 24.783976 (%)
[2015-05-29 22:23:38.570194] > epoch 70, lrate 0.300000, validation error 36.332549 (%)
[2015-05-29 22:24:04.872782] > epoch 71, training error 24.760848 (%)
[2015-05-29 22:24:08.888535] > epoch 71, lrate 0.300000, validation error 36.374575 (%)
[2015-05-29 22:24:35.074574] > epoch 72, training error 24.747103 (%)
[2015-05-29 22:24:39.100826] > epoch 72, lrate 0.300000, validation error 36.536045 (%)
[2015-05-29 22:25:05.296599] > epoch 73, training error 24.761890 (%)
[2015-05-29 22:25:09.286867] > epoch 73, lrate 0.300000, validation error 36.642218 (%)
[2015-05-29 22:25:35.467586] > epoch 74, training error 24.707766 (%)
[2015-05-29 22:25:39.521234] > epoch 74, lrate 0.300000, validation error 36.430537 (%)
[2015-05-29 22:26:05.650513] > epoch 75, training error 24.678476 (%)
[2015-05-29 22:26:09.685048] > epoch 75, lrate 0.300000, validation error 36.265528 (%)
[2015-05-29 22:26:35.876988] > epoch 76, training error 24.679898 (%)
[2015-05-29 22:26:39.944274] > epoch 76, lrate 0.300000, validation error 36.738878 (%)
[2015-05-29 22:27:06.136440] > epoch 77, training error 24.673168 (%)
[2015-05-29 22:27:10.168313] > epoch 77, lrate 0.300000, validation error 36.593334 (%)
[2015-05-29 22:27:36.364394] > epoch 78, training error 24.661604 (%)
[2015-05-29 22:27:40.399813] > epoch 78, lrate 0.300000, validation error 36.518129 (%)
[2015-05-29 22:28:06.553586] > epoch 79, training error 24.596863 (%)
[2015-05-29 22:28:10.559670] > epoch 79, lrate 0.300000, validation error 36.568561 (%)
[2015-05-29 22:28:36.914000] > epoch 80, training error 24.526056 (%)
[2015-05-29 22:28:40.920873] > epoch 80, lrate 0.300000, validation error 36.575418 (%)
[2015-05-29 22:29:07.072634] > epoch 81, training error 24.517051 (%)
[2015-05-29 22:29:11.077052] > epoch 81, lrate 0.300000, validation error 36.454426 (%)
[2015-05-29 22:29:37.226780] > epoch 82, training error 24.520368 (%)
[2015-05-29 22:29:41.231659] > epoch 82, lrate 0.300000, validation error 36.598864 (%)
[2015-05-29 22:30:07.425228] > epoch 83, training error 24.464727 (%)
[2015-05-29 22:30:11.430803] > epoch 83, lrate 0.300000, validation error 36.611693 (%)
[2015-05-29 22:30:37.568037] > epoch 84, training error 24.511742 (%)
[2015-05-29 22:30:41.570235] > epoch 84, lrate 0.300000, validation error 36.571879 (%)
[2015-05-29 22:31:07.729501] > epoch 85, training error 24.457902 (%)
[2015-05-29 22:31:11.736754] > epoch 85, lrate 0.300000, validation error 36.848590 (%)
[2015-05-29 22:31:37.886228] > epoch 86, training error 24.436670 (%)
[2015-05-29 22:31:41.892685] > epoch 86, lrate 0.300000, validation error 36.746841 (%)
[2015-05-29 22:32:08.040954] > epoch 87, training error 24.398375 (%)
[2015-05-29 22:32:12.045122] > epoch 87, lrate 0.300000, validation error 36.516802 (%)
[2015-05-29 22:32:38.187073] > epoch 88, training error 24.361407 (%)
[2015-05-29 22:32:42.192378] > epoch 88, lrate 0.300000, validation error 36.480969 (%)
[2015-05-29 22:33:08.326327] > epoch 89, training error 24.314771 (%)
[2015-05-29 22:33:12.329354] > epoch 89, lrate 0.300000, validation error 36.681147 (%)
[2015-05-29 22:33:38.473827] > epoch 90, training error 24.308705 (%)
[2015-05-29 22:33:42.468935] > epoch 90, lrate 0.300000, validation error 36.586698 (%)
[2015-05-29 22:34:08.635049] > epoch 91, training error 24.268609 (%)
[2015-05-29 22:34:12.643086] > epoch 91, lrate 0.300000, validation error 36.413284 (%)
[2015-05-29 22:34:38.791397] > epoch 92, training error 24.251357 (%)
[2015-05-29 22:34:42.797042] > epoch 92, lrate 0.300000, validation error 36.661904 (%)
[2015-05-29 22:35:08.956379] > epoch 93, training error 24.178560 (%)
[2015-05-29 22:35:12.959178] > epoch 93, lrate 0.300000, validation error 36.440712 (%)
[2015-05-29 22:35:39.103089] > epoch 94, training error 24.166806 (%)
[2015-05-29 22:35:43.103815] > epoch 94, lrate 0.300000, validation error 36.558828 (%)
[2015-05-29 22:36:09.250882] > epoch 95, training error 24.111449 (%)
[2015-05-29 22:36:13.255361] > epoch 95, lrate 0.300000, validation error 36.629388 (%)
[2015-05-29 22:36:39.407520] > epoch 96, training error 24.112871 (%)
[2015-05-29 22:36:43.414100] > epoch 96, lrate 0.300000, validation error 36.492692 (%)
[2015-05-29 22:37:09.547013] > epoch 97, training error 24.021779 (%)
[2015-05-29 22:37:13.537870] > epoch 97, lrate 0.300000, validation error 36.287868 (%)
[2015-05-29 22:37:39.689739] > epoch 98, training error 24.055808 (%)
[2015-05-29 22:37:43.693111] > epoch 98, lrate 0.300000, validation error 36.406648 (%)
[2015-05-29 22:38:09.838157] > epoch 99, training error 24.133440 (%)
[2015-05-29 22:38:13.841319] > epoch 99, lrate 0.300000, validation error 36.598643 (%)
[2015-05-29 22:38:40.252988] > epoch 100, training error 24.130691 (%)
[2015-05-29 22:38:44.256411] > epoch 100, lrate 0.300000, validation error 36.949232 (%)
[2015-05-29 22:38:44.399384] > ... the final PDNN model parameter is dnn256_256_256_0.3_100.param
[2015-05-29 22:38:44.400540] > ... the final PDNN model config is dnn256_256_256_0.3_100.cfg
