Using gpu device 0: GeForce GT 520M
[2015-05-31 12:43:59.495272] > ... building the model
[2015-05-31 12:43:59.510275] > ... getting the finetuning functions
[2015-05-31 12:44:00.483973] > ... finetuning the model
[2015-05-31 12:44:43.826088] > epoch 1, training error 31.293413 (%)
[2015-05-31 12:44:50.377743] > epoch 1, lrate 0.300000, validation error 34.314393 (%)
[2015-05-31 12:45:32.856700] > epoch 2, training error 27.233605 (%)
[2015-05-31 12:45:39.172281] > epoch 2, lrate 0.300000, validation error 33.732880 (%)
[2015-05-31 12:46:21.487866] > epoch 3, training error 26.324201 (%)
[2015-05-31 12:46:27.809476] > epoch 3, lrate 0.300000, validation error 33.289832 (%)
[2015-05-31 12:47:10.054627] > epoch 4, training error 25.805137 (%)
[2015-05-31 12:47:16.349838] > epoch 4, lrate 0.300000, validation error 32.910046 (%)
[2015-05-31 12:47:58.565313] > epoch 5, training error 25.447309 (%)
[2015-05-31 12:48:04.876597] > epoch 5, lrate 0.300000, validation error 32.484915 (%)
[2015-05-31 12:48:47.137621] > epoch 6, training error 25.183227 (%)
[2015-05-31 12:48:53.458870] > epoch 6, lrate 0.300000, validation error 32.231208 (%)
[2015-05-31 12:49:35.654336] > epoch 7, training error 24.989858 (%)
[2015-05-31 12:49:41.954838] > epoch 7, lrate 0.300000, validation error 32.048282 (%)
[2015-05-31 12:50:24.171880] > epoch 8, training error 24.838954 (%)
[2015-05-31 12:50:30.482052] > epoch 8, lrate 0.300000, validation error 32.014218 (%)
[2015-05-31 12:51:12.716766] > epoch 9, training error 24.661130 (%)
[2015-05-31 12:51:19.015213] > epoch 9, lrate 0.300000, validation error 31.945428 (%)
[2015-05-31 12:52:01.337464] > epoch 10, training error 24.516008 (%)
[2015-05-31 12:52:07.631956] > epoch 10, lrate 0.300000, validation error 31.878185 (%)
[2015-05-31 12:52:49.816822] > epoch 11, training error 24.401029 (%)
[2015-05-31 12:52:56.128898] > epoch 11, lrate 0.300000, validation error 31.760069 (%)
[2015-05-31 12:53:38.350413] > epoch 12, training error 24.294865 (%)
[2015-05-31 12:53:44.647674] > epoch 12, lrate 0.300000, validation error 31.674246 (%)
[2015-05-31 12:54:26.844868] > epoch 13, training error 24.158464 (%)
[2015-05-31 12:54:33.141120] > epoch 13, lrate 0.300000, validation error 31.600147 (%)
[2015-05-31 12:55:15.365051] > epoch 14, training error 24.054765 (%)
[2015-05-31 12:55:21.667918] > epoch 14, lrate 0.300000, validation error 31.586875 (%)
[2015-05-31 12:56:03.910122] > epoch 15, training error 23.953152 (%)
[2015-05-31 12:56:10.232918] > epoch 15, lrate 0.300000, validation error 31.577585 (%)
[2015-05-31 12:56:52.497393] > epoch 16, training error 23.864240 (%)
[2015-05-31 12:56:58.808205] > epoch 16, lrate 0.300000, validation error 31.549052 (%)
[2015-05-31 12:57:41.041411] > epoch 17, training error 23.776181 (%)
[2015-05-31 12:57:47.346227] > epoch 17, lrate 0.300000, validation error 31.529365 (%)
[2015-05-31 12:58:29.598848] > epoch 18, training error 23.679686 (%)
[2015-05-31 12:58:35.934116] > epoch 18, lrate 0.300000, validation error 31.499062 (%)
[2015-05-31 12:59:18.176154] > epoch 19, training error 23.584612 (%)
[2015-05-31 12:59:24.513022] > epoch 19, lrate 0.300000, validation error 31.475395 (%)
[2015-05-31 13:00:07.039043] > epoch 20, training error 23.496553 (%)
[2015-05-31 13:00:13.349452] > epoch 20, lrate 0.300000, validation error 31.444428 (%)
[2015-05-31 13:00:55.609521] > epoch 21, training error 23.417879 (%)
[2015-05-31 13:01:01.953359] > epoch 21, lrate 0.300000, validation error 31.395102 (%)
[2015-05-31 13:01:44.210008] > epoch 22, training error 23.338920 (%)
[2015-05-31 13:01:50.544067] > epoch 22, lrate 0.300000, validation error 31.338034 (%)
[2015-05-31 13:02:32.795948] > epoch 23, training error 23.261761 (%)
[2015-05-31 13:02:39.136645] > epoch 23, lrate 0.300000, validation error 31.297556 (%)
[2015-05-31 13:03:21.399500] > epoch 24, training error 23.193039 (%)
[2015-05-31 13:03:27.716424] > epoch 24, lrate 0.300000, validation error 31.280303 (%)
[2015-05-31 13:04:09.921462] > epoch 25, training error 23.120431 (%)
[2015-05-31 13:04:16.311051] > epoch 25, lrate 0.300000, validation error 31.257521 (%)
[2015-05-31 13:04:58.523307] > epoch 26, training error 23.057871 (%)
[2015-05-31 13:05:04.828060] > epoch 26, lrate 0.300000, validation error 31.225890 (%)
[2015-05-31 13:05:47.065801] > epoch 27, training error 22.982039 (%)
[2015-05-31 13:05:53.369537] > epoch 27, lrate 0.300000, validation error 31.203550 (%)
[2015-05-31 13:06:35.596744] > epoch 28, training error 22.905260 (%)
[2015-05-31 13:06:41.902387] > epoch 28, lrate 0.300000, validation error 31.187181 (%)
[2015-05-31 13:07:24.130876] > epoch 29, training error 22.831515 (%)
[2015-05-31 13:07:30.429205] > epoch 29, lrate 0.300000, validation error 31.163956 (%)
[2015-05-31 13:08:12.633774] > epoch 30, training error 22.763930 (%)
[2015-05-31 13:08:18.934716] > epoch 30, lrate 0.300000, validation error 31.153781 (%)
[2015-05-31 13:09:01.379840] > epoch 31, training error 22.690848 (%)
[2015-05-31 13:09:07.686117] > epoch 31, lrate 0.300000, validation error 31.142501 (%)
[2015-05-31 13:09:50.181940] > epoch 32, training error 22.622600 (%)
[2015-05-31 13:09:56.563359] > epoch 32, lrate 0.300000, validation error 31.122372 (%)
[2015-05-31 13:10:38.925975] > epoch 33, training error 22.552172 (%)
[2015-05-31 13:10:45.235880] > epoch 33, lrate 0.300000, validation error 31.095608 (%)
[2015-05-31 13:11:27.539466] > epoch 34, training error 22.484587 (%)
[2015-05-31 13:11:33.846332] > epoch 34, lrate 0.300000, validation error 31.072162 (%)
[2015-05-31 13:12:16.074194] > epoch 35, training error 22.421079 (%)
[2015-05-31 13:12:22.362801] > epoch 35, lrate 0.300000, validation error 31.062872 (%)
[2015-05-31 13:13:04.564826] > epoch 36, training error 22.351693 (%)
[2015-05-31 13:13:10.858845] > epoch 36, lrate 0.300000, validation error 31.053360 (%)
[2015-05-31 13:13:53.078986] > epoch 37, training error 22.288280 (%)
[2015-05-31 13:13:59.381399] > epoch 37, lrate 0.300000, validation error 31.037435 (%)
[2015-05-31 13:14:41.606506] > epoch 38, training error 22.221643 (%)
[2015-05-31 13:14:47.922539] > epoch 38, lrate 0.300000, validation error 31.033011 (%)
[2015-05-31 13:15:30.144457] > epoch 39, training error 22.157471 (%)
[2015-05-31 13:15:36.478328] > epoch 39, lrate 0.300000, validation error 31.031684 (%)
[2015-05-31 13:16:19.217307] > epoch 40, training error 22.093583 (%)
[2015-05-31 13:16:25.525704] > epoch 40, lrate 0.300000, validation error 31.045619 (%)
[2015-05-31 13:17:07.777489] > epoch 41, training error 22.044862 (%)
[2015-05-31 13:17:14.080827] > epoch 41, lrate 0.300000, validation error 31.046282 (%)
[2015-05-31 13:17:56.311199] > epoch 42, training error 21.985239 (%)
[2015-05-31 13:18:02.629257] > epoch 42, lrate 0.300000, validation error 31.066411 (%)
[2015-05-31 13:18:44.859073] > epoch 43, training error 21.916328 (%)
[2015-05-31 13:18:51.164898] > epoch 43, lrate 0.300000, validation error 31.054245 (%)
[2015-05-31 13:19:33.394919] > epoch 44, training error 21.858696 (%)
[2015-05-31 13:19:39.689552] > epoch 44, lrate 0.300000, validation error 31.052697 (%)
[2015-05-31 13:20:21.904611] > epoch 45, training error 21.804572 (%)
[2015-05-31 13:20:28.196722] > epoch 45, lrate 0.300000, validation error 31.065747 (%)
[2015-05-31 13:21:10.436320] > epoch 46, training error 21.744286 (%)
[2015-05-31 13:21:16.734333] > epoch 46, lrate 0.300000, validation error 31.057784 (%)
[2015-05-31 13:21:58.961757] > epoch 47, training error 21.688929 (%)
[2015-05-31 13:22:05.278785] > epoch 47, lrate 0.300000, validation error 31.077691 (%)
[2015-05-31 13:22:47.477427] > epoch 48, training error 21.646559 (%)
[2015-05-31 13:22:53.786308] > epoch 48, lrate 0.300000, validation error 31.088972 (%)
[2015-05-31 13:23:36.012863] > epoch 49, training error 21.587316 (%)
[2015-05-31 13:23:42.306232] > epoch 49, lrate 0.300000, validation error 31.089415 (%)
[2015-05-31 13:24:24.508351] > epoch 50, training error 21.536414 (%)
[2015-05-31 13:24:30.817314] > epoch 50, lrate 0.300000, validation error 31.105340 (%)
[2015-05-31 13:25:13.058973] > epoch 51, training error 21.479920 (%)
[2015-05-31 13:25:19.356393] > epoch 51, lrate 0.300000, validation error 31.147367 (%)
[2015-05-31 13:26:01.575061] > epoch 52, training error 21.422099 (%)
[2015-05-31 13:26:07.873365] > epoch 52, lrate 0.300000, validation error 31.161744 (%)
[2015-05-31 13:26:50.086325] > epoch 53, training error 21.367690 (%)
[2015-05-31 13:26:56.420105] > epoch 53, lrate 0.300000, validation error 31.185412 (%)
[2015-05-31 13:27:38.619045] > epoch 54, training error 21.312997 (%)
[2015-05-31 13:27:44.911492] > epoch 54, lrate 0.300000, validation error 31.213282 (%)
[2015-05-31 13:28:27.115481] > epoch 55, training error 21.245412 (%)
[2015-05-31 13:28:33.411723] > epoch 55, lrate 0.300000, validation error 31.242479 (%)
[2015-05-31 13:29:15.641517] > epoch 56, training error 21.191856 (%)
[2015-05-31 13:29:21.957184] > epoch 56, lrate 0.300000, validation error 31.256857 (%)
[2015-05-31 13:30:04.162989] > epoch 57, training error 21.141429 (%)
[2015-05-31 13:30:10.463576] > epoch 57, lrate 0.300000, validation error 31.281188 (%)
[2015-05-31 13:30:52.668929] > epoch 58, training error 21.084840 (%)
[2015-05-31 13:30:58.990031] > epoch 58, lrate 0.300000, validation error 31.287824 (%)
[2015-05-31 13:31:41.233873] > epoch 59, training error 21.036213 (%)
[2015-05-31 13:31:47.535774] > epoch 59, lrate 0.300000, validation error 31.270792 (%)
[2015-05-31 13:32:30.163309] > epoch 60, training error 20.982752 (%)
[2015-05-31 13:32:36.464715] > epoch 60, lrate 0.300000, validation error 31.297114 (%)
[2015-05-31 13:33:18.688513] > epoch 61, training error 20.923509 (%)
[2015-05-31 13:33:24.987749] > epoch 61, lrate 0.300000, validation error 31.326975 (%)
[2015-05-31 13:34:07.236938] > epoch 62, training error 20.872134 (%)
[2015-05-31 13:34:13.537565] > epoch 62, lrate 0.300000, validation error 31.325205 (%)
[2015-05-31 13:34:55.758992] > epoch 63, training error 20.819905 (%)
[2015-05-31 13:35:02.057360] > epoch 63, lrate 0.300000, validation error 31.344670 (%)
[2015-05-31 13:35:44.283151] > epoch 64, training error 20.776966 (%)
[2015-05-31 13:35:50.584784] > epoch 64, lrate 0.300000, validation error 31.367895 (%)
[2015-05-31 13:36:32.797342] > epoch 65, training error 20.730803 (%)
[2015-05-31 13:36:39.092486] > epoch 65, lrate 0.300000, validation error 31.375858 (%)
[2015-05-31 13:37:21.300467] > epoch 66, training error 20.684167 (%)
[2015-05-31 13:37:27.616633] > epoch 66, lrate 0.300000, validation error 31.393996 (%)
[2015-05-31 13:38:09.869483] > epoch 67, training error 20.638195 (%)
[2015-05-31 13:38:16.168164] > epoch 67, lrate 0.300000, validation error 31.409037 (%)
[2015-05-31 13:38:58.614740] > epoch 68, training error 20.584828 (%)
[2015-05-31 13:39:04.933490] > epoch 68, lrate 0.300000, validation error 31.424742 (%)
[2015-05-31 13:39:47.255288] > epoch 69, training error 20.530230 (%)
[2015-05-31 13:39:53.570929] > epoch 69, lrate 0.300000, validation error 31.459026 (%)
[2015-05-31 13:40:35.781865] > epoch 70, training error 20.478665 (%)
[2015-05-31 13:40:42.113562] > epoch 70, lrate 0.300000, validation error 31.488887 (%)
[2015-05-31 13:41:24.664389] > epoch 71, training error 20.433925 (%)
[2015-05-31 13:41:31.164465] > epoch 71, lrate 0.300000, validation error 31.506804 (%)
[2015-05-31 13:42:13.431957] > epoch 72, training error 20.384350 (%)
[2015-05-31 13:42:19.745283] > epoch 72, lrate 0.300000, validation error 31.530693 (%)
[2015-05-31 13:43:01.961572] > epoch 73, training error 20.337335 (%)
[2015-05-31 13:43:08.277327] > epoch 73, lrate 0.300000, validation error 31.541973 (%)
[2015-05-31 13:43:50.508503] > epoch 74, training error 20.289277 (%)
[2015-05-31 13:43:56.809375] > epoch 74, lrate 0.300000, validation error 31.563871 (%)
[2015-05-31 13:44:39.075995] > epoch 75, training error 20.240650 (%)
[2015-05-31 13:44:45.453152] > epoch 75, lrate 0.300000, validation error 31.595059 (%)
[2015-05-31 13:45:27.726941] > epoch 76, training error 20.194772 (%)
[2015-05-31 13:45:34.022153] > epoch 76, lrate 0.300000, validation error 31.610543 (%)
[2015-05-31 13:46:16.256287] > epoch 77, training error 20.143207 (%)
[2015-05-31 13:46:22.555058] > epoch 77, lrate 0.300000, validation error 31.636865 (%)
[2015-05-31 13:47:04.791063] > epoch 78, training error 20.095244 (%)
[2015-05-31 13:47:11.093701] > epoch 78, lrate 0.300000, validation error 31.649915 (%)
[2015-05-31 13:47:53.298133] > epoch 79, training error 20.042826 (%)
[2015-05-31 13:47:59.600115] > epoch 79, lrate 0.300000, validation error 31.664293 (%)
[2015-05-31 13:48:42.267215] > epoch 80, training error 19.996189 (%)
[2015-05-31 13:48:48.589752] > epoch 80, lrate 0.300000, validation error 31.682430 (%)
[2015-05-31 13:49:30.812245] > epoch 81, training error 19.953250 (%)
[2015-05-31 13:49:37.117773] > epoch 81, lrate 0.300000, validation error 31.707867 (%)
[2015-05-31 13:50:21.404208] > epoch 82, training error 19.900642 (%)
[2015-05-31 13:50:27.806537] > epoch 82, lrate 0.300000, validation error 31.724678 (%)
[2015-05-31 13:51:10.030507] > epoch 83, training error 19.856755 (%)
[2015-05-31 13:51:16.337234] > epoch 83, lrate 0.300000, validation error 31.743700 (%)
[2015-05-31 13:51:58.556886] > epoch 84, training error 19.811256 (%)
[2015-05-31 13:52:04.862955] > epoch 84, lrate 0.300000, validation error 31.802980 (%)
[2015-05-31 13:52:47.103043] > epoch 85, training error 19.768412 (%)
[2015-05-31 13:52:53.441995] > epoch 85, lrate 0.300000, validation error 31.837265 (%)
[2015-05-31 13:53:35.751730] > epoch 86, training error 19.729074 (%)
[2015-05-31 13:53:42.056151] > epoch 86, lrate 0.300000, validation error 31.859605 (%)
[2015-05-31 13:54:24.273589] > epoch 87, training error 19.681964 (%)
[2015-05-31 13:54:30.577949] > epoch 87, lrate 0.300000, validation error 31.868895 (%)
[2015-05-31 13:55:12.791173] > epoch 88, training error 19.629356 (%)
[2015-05-31 13:55:19.090466] > epoch 88, lrate 0.300000, validation error 31.890351 (%)
[2015-05-31 13:56:01.295957] > epoch 89, training error 19.577697 (%)
[2015-05-31 13:56:07.604290] > epoch 89, lrate 0.300000, validation error 31.908267 (%)
[2015-05-31 13:56:49.860136] > epoch 90, training error 19.537222 (%)
[2015-05-31 13:56:56.191520] > epoch 90, lrate 0.300000, validation error 31.921096 (%)
[2015-05-31 13:57:38.394346] > epoch 91, training error 19.501297 (%)
[2015-05-31 13:57:44.693972] > epoch 91, lrate 0.300000, validation error 31.941888 (%)
[2015-05-31 13:58:26.937076] > epoch 92, training error 19.451817 (%)
[2015-05-31 13:58:33.243829] > epoch 92, lrate 0.300000, validation error 31.966883 (%)
[2015-05-31 13:59:15.498676] > epoch 93, training error 19.407740 (%)
[2015-05-31 13:59:21.801782] > epoch 93, lrate 0.300000, validation error 31.987896 (%)
[2015-05-31 14:00:04.038561] > epoch 94, training error 19.360156 (%)
[2015-05-31 14:00:10.368947] > epoch 94, lrate 0.300000, validation error 32.019748 (%)
[2015-05-31 14:00:52.618243] > epoch 95, training error 19.314752 (%)
[2015-05-31 14:00:58.932016] > epoch 95, lrate 0.300000, validation error 32.041425 (%)
[2015-05-31 14:01:41.166564] > epoch 96, training error 19.273329 (%)
[2015-05-31 14:01:47.466421] > epoch 96, lrate 0.300000, validation error 32.061332 (%)
[2015-05-31 14:02:29.671851] > epoch 97, training error 19.233802 (%)
[2015-05-31 14:02:35.972547] > epoch 97, lrate 0.300000, validation error 32.076373 (%)
[2015-05-31 14:03:18.212245] > epoch 98, training error 19.190863 (%)
[2015-05-31 14:03:24.534224] > epoch 98, lrate 0.300000, validation error 32.085884 (%)
[2015-05-31 14:04:06.753073] > epoch 99, training error 19.151147 (%)
[2015-05-31 14:04:13.056913] > epoch 99, lrate 0.300000, validation error 32.106898 (%)
[2015-05-31 14:04:55.668632] > epoch 100, training error 19.110198 (%)
[2015-05-31 14:05:01.998011] > epoch 100, lrate 0.300000, validation error 32.121054 (%)
[2015-05-31 14:05:02.386451] > ... the final PDNN model parameter is dnn512_512_0.3_100_norm.param
[2015-05-31 14:05:02.387922] > ... the final PDNN model config is dnn512_512_0.3_100_norm.cfg
