Using gpu device 0: GeForce GT 520M
[2015-06-01 10:53:29.044369] > ... building the model
[2015-06-01 10:53:29.322770] > ... getting the finetuning functions
[2015-06-01 10:53:31.567232] > ... finetuning the model
[2015-06-01 10:54:09.589770] > epoch 1, training error 33.092601 (%)
[2015-06-01 10:54:15.420544] > epoch 1, lrate 0.200000, validation error 34.459053 (%)
[2015-06-01 10:54:51.035228] > epoch 2, training error 27.728214 (%)
[2015-06-01 10:54:56.094231] > epoch 2, lrate 0.200000, validation error 33.736198 (%)
[2015-06-01 10:55:31.640792] > epoch 3, training error 26.427805 (%)
[2015-06-01 10:55:36.694749] > epoch 3, lrate 0.200000, validation error 33.165301 (%)
[2015-06-01 10:56:11.300983] > epoch 4, training error 25.687504 (%)
[2015-06-01 10:56:16.198648] > epoch 4, lrate 0.200000, validation error 32.770916 (%)
[2015-06-01 10:56:50.561661] > epoch 5, training error 25.191379 (%)
[2015-06-01 10:56:55.486295] > epoch 5, lrate 0.200000, validation error 32.528711 (%)
[2015-06-01 10:57:29.949831] > epoch 6, training error 24.837058 (%)
[2015-06-01 10:57:34.846899] > epoch 6, lrate 0.200000, validation error 32.315482 (%)
[2015-06-01 10:58:09.198875] > epoch 7, training error 24.543497 (%)
[2015-06-01 10:58:14.069450] > epoch 7, lrate 0.200000, validation error 32.124593 (%)
[2015-06-01 10:58:48.944198] > epoch 8, training error 24.295529 (%)
[2015-06-01 10:58:53.810146] > epoch 8, lrate 0.200000, validation error 31.962238 (%)
[2015-06-01 10:59:29.147809] > epoch 9, training error 24.104435 (%)
[2015-06-01 10:59:34.063628] > epoch 9, lrate 0.200000, validation error 31.783515 (%)
[2015-06-01 11:00:08.894624] > epoch 10, training error 23.933341 (%)
[2015-06-01 11:00:13.925074] > epoch 10, lrate 0.200000, validation error 31.633104 (%)
[2015-06-01 11:00:48.723017] > epoch 11, training error 23.763195 (%)
[2015-06-01 11:00:53.706288] > epoch 11, lrate 0.200000, validation error 31.496850 (%)
[2015-06-01 11:01:28.213799] > epoch 12, training error 23.606983 (%)
[2015-06-01 11:01:33.090378] > epoch 12, lrate 0.200000, validation error 31.420318 (%)
[2015-06-01 11:02:08.448056] > epoch 13, training error 23.467548 (%)
[2015-06-01 11:02:13.420708] > epoch 13, lrate 0.200000, validation error 31.328523 (%)
[2015-06-01 11:02:48.780779] > epoch 14, training error 23.343090 (%)
[2015-06-01 11:02:53.999434] > epoch 14, lrate 0.200000, validation error 31.266811 (%)
[2015-06-01 11:03:28.792798] > epoch 15, training error 23.214083 (%)
[2015-06-01 11:03:35.060299] > epoch 15, lrate 0.200000, validation error 31.224784 (%)
[2015-06-01 11:04:13.035338] > epoch 16, training error 23.094269 (%)
[2015-06-01 11:04:18.672336] > epoch 16, lrate 0.200000, validation error 31.221024 (%)
[2015-06-01 11:04:59.338611] > epoch 17, training error 22.975499 (%)
[2015-06-01 11:05:04.707743] > epoch 17, lrate 0.200000, validation error 31.199347 (%)
[2015-06-01 11:05:46.542085] > epoch 18, training error 22.863553 (%)
[2015-06-01 11:05:52.675602] > epoch 18, lrate 0.200000, validation error 31.189393 (%)
[2015-06-01 11:06:34.204809] > epoch 19, training error 22.760802 (%)
[2015-06-01 11:06:39.290555] > epoch 19, lrate 0.200000, validation error 31.198020 (%)
[2015-06-01 11:07:19.230455] > epoch 20, training error 22.677104 (%)
[2015-06-01 11:07:24.798578] > epoch 20, lrate 0.200000, validation error 31.219033 (%)
[2015-06-01 11:08:04.872847] > epoch 21, training error 22.579945 (%)
[2015-06-01 11:08:09.961328] > epoch 21, lrate 0.200000, validation error 31.221024 (%)
[2015-06-01 11:08:44.421012] > epoch 22, training error 22.493308 (%)
[2015-06-01 11:08:49.310983] > epoch 22, lrate 0.200000, validation error 31.231199 (%)
[2015-06-01 11:09:23.365232] > epoch 23, training error 22.412927 (%)
[2015-06-01 11:09:28.235285] > epoch 23, lrate 0.200000, validation error 31.251327 (%)
[2015-06-01 11:10:02.248105] > epoch 24, training error 22.328849 (%)
[2015-06-01 11:10:07.123856] > epoch 24, lrate 0.200000, validation error 31.278534 (%)
[2015-06-01 11:10:41.198311] > epoch 25, training error 22.249416 (%)
[2015-06-01 11:10:46.058879] > epoch 25, lrate 0.200000, validation error 31.300653 (%)
[2015-06-01 11:11:20.072644] > epoch 26, training error 22.168846 (%)
[2015-06-01 11:11:24.952235] > epoch 26, lrate 0.200000, validation error 31.326975 (%)
[2015-06-01 11:11:58.970784] > epoch 27, training error 22.086474 (%)
[2015-06-01 11:12:03.806812] > epoch 27, lrate 0.200000, validation error 31.354403 (%)
[2015-06-01 11:12:37.985344] > epoch 28, training error 21.999932 (%)
[2015-06-01 11:12:43.223416] > epoch 28, lrate 0.200000, validation error 31.374973 (%)
[2015-06-01 11:13:22.630961] > epoch 29, training error 21.918034 (%)
[2015-06-01 11:13:27.760796] > epoch 29, lrate 0.200000, validation error 31.389351 (%)
[2015-06-01 11:14:05.371376] > epoch 30, training error 21.838696 (%)
[2015-06-01 11:14:11.065110] > epoch 30, lrate 0.200000, validation error 31.381167 (%)
[2015-06-01 11:14:52.927026] > epoch 31, training error 21.768173 (%)
[2015-06-01 11:14:58.668431] > epoch 31, lrate 0.200000, validation error 31.383600 (%)
[2015-06-01 11:15:33.837469] > epoch 32, training error 21.694332 (%)
[2015-06-01 11:15:38.672749] > epoch 32, lrate 0.200000, validation error 31.393111 (%)
[2015-06-01 11:16:12.695080] > epoch 33, training error 21.621914 (%)
[2015-06-01 11:16:17.568867] > epoch 33, lrate 0.200000, validation error 31.381830 (%)
[2015-06-01 11:16:54.397032] > epoch 34, training error 21.546083 (%)
[2015-06-01 11:16:59.499676] > epoch 34, lrate 0.200000, validation error 31.386475 (%)
[2015-06-01 11:17:34.078750] > epoch 35, training error 21.469872 (%)
[2015-06-01 11:17:39.015328] > epoch 35, lrate 0.200000, validation error 31.400189 (%)
[2015-06-01 11:18:13.708056] > epoch 36, training error 21.398496 (%)
[2015-06-01 11:18:18.576132] > epoch 36, lrate 0.200000, validation error 31.424742 (%)
[2015-06-01 11:18:52.869383] > epoch 37, training error 21.329395 (%)
[2015-06-01 11:18:57.808644] > epoch 37, lrate 0.200000, validation error 31.436686 (%)
[2015-06-01 11:19:33.341012] > epoch 38, training error 21.260294 (%)
[2015-06-01 11:19:38.277894] > epoch 38, lrate 0.200000, validation error 31.460354 (%)
[2015-06-01 11:20:13.049088] > epoch 39, training error 21.195174 (%)
[2015-06-01 11:20:17.972703] > epoch 39, lrate 0.200000, validation error 31.479155 (%)
[2015-06-01 11:20:53.421306] > epoch 40, training error 21.136405 (%)
[2015-06-01 11:20:58.360001] > epoch 40, lrate 0.200000, validation error 31.502380 (%)
[2015-06-01 11:21:33.540227] > epoch 41, training error 21.070622 (%)
[2015-06-01 11:21:38.439314] > epoch 41, lrate 0.200000, validation error 31.526490 (%)
[2015-06-01 11:22:13.395623] > epoch 42, training error 21.001710 (%)
[2015-06-01 11:22:19.480417] > epoch 42, lrate 0.200000, validation error 31.568074 (%)
[2015-06-01 11:23:03.723156] > epoch 43, training error 20.938296 (%)
[2015-06-01 11:23:10.246350] > epoch 43, lrate 0.200000, validation error 31.591742 (%)
[2015-06-01 11:23:55.445322] > epoch 44, training error 20.879338 (%)
[2015-06-01 11:24:01.639099] > epoch 44, lrate 0.200000, validation error 31.618948 (%)
[2015-06-01 11:24:46.096787] > epoch 45, training error 20.823128 (%)
[2015-06-01 11:24:52.421845] > epoch 45, lrate 0.200000, validation error 31.651685 (%)
[2015-06-01 11:25:38.652592] > epoch 46, training error 20.757155 (%)
[2015-06-01 11:25:45.533679] > epoch 46, lrate 0.200000, validation error 31.677564 (%)
[2015-06-01 11:26:31.243161] > epoch 47, training error 20.697059 (%)
[2015-06-01 11:26:37.578908] > epoch 47, lrate 0.200000, validation error 31.719148 (%)
[2015-06-01 11:27:23.331025] > epoch 48, training error 20.636962 (%)
[2015-06-01 11:27:30.016009] > epoch 48, lrate 0.200000, validation error 31.741267 (%)
[2015-06-01 11:28:20.793551] > epoch 49, training error 20.577435 (%)
[2015-06-01 11:28:27.820012] > epoch 49, lrate 0.200000, validation error 31.776437 (%)
[2015-06-01 11:29:16.939254] > epoch 50, training error 20.509471 (%)
[2015-06-01 11:29:23.156969] > epoch 50, lrate 0.200000, validation error 31.798335 (%)
[2015-06-01 11:30:09.956328] > epoch 51, training error 20.442076 (%)
[2015-06-01 11:30:16.290102] > epoch 51, lrate 0.200000, validation error 31.825763 (%)
[2015-06-01 11:31:02.548838] > epoch 52, training error 20.382170 (%)
[2015-06-01 11:31:08.742107] > epoch 52, lrate 0.200000, validation error 31.866683 (%)
[2015-06-01 11:31:55.282859] > epoch 53, training error 20.330131 (%)
[2015-06-01 11:32:01.764585] > epoch 53, lrate 0.200000, validation error 31.906277 (%)
[2015-06-01 11:32:47.118444] > epoch 54, training error 20.273352 (%)
[2015-06-01 11:32:53.427306] > epoch 54, lrate 0.200000, validation error 31.927511 (%)
[2015-06-01 11:33:39.543389] > epoch 55, training error 20.219417 (%)
[2015-06-01 11:33:46.103003] > epoch 55, lrate 0.200000, validation error 31.946312 (%)
[2015-06-01 11:34:32.053678] > epoch 56, training error 20.173350 (%)
[2015-06-01 11:34:38.590086] > epoch 56, lrate 0.200000, validation error 31.986569 (%)
[2015-06-01 11:35:23.899752] > epoch 57, training error 20.109841 (%)
[2015-06-01 11:35:30.366325] > epoch 57, lrate 0.200000, validation error 32.015988 (%)
[2015-06-01 11:36:15.666275] > epoch 58, training error 20.050314 (%)
[2015-06-01 11:36:21.876608] > epoch 58, lrate 0.200000, validation error 32.041867 (%)
[2015-06-01 11:37:06.343200] > epoch 59, training error 20.001877 (%)
[2015-06-01 11:37:12.342575] > epoch 59, lrate 0.200000, validation error 32.065977 (%)
[2015-06-01 11:37:58.995502] > epoch 60, training error 19.948795 (%)
[2015-06-01 11:38:05.244227] > epoch 60, lrate 0.200000, validation error 32.094511 (%)
[2015-06-01 11:38:49.300614] > epoch 61, training error 19.890500 (%)
[2015-06-01 11:38:55.588690] > epoch 61, lrate 0.200000, validation error 32.114418 (%)
[2015-06-01 11:39:39.276726] > epoch 62, training error 19.835522 (%)
[2015-06-01 11:39:45.295994] > epoch 62, lrate 0.200000, validation error 32.134325 (%)
[2015-06-01 11:40:29.465174] > epoch 63, training error 19.781398 (%)
[2015-06-01 11:40:35.758249] > epoch 63, lrate 0.200000, validation error 32.154896 (%)
[2015-06-01 11:41:19.992985] > epoch 64, training error 19.734098 (%)
[2015-06-01 11:41:26.256635] > epoch 64, lrate 0.200000, validation error 32.178343 (%)
[2015-06-01 11:42:09.792389] > epoch 65, training error 19.683955 (%)
[2015-06-01 11:42:16.029613] > epoch 65, lrate 0.200000, validation error 32.192057 (%)
[2015-06-01 11:43:00.409266] > epoch 66, training error 19.624996 (%)
[2015-06-01 11:43:06.390929] > epoch 66, lrate 0.200000, validation error 32.208204 (%)
[2015-06-01 11:43:50.421741] > epoch 67, training error 19.569071 (%)
[2015-06-01 11:43:56.720824] > epoch 67, lrate 0.200000, validation error 32.219263 (%)
[2015-06-01 11:44:40.738086] > epoch 68, training error 19.522719 (%)
[2015-06-01 11:44:46.729220] > epoch 68, lrate 0.200000, validation error 32.237843 (%)
[2015-06-01 11:45:30.318842] > epoch 69, training error 19.474092 (%)
[2015-06-01 11:45:36.614351] > epoch 69, lrate 0.200000, validation error 32.261511 (%)
[2015-06-01 11:46:20.387222] > epoch 70, training error 19.424139 (%)
[2015-06-01 11:46:26.947392] > epoch 70, lrate 0.200000, validation error 32.288496 (%)
[2015-06-01 11:47:12.007797] > epoch 71, training error 19.377692 (%)
[2015-06-01 11:47:18.649014] > epoch 71, lrate 0.200000, validation error 32.302653 (%)
[2015-06-01 11:48:03.761096] > epoch 72, training error 19.329918 (%)
[2015-06-01 11:48:10.004065] > epoch 72, lrate 0.200000, validation error 32.323666 (%)
[2015-06-01 11:48:55.332184] > epoch 73, training error 19.267547 (%)
[2015-06-01 11:49:01.713508] > epoch 73, lrate 0.200000, validation error 32.333619 (%)
[2015-06-01 11:49:46.424354] > epoch 74, training error 19.218636 (%)
[2015-06-01 11:49:52.732840] > epoch 74, lrate 0.200000, validation error 32.355075 (%)
[2015-06-01 11:50:36.992137] > epoch 75, training error 19.173043 (%)
[2015-06-01 11:50:43.098995] > epoch 75, lrate 0.200000, validation error 32.373655 (%)
[2015-06-01 11:51:26.853252] > epoch 76, training error 19.118255 (%)
[2015-06-01 11:51:32.858746] > epoch 76, lrate 0.200000, validation error 32.398871 (%)
[2015-06-01 11:52:16.126067] > epoch 77, training error 19.073420 (%)
[2015-06-01 11:52:22.060530] > epoch 77, lrate 0.200000, validation error 32.426520 (%)
[2015-06-01 11:53:06.133884] > epoch 78, training error 19.023656 (%)
[2015-06-01 11:53:12.495241] > epoch 78, lrate 0.200000, validation error 32.447976 (%)
[2015-06-01 11:53:56.695029] > epoch 79, training error 18.972849 (%)
[2015-06-01 11:54:02.756438] > epoch 79, lrate 0.200000, validation error 32.482260 (%)
[2015-06-01 11:54:47.822259] > epoch 80, training error 18.928393 (%)
[2015-06-01 11:54:53.886070] > epoch 80, lrate 0.200000, validation error 32.504380 (%)
[2015-06-01 11:55:38.016238] > epoch 81, training error 18.887444 (%)
[2015-06-01 11:55:44.028032] > epoch 81, lrate 0.200000, validation error 32.524287 (%)
[2015-06-01 11:56:28.996415] > epoch 82, training error 18.841376 (%)
[2015-06-01 11:56:36.634590] > epoch 82, lrate 0.200000, validation error 32.555475 (%)
[2015-06-01 11:57:25.732346] > epoch 83, training error 18.791518 (%)
[2015-06-01 11:57:32.225436] > epoch 83, lrate 0.200000, validation error 32.590202 (%)
[2015-06-01 11:58:17.634690] > epoch 84, training error 18.750948 (%)
[2015-06-01 11:58:24.023614] > epoch 84, lrate 0.200000, validation error 32.614312 (%)
[2015-06-01 11:59:09.591926] > epoch 85, training error 18.699383 (%)
[2015-06-01 11:59:16.298279] > epoch 85, lrate 0.200000, validation error 32.651693 (%)
[2015-06-01 12:00:00.444373] > epoch 86, training error 18.652936 (%)
[2015-06-01 12:00:06.440164] > epoch 86, lrate 0.200000, validation error 32.677573 (%)
[2015-06-01 12:00:46.814985] > epoch 87, training error 18.604973 (%)
[2015-06-01 12:00:53.257452] > epoch 87, lrate 0.200000, validation error 32.699250 (%)
[2015-06-01 12:01:31.009182] > epoch 88, training error 18.564877 (%)
[2015-06-01 12:01:36.975894] > epoch 88, lrate 0.200000, validation error 32.726899 (%)
[2015-06-01 12:02:13.150850] > epoch 89, training error 18.519853 (%)
[2015-06-01 12:02:19.103811] > epoch 89, lrate 0.200000, validation error 32.747912 (%)
[2015-06-01 12:02:55.240063] > epoch 90, training error 18.473690 (%)
[2015-06-01 12:03:02.663488] > epoch 90, lrate 0.200000, validation error 32.778879 (%)
[2015-06-01 12:03:51.088285] > epoch 91, training error 18.430277 (%)
[2015-06-01 12:03:56.860924] > epoch 91, lrate 0.200000, validation error 32.804095 (%)
[2015-06-01 12:04:33.563889] > epoch 92, training error 18.395395 (%)
[2015-06-01 12:04:39.723149] > epoch 92, lrate 0.200000, validation error 32.843688 (%)
[2015-06-01 12:05:16.203831] > epoch 93, training error 18.346484 (%)
[2015-06-01 12:05:22.979057] > epoch 93, lrate 0.200000, validation error 32.866692 (%)
[2015-06-01 12:06:00.056842] > epoch 94, training error 18.297573 (%)
[2015-06-01 12:06:06.282166] > epoch 94, lrate 0.200000, validation error 32.898544 (%)
[2015-06-01 12:06:46.127021] > epoch 95, training error 18.256434 (%)
[2015-06-01 12:06:51.856998] > epoch 95, lrate 0.200000, validation error 32.930617 (%)
[2015-06-01 12:07:29.187170] > epoch 96, training error 18.214917 (%)
[2015-06-01 12:07:35.459755] > epoch 96, lrate 0.200000, validation error 32.954948 (%)
[2015-06-01 12:08:19.562693] > epoch 97, training error 18.173210 (%)
[2015-06-01 12:08:25.222754] > epoch 97, lrate 0.200000, validation error 32.987242 (%)
[2015-06-01 12:09:01.636457] > epoch 98, training error 18.133872 (%)
[2015-06-01 12:09:07.669364] > epoch 98, lrate 0.200000, validation error 33.025065 (%)
[2015-06-01 12:09:44.849726] > epoch 99, training error 18.084487 (%)
[2015-06-01 12:09:51.593542] > epoch 99, lrate 0.200000, validation error 33.049618 (%)
[2015-06-01 12:10:39.639627] > epoch 100, training error 18.042306 (%)
[2015-06-01 12:10:46.145777] > epoch 100, lrate 0.200000, validation error 33.075718 (%)
[2015-06-01 12:10:47.310864] > ... the final PDNN model parameter is dnn256_256_256_256_0.2_100_norm.param
[2015-06-01 12:10:47.327707] > ... the final PDNN model config is dnn256_256_256_256_0.2_100_norm.cfg
