Using gpu device 0: GeForce GT 520M
[2015-05-31 14:09:52.467043] > ... building the model
[2015-05-31 14:09:52.476156] > ... getting the finetuning functions
[2015-05-31 14:09:54.014871] > ... finetuning the model
[2015-05-31 14:10:11.349996] > epoch 1, training error 31.929257 (%)
[2015-05-31 14:10:14.368832] > epoch 1, lrate 0.300000, validation error 35.150941 (%)
[2015-05-31 14:10:31.174807] > epoch 2, training error 27.666317 (%)
[2015-05-31 14:10:33.936456] > epoch 2, lrate 0.300000, validation error 34.084133 (%)
[2015-05-31 14:10:51.046768] > epoch 3, training error 26.590652 (%)
[2015-05-31 14:10:53.884169] > epoch 3, lrate 0.300000, validation error 33.480942 (%)
[2015-05-31 14:11:10.801325] > epoch 4, training error 25.996895 (%)
[2015-05-31 14:11:13.586408] > epoch 4, lrate 0.300000, validation error 33.031701 (%)
[2015-05-31 14:11:30.442486] > epoch 5, training error 25.612336 (%)
[2015-05-31 14:11:33.212817] > epoch 5, lrate 0.300000, validation error 32.677573 (%)
[2015-05-31 14:11:50.032052] > epoch 6, training error 25.312045 (%)
[2015-05-31 14:11:52.839955] > epoch 6, lrate 0.300000, validation error 32.447533 (%)
[2015-05-31 14:12:09.649994] > epoch 7, training error 25.080665 (%)
[2015-05-31 14:12:12.406548] > epoch 7, lrate 0.300000, validation error 32.267704 (%)
[2015-05-31 14:12:29.291654] > epoch 8, training error 24.874310 (%)
[2015-05-31 14:12:32.051980] > epoch 8, lrate 0.300000, validation error 32.137422 (%)
[2015-05-31 14:12:48.889467] > epoch 9, training error 24.699330 (%)
[2015-05-31 14:12:51.662716] > epoch 9, lrate 0.300000, validation error 32.032356 (%)
[2015-05-31 14:13:08.479925] > epoch 10, training error 24.546625 (%)
[2015-05-31 14:13:11.245425] > epoch 10, lrate 0.300000, validation error 31.961796 (%)
[2015-05-31 14:13:28.058678] > epoch 11, training error 24.415532 (%)
[2015-05-31 14:13:30.861184] > epoch 11, lrate 0.300000, validation error 31.903843 (%)
[2015-05-31 14:13:47.638693] > epoch 12, training error 24.298941 (%)
[2015-05-31 14:13:50.396125] > epoch 12, lrate 0.300000, validation error 31.853854 (%)
[2015-05-31 14:14:07.199320] > epoch 13, training error 24.200835 (%)
[2015-05-31 14:14:09.957005] > epoch 13, lrate 0.300000, validation error 31.815145 (%)
[2015-05-31 14:14:26.797707] > epoch 14, training error 24.115335 (%)
[2015-05-31 14:14:29.567165] > epoch 14, lrate 0.300000, validation error 31.785948 (%)
[2015-05-31 14:14:46.363094] > epoch 15, training error 24.026708 (%)
[2015-05-31 14:14:49.125955] > epoch 15, lrate 0.300000, validation error 31.739719 (%)
[2015-05-31 14:15:05.968175] > epoch 16, training error 23.941777 (%)
[2015-05-31 14:15:08.739237] > epoch 16, lrate 0.300000, validation error 31.681767 (%)
[2015-05-31 14:15:25.523757] > epoch 17, training error 23.843576 (%)
[2015-05-31 14:15:28.318938] > epoch 17, lrate 0.300000, validation error 31.612976 (%)
[2015-05-31 14:15:45.115506] > epoch 18, training error 23.760446 (%)
[2015-05-31 14:15:47.869833] > epoch 18, lrate 0.300000, validation error 31.555466 (%)
[2015-05-31 14:16:04.676895] > epoch 19, training error 23.685468 (%)
[2015-05-31 14:16:07.475300] > epoch 19, lrate 0.300000, validation error 31.501716 (%)
[2015-05-31 14:16:24.387617] > epoch 20, training error 23.616841 (%)
[2015-05-31 14:16:27.157810] > epoch 20, lrate 0.300000, validation error 31.453275 (%)
[2015-05-31 14:16:43.992143] > epoch 21, training error 23.552005 (%)
[2015-05-31 14:16:46.789274] > epoch 21, lrate 0.300000, validation error 31.417442 (%)
[2015-05-31 14:17:03.591821] > epoch 22, training error 23.497312 (%)
[2015-05-31 14:17:06.395328] > epoch 22, lrate 0.300000, validation error 31.401738 (%)
[2015-05-31 14:17:23.210880] > epoch 23, training error 23.430296 (%)
[2015-05-31 14:17:25.981064] > epoch 23, lrate 0.300000, validation error 31.355287 (%)
[2015-05-31 14:17:42.769387] > epoch 24, training error 23.380437 (%)
[2015-05-31 14:17:45.535657] > epoch 24, lrate 0.300000, validation error 31.330956 (%)
[2015-05-31 14:18:02.329483] > epoch 25, training error 23.327071 (%)
[2015-05-31 14:18:05.139684] > epoch 25, lrate 0.300000, validation error 31.297999 (%)
[2015-05-31 14:18:21.944360] > epoch 26, training error 23.278444 (%)
[2015-05-31 14:18:24.704769] > epoch 26, lrate 0.300000, validation error 31.232305 (%)
[2015-05-31 14:18:41.508600] > epoch 27, training error 23.228680 (%)
[2015-05-31 14:18:44.263036] > epoch 27, lrate 0.300000, validation error 31.154003 (%)
[2015-05-31 14:19:01.060522] > epoch 28, training error 23.183371 (%)
[2015-05-31 14:19:03.813916] > epoch 28, lrate 0.300000, validation error 31.095608 (%)
[2015-05-31 14:19:20.672981] > epoch 29, training error 23.148583 (%)
[2015-05-31 14:19:23.476633] > epoch 29, lrate 0.300000, validation error 31.077028 (%)
[2015-05-31 14:19:40.447140] > epoch 30, training error 23.106023 (%)
[2015-05-31 14:19:43.256476] > epoch 30, lrate 0.300000, validation error 31.054909 (%)
[2015-05-31 14:20:00.120116] > epoch 31, training error 23.062800 (%)
[2015-05-31 14:20:02.883483] > epoch 31, lrate 0.300000, validation error 31.064199 (%)
[2015-05-31 14:20:19.736990] > epoch 32, training error 23.022135 (%)
[2015-05-31 14:20:22.495958] > epoch 32, lrate 0.300000, validation error 31.067959 (%)
[2015-05-31 14:20:39.326083] > epoch 33, training error 22.979764 (%)
[2015-05-31 14:20:42.085225] > epoch 33, lrate 0.300000, validation error 31.077028 (%)
[2015-05-31 14:20:58.888156] > epoch 34, training error 22.943460 (%)
[2015-05-31 14:21:01.686549] > epoch 34, lrate 0.300000, validation error 31.091405 (%)
[2015-05-31 14:21:18.528798] > epoch 35, training error 22.909621 (%)
[2015-05-31 14:21:21.296922] > epoch 35, lrate 0.300000, validation error 31.074374 (%)
[2015-05-31 14:21:38.104965] > epoch 36, training error 22.870283 (%)
[2015-05-31 14:21:40.859165] > epoch 36, lrate 0.300000, validation error 31.075037 (%)
[2015-05-31 14:21:57.659646] > epoch 37, training error 22.842131 (%)
[2015-05-31 14:22:00.412988] > epoch 37, lrate 0.300000, validation error 31.084991 (%)
[2015-05-31 14:22:17.205439] > epoch 38, training error 22.809334 (%)
[2015-05-31 14:22:19.967173] > epoch 38, lrate 0.300000, validation error 31.102907 (%)
[2015-05-31 14:22:36.769898] > epoch 39, training error 22.778054 (%)
[2015-05-31 14:22:39.524296] > epoch 39, lrate 0.300000, validation error 31.115958 (%)
[2015-05-31 14:22:56.529697] > epoch 40, training error 22.749522 (%)
[2015-05-31 14:22:59.295019] > epoch 40, lrate 0.300000, validation error 31.127238 (%)
[2015-05-31 14:23:16.425232] > epoch 41, training error 22.715683 (%)
[2015-05-31 14:23:19.181352] > epoch 41, lrate 0.300000, validation error 31.141616 (%)
[2015-05-31 14:23:35.933283] > epoch 42, training error 22.683928 (%)
[2015-05-31 14:23:38.690734] > epoch 42, lrate 0.300000, validation error 31.163072 (%)
[2015-05-31 14:23:55.487448] > epoch 43, training error 22.657008 (%)
[2015-05-31 14:23:58.281802] > epoch 43, lrate 0.300000, validation error 31.184970 (%)
[2015-05-31 14:24:15.087248] > epoch 44, training error 22.624022 (%)
[2015-05-31 14:24:17.844483] > epoch 44, lrate 0.300000, validation error 31.214388 (%)
[2015-05-31 14:24:34.831779] > epoch 45, training error 22.597955 (%)
[2015-05-31 14:24:37.587541] > epoch 45, lrate 0.300000, validation error 31.240710 (%)
[2015-05-31 14:24:54.585505] > epoch 46, training error 22.575869 (%)
[2015-05-31 14:24:57.342356] > epoch 46, lrate 0.300000, validation error 31.264377 (%)
[2015-05-31 14:25:14.134330] > epoch 47, training error 22.554447 (%)
[2015-05-31 14:25:16.933571] > epoch 47, lrate 0.300000, validation error 31.266368 (%)
[2015-05-31 14:25:33.724788] > epoch 48, training error 22.532077 (%)
[2015-05-31 14:25:36.526029] > epoch 48, lrate 0.300000, validation error 31.288045 (%)
[2015-05-31 14:25:53.366721] > epoch 49, training error 22.509991 (%)
[2015-05-31 14:25:56.121516] > epoch 49, lrate 0.300000, validation error 31.307952 (%)
[2015-05-31 14:26:12.922994] > epoch 50, training error 22.487905 (%)
[2015-05-31 14:26:15.683671] > epoch 50, lrate 0.300000, validation error 31.334717 (%)
[2015-05-31 14:26:32.518638] > epoch 51, training error 22.461364 (%)
[2015-05-31 14:26:35.279358] > epoch 51, lrate 0.300000, validation error 31.337371 (%)
[2015-05-31 14:26:52.090493] > epoch 52, training error 22.437382 (%)
[2015-05-31 14:26:54.855536] > epoch 52, lrate 0.300000, validation error 31.352633 (%)
[2015-05-31 14:27:11.668309] > epoch 53, training error 22.415581 (%)
[2015-05-31 14:27:14.436533] > epoch 53, lrate 0.300000, validation error 31.366568 (%)
[2015-05-31 14:27:31.287484] > epoch 54, training error 22.397666 (%)
[2015-05-31 14:27:34.047863] > epoch 54, lrate 0.300000, validation error 31.379176 (%)
[2015-05-31 14:27:50.896587] > epoch 55, training error 22.378424 (%)
[2015-05-31 14:27:53.654553] > epoch 55, lrate 0.300000, validation error 31.410364 (%)
[2015-05-31 14:28:10.458940] > epoch 56, training error 22.354158 (%)
[2015-05-31 14:28:13.232047] > epoch 56, lrate 0.300000, validation error 31.434253 (%)
[2015-05-31 14:28:30.108779] > epoch 57, training error 22.334726 (%)
[2015-05-31 14:28:32.882712] > epoch 57, lrate 0.300000, validation error 31.463008 (%)
[2015-05-31 14:28:49.845777] > epoch 58, training error 22.307616 (%)
[2015-05-31 14:28:52.634928] > epoch 58, lrate 0.300000, validation error 31.481146 (%)
[2015-05-31 14:29:09.520945] > epoch 59, training error 22.289038 (%)
[2015-05-31 14:29:12.291826] > epoch 59, lrate 0.300000, validation error 31.508352 (%)
[2015-05-31 14:29:29.260774] > epoch 60, training error 22.271407 (%)
[2015-05-31 14:29:32.022143] > epoch 60, lrate 0.300000, validation error 31.534895 (%)
[2015-05-31 14:29:48.823957] > epoch 61, training error 22.257947 (%)
[2015-05-31 14:29:51.581183] > epoch 61, lrate 0.300000, validation error 31.565862 (%)
[2015-05-31 14:30:08.389930] > epoch 62, training error 22.238326 (%)
[2015-05-31 14:30:11.144488] > epoch 62, lrate 0.300000, validation error 31.590414 (%)
[2015-05-31 14:30:27.983485] > epoch 63, training error 22.219463 (%)
[2015-05-31 14:30:30.748133] > epoch 63, lrate 0.300000, validation error 31.621824 (%)
[2015-05-31 14:30:47.599888] > epoch 64, training error 22.203917 (%)
[2015-05-31 14:30:50.362372] > epoch 64, lrate 0.300000, validation error 31.633768 (%)
[2015-05-31 14:31:07.182769] > epoch 65, training error 22.188277 (%)
[2015-05-31 14:31:09.979397] > epoch 65, lrate 0.300000, validation error 31.653454 (%)
[2015-05-31 14:31:26.749899] > epoch 66, training error 22.172637 (%)
[2015-05-31 14:31:29.502708] > epoch 66, lrate 0.300000, validation error 31.681324 (%)
[2015-05-31 14:31:46.296863] > epoch 67, training error 22.153679 (%)
[2015-05-31 14:31:49.051273] > epoch 67, lrate 0.300000, validation error 31.701895 (%)
[2015-05-31 14:32:05.853739] > epoch 68, training error 22.130361 (%)
[2015-05-31 14:32:08.606741] > epoch 68, lrate 0.300000, validation error 31.716051 (%)
[2015-05-31 14:32:25.422328] > epoch 69, training error 22.110740 (%)
[2015-05-31 14:32:28.188015] > epoch 69, lrate 0.300000, validation error 31.729102 (%)
[2015-05-31 14:32:45.020194] > epoch 70, training error 22.101640 (%)
[2015-05-31 14:32:47.818595] > epoch 70, lrate 0.300000, validation error 31.760732 (%)
[2015-05-31 14:33:04.630187] > epoch 71, training error 22.084294 (%)
[2015-05-31 14:33:07.427811] > epoch 71, lrate 0.300000, validation error 31.764271 (%)
[2015-05-31 14:33:24.314016] > epoch 72, training error 22.073393 (%)
[2015-05-31 14:33:27.082477] > epoch 72, lrate 0.300000, validation error 31.772898 (%)
[2015-05-31 14:33:44.038937] > epoch 73, training error 22.059080 (%)
[2015-05-31 14:33:46.802386] > epoch 73, lrate 0.300000, validation error 31.788824 (%)
[2015-05-31 14:34:03.765544] > epoch 74, training error 22.047800 (%)
[2015-05-31 14:34:06.527175] > epoch 74, lrate 0.300000, validation error 31.800326 (%)
[2015-05-31 14:34:23.503853] > epoch 75, training error 22.038795 (%)
[2015-05-31 14:34:26.260131] > epoch 75, lrate 0.300000, validation error 31.814482 (%)
[2015-05-31 14:34:43.261778] > epoch 76, training error 22.020975 (%)
[2015-05-31 14:34:46.041281] > epoch 76, lrate 0.300000, validation error 31.832841 (%)
[2015-05-31 14:35:02.993803] > epoch 77, training error 21.999363 (%)
[2015-05-31 14:35:05.795629] > epoch 77, lrate 0.300000, validation error 31.844122 (%)
[2015-05-31 14:35:22.599695] > epoch 78, training error 21.985145 (%)
[2015-05-31 14:35:25.403906] > epoch 78, lrate 0.300000, validation error 31.850979 (%)
[2015-05-31 14:35:42.199467] > epoch 79, training error 21.967704 (%)
[2015-05-31 14:35:44.960989] > epoch 79, lrate 0.300000, validation error 31.856066 (%)
[2015-05-31 14:36:01.919546] > epoch 80, training error 21.955950 (%)
[2015-05-31 14:36:04.720356] > epoch 80, lrate 0.300000, validation error 31.879512 (%)
[2015-05-31 14:36:21.609598] > epoch 81, training error 21.942490 (%)
[2015-05-31 14:36:24.433562] > epoch 81, lrate 0.300000, validation error 31.890130 (%)
[2015-05-31 14:36:41.253150] > epoch 82, training error 21.930641 (%)
[2015-05-31 14:36:44.006570] > epoch 82, lrate 0.300000, validation error 31.898535 (%)
[2015-05-31 14:37:00.782043] > epoch 83, training error 21.912347 (%)
[2015-05-31 14:37:03.548904] > epoch 83, lrate 0.300000, validation error 31.897650 (%)
[2015-05-31 14:37:20.404023] > epoch 84, training error 21.897370 (%)
[2015-05-31 14:37:23.205402] > epoch 84, lrate 0.300000, validation error 31.904065 (%)
[2015-05-31 14:37:40.141558] > epoch 85, training error 21.888460 (%)
[2015-05-31 14:37:42.923946] > epoch 85, lrate 0.300000, validation error 31.908710 (%)
[2015-05-31 14:37:59.759361] > epoch 86, training error 21.868270 (%)
[2015-05-31 14:38:02.561346] > epoch 86, lrate 0.300000, validation error 31.898535 (%)
[2015-05-31 14:38:19.436305] > epoch 87, training error 21.854810 (%)
[2015-05-31 14:38:22.196326] > epoch 87, lrate 0.300000, validation error 31.895217 (%)
[2015-05-31 14:38:39.381293] > epoch 88, training error 21.840212 (%)
[2015-05-31 14:38:42.141147] > epoch 88, lrate 0.300000, validation error 31.896102 (%)
[2015-05-31 14:38:58.964754] > epoch 89, training error 21.821918 (%)
[2015-05-31 14:39:01.763665] > epoch 89, lrate 0.300000, validation error 31.900083 (%)
[2015-05-31 14:39:18.638043] > epoch 90, training error 21.819549 (%)
[2015-05-31 14:39:21.410098] > epoch 90, lrate 0.300000, validation error 31.906719 (%)
[2015-05-31 14:39:38.201665] > epoch 91, training error 21.812060 (%)
[2015-05-31 14:39:40.958595] > epoch 91, lrate 0.300000, validation error 31.903843 (%)
[2015-05-31 14:39:57.763480] > epoch 92, training error 21.801918 (%)
[2015-05-31 14:40:00.563456] > epoch 92, lrate 0.300000, validation error 31.917557 (%)
[2015-05-31 14:40:17.428290] > epoch 93, training error 21.785993 (%)
[2015-05-31 14:40:20.226291] > epoch 93, lrate 0.300000, validation error 31.912249 (%)
[2015-05-31 14:40:37.087593] > epoch 94, training error 21.774050 (%)
[2015-05-31 14:40:39.841488] > epoch 94, lrate 0.300000, validation error 31.915788 (%)
[2015-05-31 14:40:56.639738] > epoch 95, training error 21.766088 (%)
[2015-05-31 14:40:59.392294] > epoch 95, lrate 0.300000, validation error 31.916009 (%)
[2015-05-31 14:41:16.201292] > epoch 96, training error 21.756609 (%)
[2015-05-31 14:41:18.964599] > epoch 96, lrate 0.300000, validation error 31.910700 (%)
[2015-05-31 14:41:35.771536] > epoch 97, training error 21.743812 (%)
[2015-05-31 14:41:38.529156] > epoch 97, lrate 0.300000, validation error 31.905392 (%)
[2015-05-31 14:41:55.355094] > epoch 98, training error 21.728836 (%)
[2015-05-31 14:41:58.154626] > epoch 98, lrate 0.300000, validation error 31.900747 (%)
[2015-05-31 14:42:15.009298] > epoch 99, training error 21.720305 (%)
[2015-05-31 14:42:17.780531] > epoch 99, lrate 0.300000, validation error 31.908488 (%)
[2015-05-31 14:42:34.529455] > epoch 100, training error 21.710826 (%)
[2015-05-31 14:42:37.259777] > epoch 100, lrate 0.300000, validation error 31.917557 (%)
[2015-05-31 14:42:37.302244] > ... the final PDNN model parameter is dnn128_128_128_0.3_100_norm.param
[2015-05-31 14:42:37.303427] > ... the final PDNN model config is dnn128_128_128_0.3_100_norm.cfg
