Using gpu device 0: GeForce GT 520M
[2015-05-31 20:53:12.540690] > ... building the model
[2015-05-31 20:53:12.550174] > ... getting the finetuning functions
[2015-05-31 20:53:13.571294] > ... finetuning the model
[2015-05-31 20:53:31.197944] > epoch 1, training error 33.338294 (%)
[2015-05-31 20:53:34.206991] > epoch 1, lrate 0.200000, validation error 35.213539 (%)
[2015-05-31 20:53:51.600393] > epoch 2, training error 28.464249 (%)
[2015-05-31 20:53:54.501658] > epoch 2, lrate 0.200000, validation error 33.987250 (%)
[2015-05-31 20:54:11.816438] > epoch 3, training error 27.218250 (%)
[2015-05-31 20:54:14.664195] > epoch 3, lrate 0.200000, validation error 33.428298 (%)
[2015-05-31 20:54:31.861703] > epoch 4, training error 26.526480 (%)
[2015-05-31 20:54:34.708662] > epoch 4, lrate 0.200000, validation error 33.036346 (%)
[2015-05-31 20:54:51.935633] > epoch 5, training error 26.077655 (%)
[2015-05-31 20:54:54.778267] > epoch 5, lrate 0.200000, validation error 32.720705 (%)
[2015-05-31 20:55:11.925226] > epoch 6, training error 25.761818 (%)
[2015-05-31 20:55:14.780383] > epoch 6, lrate 0.200000, validation error 32.432492 (%)
[2015-05-31 20:55:32.541866] > epoch 7, training error 25.514704 (%)
[2015-05-31 20:55:35.436248] > epoch 7, lrate 0.200000, validation error 32.202453 (%)
[2015-05-31 20:55:53.111191] > epoch 8, training error 25.295552 (%)
[2015-05-31 20:55:56.067856] > epoch 8, lrate 0.200000, validation error 32.018863 (%)
[2015-05-31 20:56:13.748997] > epoch 9, training error 25.105216 (%)
[2015-05-31 20:56:16.732259] > epoch 9, lrate 0.200000, validation error 31.893669 (%)
[2015-05-31 20:56:34.651076] > epoch 10, training error 24.952511 (%)
[2015-05-31 20:56:37.604109] > epoch 10, lrate 0.200000, validation error 31.785948 (%)
[2015-05-31 20:56:55.424800] > epoch 11, training error 24.823503 (%)
[2015-05-31 20:56:58.374000] > epoch 11, lrate 0.200000, validation error 31.699020 (%)
[2015-05-31 20:57:16.171065] > epoch 12, training error 24.692031 (%)
[2015-05-31 20:57:19.116838] > epoch 12, lrate 0.200000, validation error 31.616957 (%)
[2015-05-31 20:57:36.934477] > epoch 13, training error 24.587763 (%)
[2015-05-31 20:57:39.862414] > epoch 13, lrate 0.200000, validation error 31.561881 (%)
[2015-05-31 20:57:57.668002] > epoch 14, training error 24.484917 (%)
[2015-05-31 20:58:00.586029] > epoch 14, lrate 0.200000, validation error 31.506361 (%)
[2015-05-31 20:58:18.440863] > epoch 15, training error 24.385294 (%)
[2015-05-31 20:58:21.369016] > epoch 15, lrate 0.200000, validation error 31.448852 (%)
[2015-05-31 20:58:39.200543] > epoch 16, training error 24.301311 (%)
[2015-05-31 20:58:42.156593] > epoch 16, lrate 0.200000, validation error 31.399747 (%)
[2015-05-31 20:58:59.964844] > epoch 17, training error 24.223679 (%)
[2015-05-31 20:59:02.894808] > epoch 17, lrate 0.200000, validation error 31.346882 (%)
[2015-05-31 20:59:20.757126] > epoch 18, training error 24.154862 (%)
[2015-05-31 20:59:23.698731] > epoch 18, lrate 0.200000, validation error 31.308173 (%)
[2015-05-31 20:59:41.563116] > epoch 19, training error 24.092302 (%)
[2015-05-31 20:59:44.516139] > epoch 19, lrate 0.200000, validation error 31.250664 (%)
[2015-05-31 21:00:02.441912] > epoch 20, training error 24.023106 (%)
[2015-05-31 21:00:05.392861] > epoch 20, lrate 0.200000, validation error 31.227438 (%)
[2015-05-31 21:00:23.227550] > epoch 21, training error 23.964621 (%)
[2015-05-31 21:00:26.171836] > epoch 21, lrate 0.200000, validation error 31.175680 (%)
[2015-05-31 21:00:44.015636] > epoch 22, training error 23.911065 (%)
[2015-05-31 21:00:46.935629] > epoch 22, lrate 0.200000, validation error 31.149579 (%)
[2015-05-31 21:01:04.764079] > epoch 23, training error 23.852865 (%)
[2015-05-31 21:01:07.713132] > epoch 23, lrate 0.200000, validation error 31.153339 (%)
[2015-05-31 21:01:25.513823] > epoch 24, training error 23.792200 (%)
[2015-05-31 21:01:28.453626] > epoch 24, lrate 0.200000, validation error 31.130556 (%)
[2015-05-31 21:01:46.276669] > epoch 25, training error 23.746038 (%)
[2015-05-31 21:01:49.222385] > epoch 25, lrate 0.200000, validation error 31.116842 (%)
[2015-05-31 21:02:07.040808] > epoch 26, training error 23.698738 (%)
[2015-05-31 21:02:09.979832] > epoch 26, lrate 0.200000, validation error 31.114852 (%)
[2015-05-31 21:02:27.837233] > epoch 27, training error 23.646415 (%)
[2015-05-31 21:02:30.770616] > epoch 27, lrate 0.200000, validation error 31.121709 (%)
[2015-05-31 21:02:48.594421] > epoch 28, training error 23.602243 (%)
[2015-05-31 21:02:51.529744] > epoch 28, lrate 0.200000, validation error 31.122815 (%)
[2015-05-31 21:03:09.379866] > epoch 29, training error 23.560915 (%)
[2015-05-31 21:03:12.305891] > epoch 29, lrate 0.200000, validation error 31.115515 (%)
[2015-05-31 21:03:30.151207] > epoch 30, training error 23.507170 (%)
[2015-05-31 21:03:33.073833] > epoch 30, lrate 0.200000, validation error 31.102907 (%)
[2015-05-31 21:03:50.919839] > epoch 31, training error 23.468212 (%)
[2015-05-31 21:03:53.842771] > epoch 31, lrate 0.200000, validation error 31.130778 (%)
[2015-05-31 21:04:11.724483] > epoch 32, training error 23.422713 (%)
[2015-05-31 21:04:14.650995] > epoch 32, lrate 0.200000, validation error 31.129229 (%)
[2015-05-31 21:04:32.622258] > epoch 33, training error 23.380058 (%)
[2015-05-31 21:04:35.557728] > epoch 33, lrate 0.200000, validation error 31.151791 (%)
[2015-05-31 21:04:53.354510] > epoch 34, training error 23.338446 (%)
[2015-05-31 21:04:56.283679] > epoch 34, lrate 0.200000, validation error 31.161302 (%)
[2015-05-31 21:05:14.372160] > epoch 35, training error 23.303942 (%)
[2015-05-31 21:05:17.267143] > epoch 35, lrate 0.200000, validation error 31.156878 (%)
[2015-05-31 21:05:34.923818] > epoch 36, training error 23.266785 (%)
[2015-05-31 21:05:37.828870] > epoch 36, lrate 0.200000, validation error 31.169486 (%)
[2015-05-31 21:05:55.441048] > epoch 37, training error 23.238538 (%)
[2015-05-31 21:05:58.348054] > epoch 37, lrate 0.200000, validation error 31.187624 (%)
[2015-05-31 21:06:15.508134] > epoch 38, training error 23.215030 (%)
[2015-05-31 21:06:18.308662] > epoch 38, lrate 0.200000, validation error 31.197799 (%)
[2015-05-31 21:06:35.404924] > epoch 39, training error 23.191902 (%)
[2015-05-31 21:06:38.225451] > epoch 39, lrate 0.200000, validation error 31.199568 (%)
[2015-05-31 21:06:55.369102] > epoch 40, training error 23.162612 (%)
[2015-05-31 21:06:58.169534] > epoch 40, lrate 0.200000, validation error 31.211734 (%)
[2015-05-31 21:07:15.273624] > epoch 41, training error 23.135597 (%)
[2015-05-31 21:07:18.074740] > epoch 41, lrate 0.200000, validation error 31.219697 (%)
[2015-05-31 21:07:35.171954] > epoch 42, training error 23.106592 (%)
[2015-05-31 21:07:37.977181] > epoch 42, lrate 0.200000, validation error 31.228102 (%)
[2015-05-31 21:07:55.052630] > epoch 43, training error 23.079198 (%)
[2015-05-31 21:07:57.857508] > epoch 43, lrate 0.200000, validation error 31.231199 (%)
[2015-05-31 21:08:14.923591] > epoch 44, training error 23.045927 (%)
[2015-05-31 21:08:17.718886] > epoch 44, lrate 0.200000, validation error 31.240710 (%)
[2015-05-31 21:08:34.799392] > epoch 45, training error 23.022514 (%)
[2015-05-31 21:08:37.616840] > epoch 45, lrate 0.200000, validation error 31.241816 (%)
[2015-05-31 21:08:54.838162] > epoch 46, training error 22.984599 (%)
[2015-05-31 21:08:57.636002] > epoch 46, lrate 0.200000, validation error 31.251548 (%)
[2015-05-31 21:09:14.736247] > epoch 47, training error 22.961186 (%)
[2015-05-31 21:09:17.528492] > epoch 47, lrate 0.200000, validation error 31.256636 (%)
[2015-05-31 21:09:34.558715] > epoch 48, training error 22.934361 (%)
[2015-05-31 21:09:37.356134] > epoch 48, lrate 0.200000, validation error 31.264599 (%)
[2015-05-31 21:09:54.441630] > epoch 49, training error 22.913507 (%)
[2015-05-31 21:09:57.238433] > epoch 49, lrate 0.200000, validation error 31.277428 (%)
[2015-05-31 21:10:14.322512] > epoch 50, training error 22.888198 (%)
[2015-05-31 21:10:17.124303] > epoch 50, lrate 0.200000, validation error 31.289372 (%)
[2015-05-31 21:10:34.213505] > epoch 51, training error 22.859383 (%)
[2015-05-31 21:10:37.011023] > epoch 51, lrate 0.200000, validation error 31.290036 (%)
[2015-05-31 21:10:54.087667] > epoch 52, training error 22.836065 (%)
[2015-05-31 21:10:56.891728] > epoch 52, lrate 0.200000, validation error 31.293354 (%)
[2015-05-31 21:11:14.041554] > epoch 53, training error 22.809998 (%)
[2015-05-31 21:11:16.877136] > epoch 53, lrate 0.200000, validation error 31.297556 (%)
[2015-05-31 21:11:33.918733] > epoch 54, training error 22.792272 (%)
[2015-05-31 21:11:36.761595] > epoch 54, lrate 0.200000, validation error 31.298441 (%)
[2015-05-31 21:11:53.869028] > epoch 55, training error 22.765636 (%)
[2015-05-31 21:11:56.711052] > epoch 55, lrate 0.200000, validation error 31.302201 (%)
[2015-05-31 21:12:13.795669] > epoch 56, training error 22.749427 (%)
[2015-05-31 21:12:16.620599] > epoch 56, lrate 0.200000, validation error 31.300432 (%)
[2015-05-31 21:12:33.709676] > epoch 57, training error 22.726015 (%)
[2015-05-31 21:12:36.517144] > epoch 57, lrate 0.200000, validation error 31.298883 (%)
[2015-05-31 21:12:53.595563] > epoch 58, training error 22.702223 (%)
[2015-05-31 21:12:56.399439] > epoch 58, lrate 0.200000, validation error 31.307289 (%)
[2015-05-31 21:13:13.489798] > epoch 59, training error 22.678715 (%)
[2015-05-31 21:13:16.296569] > epoch 59, lrate 0.200000, validation error 31.306404 (%)
[2015-05-31 21:13:33.570619] > epoch 60, training error 22.659473 (%)
[2015-05-31 21:13:36.369544] > epoch 60, lrate 0.200000, validation error 31.294902 (%)
[2015-05-31 21:13:53.391067] > epoch 61, training error 22.640894 (%)
[2015-05-31 21:13:56.145023] > epoch 61, lrate 0.200000, validation error 31.297777 (%)
[2015-05-31 21:14:13.097486] > epoch 62, training error 22.625159 (%)
[2015-05-31 21:14:15.889150] > epoch 62, lrate 0.200000, validation error 31.308616 (%)
[2015-05-31 21:14:33.186276] > epoch 63, training error 22.596438 (%)
[2015-05-31 21:14:36.110658] > epoch 63, lrate 0.200000, validation error 31.320781 (%)
[2015-05-31 21:14:53.751608] > epoch 64, training error 22.583831 (%)
[2015-05-31 21:14:56.670853] > epoch 64, lrate 0.200000, validation error 31.326975 (%)
[2015-05-31 21:15:14.329868] > epoch 65, training error 22.558902 (%)
[2015-05-31 21:15:17.228431] > epoch 65, lrate 0.200000, validation error 31.341131 (%)
[2015-05-31 21:15:34.885478] > epoch 66, training error 22.541082 (%)
[2015-05-31 21:15:37.692966] > epoch 66, lrate 0.200000, validation error 31.342016 (%)
[2015-05-31 21:15:54.778180] > epoch 67, training error 22.521365 (%)
[2015-05-31 21:15:57.572266] > epoch 67, lrate 0.200000, validation error 31.350642 (%)
[2015-05-31 21:16:14.662008] > epoch 68, training error 22.503829 (%)
[2015-05-31 21:16:17.459686] > epoch 68, lrate 0.200000, validation error 31.368117 (%)
[2015-05-31 21:16:34.510924] > epoch 69, training error 22.477194 (%)
[2015-05-31 21:16:37.316408] > epoch 69, lrate 0.200000, validation error 31.376964 (%)
[2015-05-31 21:16:54.403296] > epoch 70, training error 22.455392 (%)
[2015-05-31 21:16:57.214465] > epoch 70, lrate 0.200000, validation error 31.384042 (%)
[2015-05-31 21:17:14.294958] > epoch 71, training error 22.431506 (%)
[2015-05-31 21:17:17.100314] > epoch 71, lrate 0.200000, validation error 31.393332 (%)
[2015-05-31 21:17:34.175913] > epoch 72, training error 22.419278 (%)
[2015-05-31 21:17:36.969917] > epoch 72, lrate 0.200000, validation error 31.396429 (%)
[2015-05-31 21:17:54.056208] > epoch 73, training error 22.407808 (%)
[2015-05-31 21:17:56.864261] > epoch 73, lrate 0.200000, validation error 31.412576 (%)
[2015-05-31 21:18:13.939548] > epoch 74, training error 22.396055 (%)
[2015-05-31 21:18:16.743893] > epoch 74, lrate 0.200000, validation error 31.430050 (%)
[2015-05-31 21:18:33.828762] > epoch 75, training error 22.379087 (%)
[2015-05-31 21:18:36.625261] > epoch 75, lrate 0.200000, validation error 31.445976 (%)
[2015-05-31 21:18:53.670831] > epoch 76, training error 22.359656 (%)
[2015-05-31 21:18:56.474226] > epoch 76, lrate 0.200000, validation error 31.461681 (%)
[2015-05-31 21:19:13.559046] > epoch 77, training error 22.342878 (%)
[2015-05-31 21:19:16.359831] > epoch 77, lrate 0.200000, validation error 31.475837 (%)
[2015-05-31 21:19:33.449000] > epoch 78, training error 22.325626 (%)
[2015-05-31 21:19:36.248567] > epoch 78, lrate 0.200000, validation error 31.499726 (%)
[2015-05-31 21:19:53.397806] > epoch 79, training error 22.307711 (%)
[2015-05-31 21:19:56.192981] > epoch 79, lrate 0.200000, validation error 31.505477 (%)
[2015-05-31 21:20:13.329880] > epoch 80, training error 22.290081 (%)
[2015-05-31 21:20:16.129280] > epoch 80, lrate 0.200000, validation error 31.518527 (%)
[2015-05-31 21:20:33.361744] > epoch 81, training error 22.277284 (%)
[2015-05-31 21:20:36.172725] > epoch 81, lrate 0.200000, validation error 31.534674 (%)
[2015-05-31 21:20:53.329370] > epoch 82, training error 22.261075 (%)
[2015-05-31 21:20:56.170412] > epoch 82, lrate 0.200000, validation error 31.526269 (%)
[2015-05-31 21:21:13.310514] > epoch 83, training error 22.237567 (%)
[2015-05-31 21:21:16.151203] > epoch 83, lrate 0.200000, validation error 31.524942 (%)
[2015-05-31 21:21:33.361355] > epoch 84, training error 22.224297 (%)
[2015-05-31 21:21:36.200487] > epoch 84, lrate 0.200000, validation error 31.533789 (%)
[2015-05-31 21:21:53.356843] > epoch 85, training error 22.211880 (%)
[2015-05-31 21:21:56.161762] > epoch 85, lrate 0.200000, validation error 31.547503 (%)
[2015-05-31 21:22:13.401607] > epoch 86, training error 22.192353 (%)
[2015-05-31 21:22:16.205396] > epoch 86, lrate 0.200000, validation error 31.541310 (%)
[2015-05-31 21:22:33.447014] > epoch 87, training error 22.178704 (%)
[2015-05-31 21:22:36.286994] > epoch 87, lrate 0.200000, validation error 31.541752 (%)
[2015-05-31 21:22:53.496805] > epoch 88, training error 22.171594 (%)
[2015-05-31 21:22:56.304602] > epoch 88, lrate 0.200000, validation error 31.549715 (%)
[2015-05-31 21:23:13.471005] > epoch 89, training error 22.159177 (%)
[2015-05-31 21:23:16.316288] > epoch 89, lrate 0.200000, validation error 31.561217 (%)
[2015-05-31 21:23:33.416415] > epoch 90, training error 22.144200 (%)
[2015-05-31 21:23:36.264597] > epoch 90, lrate 0.200000, validation error 31.555245 (%)
[2015-05-31 21:23:53.358746] > epoch 91, training error 22.124958 (%)
[2015-05-31 21:23:56.156974] > epoch 91, lrate 0.200000, validation error 31.565641 (%)
[2015-05-31 21:24:13.407986] > epoch 92, training error 22.116143 (%)
[2015-05-31 21:24:16.208208] > epoch 92, lrate 0.200000, validation error 31.557236 (%)
[2015-05-31 21:24:33.460500] > epoch 93, training error 22.101545 (%)
[2015-05-31 21:24:36.270877] > epoch 93, lrate 0.200000, validation error 31.568516 (%)
[2015-05-31 21:24:53.356887] > epoch 94, training error 22.087232 (%)
[2015-05-31 21:24:56.175941] > epoch 94, lrate 0.200000, validation error 31.569180 (%)
[2015-05-31 21:25:13.343148] > epoch 95, training error 22.073109 (%)
[2015-05-31 21:25:16.150887] > epoch 95, lrate 0.200000, validation error 31.560332 (%)
[2015-05-31 21:25:33.368249] > epoch 96, training error 22.062872 (%)
[2015-05-31 21:25:36.223359] > epoch 96, lrate 0.200000, validation error 31.564977 (%)
[2015-05-31 21:25:53.453769] > epoch 97, training error 22.048558 (%)
[2015-05-31 21:25:56.260107] > epoch 97, lrate 0.200000, validation error 31.572719 (%)
[2015-05-31 21:26:13.430113] > epoch 98, training error 22.033297 (%)
[2015-05-31 21:26:16.273620] > epoch 98, lrate 0.200000, validation error 31.580018 (%)
[2015-05-31 21:26:33.419428] > epoch 99, training error 22.017468 (%)
[2015-05-31 21:26:36.247777] > epoch 99, lrate 0.200000, validation error 31.579797 (%)
[2015-05-31 21:26:53.508958] > epoch 100, training error 22.006093 (%)
[2015-05-31 21:26:56.353461] > epoch 100, lrate 0.200000, validation error 31.589972 (%)
[2015-05-31 21:26:56.399868] > ... the final PDNN model parameter is dnn128_128_128_0.2_100_norm.param
[2015-05-31 21:26:56.404293] > ... the final PDNN model config is dnn128_128_128_0.2_100_norm.cfg
