Using gpu device 0: GeForce GT 520M
[2015-05-29 19:30:03.383369] > ... building the model
[2015-05-29 19:30:03.397461] > ... getting the finetuning functions
[2015-05-29 19:30:04.297712] > ... finetuning the model
[2015-05-29 19:30:47.593734] > epoch 1, training error 33.427396 (%)
[2015-05-29 19:30:54.191734] > epoch 1, lrate 0.300000, validation error 39.757043 (%)
[2015-05-29 19:31:36.561724] > epoch 2, training error 30.448181 (%)
[2015-05-29 19:31:42.911198] > epoch 2, lrate 0.300000, validation error 38.080850 (%)
[2015-05-29 19:32:25.247990] > epoch 3, training error 29.576028 (%)
[2015-05-29 19:32:31.591698] > epoch 3, lrate 0.300000, validation error 37.493143 (%)
[2015-05-29 19:33:13.954900] > epoch 4, training error 29.125497 (%)
[2015-05-29 19:33:20.301186] > epoch 4, lrate 0.300000, validation error 37.643996 (%)
[2015-05-29 19:34:02.603643] > epoch 5, training error 28.881036 (%)
[2015-05-29 19:34:08.933479] > epoch 5, lrate 0.300000, validation error 37.433421 (%)
[2015-05-29 19:34:51.240178] > epoch 6, training error 28.543588 (%)
[2015-05-29 19:34:57.568911] > epoch 6, lrate 0.300000, validation error 37.611481 (%)
[2015-05-29 19:35:39.895220] > epoch 7, training error 28.361877 (%)
[2015-05-29 19:35:46.230122] > epoch 7, lrate 0.300000, validation error 36.829346 (%)
[2015-05-29 19:36:28.670714] > epoch 8, training error 28.227846 (%)
[2015-05-29 19:36:35.015516] > epoch 8, lrate 0.300000, validation error 37.045451 (%)
[2015-05-29 19:37:17.331955] > epoch 9, training error 28.055235 (%)
[2015-05-29 19:37:23.666122] > epoch 9, lrate 0.300000, validation error 36.969139 (%)
[2015-05-29 19:38:05.972699] > epoch 10, training error 27.944617 (%)
[2015-05-29 19:38:12.306691] > epoch 10, lrate 0.300000, validation error 36.712335 (%)
[2015-05-29 19:38:54.626734] > epoch 11, training error 27.788120 (%)
[2015-05-29 19:39:01.001072] > epoch 11, lrate 0.300000, validation error 36.889731 (%)
[2015-05-29 19:39:43.339555] > epoch 12, training error 27.725465 (%)
[2015-05-29 19:39:49.712767] > epoch 12, lrate 0.300000, validation error 37.027534 (%)
[2015-05-29 19:40:32.063899] > epoch 13, training error 27.615415 (%)
[2015-05-29 19:40:38.489454] > epoch 13, lrate 0.300000, validation error 36.261546 (%)
[2015-05-29 19:41:20.903956] > epoch 14, training error 27.497972 (%)
[2015-05-29 19:41:27.292673] > epoch 14, lrate 0.300000, validation error 36.676281 (%)
[2015-05-29 19:42:09.733610] > epoch 15, training error 27.391334 (%)
[2015-05-29 19:42:16.134624] > epoch 15, lrate 0.300000, validation error 36.741754 (%)
[2015-05-29 19:42:58.470689] > epoch 16, training error 27.320811 (%)
[2015-05-29 19:43:04.827704] > epoch 16, lrate 0.300000, validation error 36.545778 (%)
[2015-05-29 19:43:47.162100] > epoch 17, training error 27.214174 (%)
[2015-05-29 19:43:53.537505] > epoch 17, lrate 0.300000, validation error 36.465706 (%)
[2015-05-29 19:44:35.886800] > epoch 18, training error 27.184979 (%)
[2015-05-29 19:44:42.245055] > epoch 18, lrate 0.300000, validation error 37.009396 (%)
[2015-05-29 19:45:24.590006] > epoch 19, training error 27.002415 (%)
[2015-05-29 19:45:30.963098] > epoch 19, lrate 0.300000, validation error 36.287647 (%)
[2015-05-29 19:46:13.733245] > epoch 20, training error 26.959476 (%)
[2015-05-29 19:46:20.215294] > epoch 20, lrate 0.300000, validation error 36.372363 (%)
[2015-05-29 19:47:02.692406] > epoch 21, training error 26.878431 (%)
[2015-05-29 19:47:09.047322] > epoch 21, lrate 0.300000, validation error 36.441596 (%)
[2015-05-29 19:47:51.458804] > epoch 22, training error 26.866962 (%)
[2015-05-29 19:47:57.800535] > epoch 22, lrate 0.300000, validation error 36.305563 (%)
[2015-05-29 19:48:40.113095] > epoch 23, training error 26.786960 (%)
[2015-05-29 19:48:46.450042] > epoch 23, lrate 0.300000, validation error 36.422574 (%)
[2015-05-29 19:49:28.776188] > epoch 24, training error 26.649611 (%)
[2015-05-29 19:49:35.114893] > epoch 24, lrate 0.300000, validation error 36.633149 (%)
[2015-05-29 19:50:17.433328] > epoch 25, training error 26.731793 (%)
[2015-05-29 19:50:23.769145] > epoch 25, lrate 0.300000, validation error 36.447790 (%)
[2015-05-29 19:51:06.094363] > epoch 26, training error 26.612359 (%)
[2015-05-29 19:51:12.430990] > epoch 26, lrate 0.300000, validation error 36.421247 (%)
[2015-05-29 19:51:54.725403] > epoch 27, training error 26.512167 (%)
[2015-05-29 19:52:01.060867] > epoch 27, lrate 0.300000, validation error 36.663010 (%)
[2015-05-29 19:52:43.355787] > epoch 28, training error 26.430649 (%)
[2015-05-29 19:52:49.693960] > epoch 28, lrate 0.300000, validation error 36.359092 (%)
[2015-05-29 19:53:32.178563] > epoch 29, training error 26.391975 (%)
[2015-05-29 19:53:38.596343] > epoch 29, lrate 0.300000, validation error 36.056059 (%)
[2015-05-29 19:54:20.963948] > epoch 30, training error 26.331879 (%)
[2015-05-29 19:54:27.299450] > epoch 30, lrate 0.300000, validation error 36.298485 (%)
[2015-05-29 19:55:09.620935] > epoch 31, training error 26.306570 (%)
[2015-05-29 19:55:15.988677] > epoch 31, lrate 0.300000, validation error 35.875566 (%)
[2015-05-29 19:55:58.272918] > epoch 32, training error 26.191591 (%)
[2015-05-29 19:56:04.639995] > epoch 32, lrate 0.300000, validation error 36.206691 (%)
[2015-05-29 19:56:46.984670] > epoch 33, training error 26.132727 (%)
[2015-05-29 19:56:53.355288] > epoch 33, lrate 0.300000, validation error 35.842166 (%)
[2015-05-29 19:57:35.676804] > epoch 34, training error 26.072347 (%)
[2015-05-29 19:57:42.041812] > epoch 34, lrate 0.300000, validation error 36.104942 (%)
[2015-05-29 19:58:24.367141] > epoch 35, training error 26.033009 (%)
[2015-05-29 19:58:30.738311] > epoch 35, lrate 0.300000, validation error 35.833319 (%)
[2015-05-29 19:59:13.055209] > epoch 36, training error 25.997179 (%)
[2015-05-29 19:59:19.393433] > epoch 36, lrate 0.300000, validation error 36.150950 (%)
[2015-05-29 20:00:01.711303] > epoch 37, training error 25.903243 (%)
[2015-05-29 20:00:08.066404] > epoch 37, lrate 0.300000, validation error 35.950772 (%)
[2015-05-29 20:00:50.376896] > epoch 38, training error 25.798122 (%)
[2015-05-29 20:00:56.819642] > epoch 38, lrate 0.300000, validation error 35.699940 (%)
[2015-05-29 20:01:39.205307] > epoch 39, training error 25.814142 (%)
[2015-05-29 20:01:45.538554] > epoch 39, lrate 0.300000, validation error 35.975766 (%)
[2015-05-29 20:02:28.437303] > epoch 40, training error 25.782956 (%)
[2015-05-29 20:02:34.780579] > epoch 40, lrate 0.300000, validation error 35.990586 (%)
[2015-05-29 20:03:17.022793] > epoch 41, training error 25.711580 (%)
[2015-05-29 20:03:23.347212] > epoch 41, lrate 0.300000, validation error 35.800361 (%)
[2015-05-29 20:04:05.596268] > epoch 42, training error 25.633379 (%)
[2015-05-29 20:04:11.923017] > epoch 42, lrate 0.300000, validation error 36.036815 (%)
[2015-05-29 20:04:54.168838] > epoch 43, training error 25.593758 (%)
[2015-05-29 20:05:00.496395] > epoch 43, lrate 0.300000, validation error 35.854332 (%)
[2015-05-29 20:05:42.741396] > epoch 44, training error 25.589776 (%)
[2015-05-29 20:05:49.068899] > epoch 44, lrate 0.300000, validation error 35.661231 (%)
[2015-05-29 20:06:31.338871] > epoch 45, training error 25.506078 (%)
[2015-05-29 20:06:37.672999] > epoch 45, lrate 0.300000, validation error 35.758335 (%)
[2015-05-29 20:07:19.939143] > epoch 46, training error 25.442948 (%)
[2015-05-29 20:07:26.323367] > epoch 46, lrate 0.300000, validation error 35.830222 (%)
[2015-05-29 20:08:08.602911] > epoch 47, training error 25.408161 (%)
[2015-05-29 20:08:14.966216] > epoch 47, lrate 0.300000, validation error 35.642872 (%)
[2015-05-29 20:08:57.230228] > epoch 48, training error 25.328159 (%)
[2015-05-29 20:09:03.570593] > epoch 48, lrate 0.300000, validation error 35.615666 (%)
[2015-05-29 20:09:45.851649] > epoch 49, training error 25.347496 (%)
[2015-05-29 20:09:52.201501] > epoch 49, lrate 0.300000, validation error 35.637785 (%)
[2015-05-29 20:10:34.439014] > epoch 50, training error 25.235740 (%)
[2015-05-29 20:10:40.801017] > epoch 50, lrate 0.300000, validation error 35.512148 (%)
[2015-05-29 20:11:23.073080] > epoch 51, training error 25.251570 (%)
[2015-05-29 20:11:29.406998] > epoch 51, lrate 0.300000, validation error 35.535152 (%)
[2015-05-29 20:12:11.654702] > epoch 52, training error 25.205787 (%)
[2015-05-29 20:12:17.984075] > epoch 52, lrate 0.300000, validation error 35.668088 (%)
[2015-05-29 20:13:00.223884] > epoch 53, training error 25.210147 (%)
[2015-05-29 20:13:06.551495] > epoch 53, lrate 0.300000, validation error 35.636015 (%)
[2015-05-29 20:13:50.648596] > epoch 54, training error 25.163037 (%)
[2015-05-29 20:13:57.044647] > epoch 54, lrate 0.300000, validation error 35.642651 (%)
[2015-05-29 20:14:39.461882] > epoch 55, training error 25.093936 (%)
[2015-05-29 20:14:45.791783] > epoch 55, lrate 0.300000, validation error 35.733340 (%)
[2015-05-29 20:15:29.212176] > epoch 56, training error 25.037536 (%)
[2015-05-29 20:15:35.599730] > epoch 56, lrate 0.300000, validation error 35.542009 (%)
[2015-05-29 20:16:18.290576] > epoch 57, training error 25.027584 (%)
[2015-05-29 20:16:24.667112] > epoch 57, lrate 0.300000, validation error 35.664992 (%)
[2015-05-29 20:17:07.500648] > epoch 58, training error 24.935070 (%)
[2015-05-29 20:17:14.592178] > epoch 58, lrate 0.300000, validation error 35.911178 (%)
[2015-05-29 20:17:58.340855] > epoch 59, training error 24.915259 (%)
[2015-05-29 20:18:04.730532] > epoch 59, lrate 0.300000, validation error 35.537585 (%)
[2015-05-29 20:18:48.241073] > epoch 60, training error 24.924453 (%)
[2015-05-29 20:18:54.622094] > epoch 60, lrate 0.300000, validation error 35.360853 (%)
[2015-05-29 20:19:38.084968] > epoch 61, training error 24.816868 (%)
[2015-05-29 20:19:44.994537] > epoch 61, lrate 0.300000, validation error 35.530507 (%)
[2015-05-29 20:20:28.344993] > epoch 62, training error 24.900566 (%)
[2015-05-29 20:20:34.850343] > epoch 62, lrate 0.300000, validation error 35.795495 (%)
[2015-05-29 20:21:17.789815] > epoch 63, training error 24.885495 (%)
[2015-05-29 20:21:24.201229] > epoch 63, lrate 0.300000, validation error 35.751035 (%)
[2015-05-29 20:22:06.816425] > epoch 64, training error 24.808053 (%)
[2015-05-29 20:22:13.231038] > epoch 64, lrate 0.300000, validation error 35.513254 (%)
[2015-05-29 20:22:56.621286] > epoch 65, training error 24.879144 (%)
[2015-05-29 20:23:03.008568] > epoch 65, lrate 0.300000, validation error 35.589786 (%)
[2015-05-29 20:23:46.489887] > epoch 66, training error 24.785019 (%)
[2015-05-29 20:23:52.884989] > epoch 66, lrate 0.300000, validation error 35.584920 (%)
[2015-05-29 20:24:35.555150] > epoch 67, training error 24.717908 (%)
[2015-05-29 20:24:42.000279] > epoch 67, lrate 0.300000, validation error 35.420353 (%)
[2015-05-29 20:25:24.609692] > epoch 68, training error 24.778858 (%)
[2015-05-29 20:25:31.021489] > epoch 68, lrate 0.300000, validation error 35.793725 (%)
[2015-05-29 20:26:13.776464] > epoch 69, training error 24.702458 (%)
[2015-05-29 20:26:20.144584] > epoch 69, lrate 0.300000, validation error 35.687553 (%)
[2015-05-29 20:27:02.768580] > epoch 70, training error 24.663310 (%)
[2015-05-29 20:27:09.149106] > epoch 70, lrate 0.300000, validation error 35.258441 (%)
[2015-05-29 20:27:51.610068] > epoch 71, training error 24.643689 (%)
[2015-05-29 20:27:57.978697] > epoch 71, lrate 0.300000, validation error 35.636015 (%)
[2015-05-29 20:28:41.912052] > epoch 72, training error 24.664258 (%)
[2015-05-29 20:28:48.754785] > epoch 72, lrate 0.300000, validation error 35.724492 (%)
[2015-05-29 20:29:31.747188] > epoch 73, training error 24.570417 (%)
[2015-05-29 20:29:38.117624] > epoch 73, lrate 0.300000, validation error 35.481181 (%)
[2015-05-29 20:30:20.705281] > epoch 74, training error 24.498377 (%)
[2015-05-29 20:30:27.081904] > epoch 74, lrate 0.300000, validation error 35.637343 (%)
[2015-05-29 20:31:09.639428] > epoch 75, training error 24.496861 (%)
[2015-05-29 20:31:16.403379] > epoch 75, lrate 0.300000, validation error 35.354217 (%)
[2015-05-29 20:31:59.175982] > epoch 76, training error 24.429276 (%)
[2015-05-29 20:32:05.595843] > epoch 76, lrate 0.300000, validation error 35.565234 (%)
[2015-05-29 20:32:49.263704] > epoch 77, training error 24.365957 (%)
[2015-05-29 20:32:55.691393] > epoch 77, lrate 0.300000, validation error 35.542894 (%)
[2015-05-29 20:33:38.373646] > epoch 78, training error 24.388801 (%)
[2015-05-29 20:33:44.765990] > epoch 78, lrate 0.300000, validation error 35.615666 (%)
[2015-05-29 20:34:27.490806] > epoch 79, training error 24.363587 (%)
[2015-05-29 20:34:33.924923] > epoch 79, lrate 0.300000, validation error 35.386511 (%)
[2015-05-29 20:35:17.122261] > epoch 80, training error 24.339701 (%)
[2015-05-29 20:35:23.542218] > epoch 80, lrate 0.300000, validation error 35.479633 (%)
[2015-05-29 20:36:06.338132] > epoch 81, training error 24.364156 (%)
[2015-05-29 20:36:12.995956] > epoch 81, lrate 0.300000, validation error 35.522765 (%)
[2015-05-29 20:36:56.467606] > epoch 82, training error 24.284818 (%)
[2015-05-29 20:37:03.091940] > epoch 82, lrate 0.300000, validation error 35.428095 (%)
[2015-05-29 20:37:46.231237] > epoch 83, training error 24.277330 (%)
[2015-05-29 20:37:53.007122] > epoch 83, lrate 0.300000, validation error 35.486932 (%)
[2015-05-29 20:38:35.721019] > epoch 84, training error 24.242447 (%)
[2015-05-29 20:38:42.089195] > epoch 84, lrate 0.300000, validation error 35.612127 (%)
[2015-05-29 20:39:24.429391] > epoch 85, training error 24.230219 (%)
[2015-05-29 20:39:30.831130] > epoch 85, lrate 0.300000, validation error 35.670521 (%)
[2015-05-29 20:40:13.591650] > epoch 86, training error 24.169649 (%)
[2015-05-29 20:40:20.139927] > epoch 86, lrate 0.300000, validation error 35.557935 (%)
[2015-05-29 20:41:02.948698] > epoch 87, training error 24.152682 (%)
[2015-05-29 20:41:09.358906] > epoch 87, lrate 0.300000, validation error 35.476094 (%)
[2015-05-29 20:41:51.823549] > epoch 88, training error 24.134957 (%)
[2015-05-29 20:41:58.264236] > epoch 88, lrate 0.300000, validation error 35.668752 (%)
[2015-05-29 20:42:41.591730] > epoch 89, training error 24.146995 (%)
[2015-05-29 20:42:48.041580] > epoch 89, lrate 0.300000, validation error 35.583593 (%)
[2015-05-29 20:43:31.277684] > epoch 90, training error 24.070690 (%)
[2015-05-29 20:43:37.729172] > epoch 90, lrate 0.300000, validation error 35.606376 (%)
[2015-05-29 20:44:21.010252] > epoch 91, training error 24.029551 (%)
[2015-05-29 20:44:27.483472] > epoch 91, lrate 0.300000, validation error 35.819605 (%)
[2015-05-29 20:45:10.368284] > epoch 92, training error 24.066803 (%)
[2015-05-29 20:45:16.791840] > epoch 92, lrate 0.300000, validation error 35.753247 (%)
[2015-05-29 20:45:59.752248] > epoch 93, training error 24.032490 (%)
[2015-05-29 20:46:06.128785] > epoch 93, lrate 0.300000, validation error 35.747496 (%)
[2015-05-29 20:46:48.435386] > epoch 94, training error 24.017703 (%)
[2015-05-29 20:46:54.801958] > epoch 94, lrate 0.300000, validation error 35.680917 (%)
[2015-05-29 20:47:37.109581] > epoch 95, training error 23.969740 (%)
[2015-05-29 20:47:43.479621] > epoch 95, lrate 0.300000, validation error 35.528074 (%)
[2015-05-29 20:48:25.966732] > epoch 96, training error 23.931255 (%)
[2015-05-29 20:48:32.348728] > epoch 96, lrate 0.300000, validation error 35.916266 (%)
[2015-05-29 20:49:14.887310] > epoch 97, training error 23.931919 (%)
[2015-05-29 20:49:21.289870] > epoch 97, lrate 0.300000, validation error 35.758556 (%)
[2015-05-29 20:50:03.851567] > epoch 98, training error 23.948128 (%)
[2015-05-29 20:50:10.259046] > epoch 98, lrate 0.300000, validation error 35.964485 (%)
[2015-05-29 20:50:52.896506] > epoch 99, training error 23.916468 (%)
[2015-05-29 20:50:59.265436] > epoch 99, lrate 0.300000, validation error 36.127725 (%)
[2015-05-29 20:51:43.048177] > epoch 100, training error 23.884619 (%)
[2015-05-29 20:51:49.778829] > epoch 100, lrate 0.300000, validation error 35.993904 (%)
[2015-05-29 20:51:50.226983] > ... the final PDNN model parameter is dnn512_512_0.3_100.param
[2015-05-29 20:51:50.228494] > ... the final PDNN model config is dnn512_512_0.3_100.cfg
