Using gpu device 0: GeForce GT 520M
[2015-05-31 14:48:41.071049] > ... building the model
[2015-05-31 14:48:41.082363] > ... getting the finetuning functions
[2015-05-31 14:48:42.131622] > ... finetuning the model
[2015-05-31 14:49:09.015518] > epoch 1, training error 31.472564 (%)
[2015-05-31 14:49:13.302356] > epoch 1, lrate 0.300000, validation error 34.100722 (%)
[2015-05-31 14:49:39.599497] > epoch 2, training error 27.086872 (%)
[2015-05-31 14:49:43.682994] > epoch 2, lrate 0.300000, validation error 33.263068 (%)
[2015-05-31 14:50:10.114174] > epoch 3, training error 25.945993 (%)
[2015-05-31 14:50:14.128665] > epoch 3, lrate 0.300000, validation error 32.587327 (%)
[2015-05-31 14:50:40.398008] > epoch 4, training error 25.307969 (%)
[2015-05-31 14:50:44.404024] > epoch 4, lrate 0.300000, validation error 32.057351 (%)
[2015-05-31 14:51:10.657102] > epoch 5, training error 24.852793 (%)
[2015-05-31 14:51:14.723895] > epoch 5, lrate 0.300000, validation error 31.795681 (%)
[2015-05-31 14:51:40.975938] > epoch 6, training error 24.516198 (%)
[2015-05-31 14:51:44.986045] > epoch 6, lrate 0.300000, validation error 31.642173 (%)
[2015-05-31 14:52:11.264128] > epoch 7, training error 24.248798 (%)
[2015-05-31 14:52:15.319285] > epoch 7, lrate 0.300000, validation error 31.561217 (%)
[2015-05-31 14:52:41.574290] > epoch 8, training error 24.023864 (%)
[2015-05-31 14:52:45.666358] > epoch 8, lrate 0.300000, validation error 31.461238 (%)
[2015-05-31 14:53:11.858283] > epoch 9, training error 23.843576 (%)
[2015-05-31 14:53:15.868161] > epoch 9, lrate 0.300000, validation error 31.310828 (%)
[2015-05-31 14:53:42.094668] > epoch 10, training error 23.682150 (%)
[2015-05-31 14:53:46.131878] > epoch 10, lrate 0.300000, validation error 31.229208 (%)
[2015-05-31 14:54:12.318143] > epoch 11, training error 23.524801 (%)
[2015-05-31 14:54:16.326202] > epoch 11, lrate 0.300000, validation error 31.169707 (%)
[2015-05-31 14:54:42.526973] > epoch 12, training error 23.394845 (%)
[2015-05-31 14:54:46.505057] > epoch 12, lrate 0.300000, validation error 31.129008 (%)
[2015-05-31 14:55:12.692383] > epoch 13, training error 23.256074 (%)
[2015-05-31 14:55:16.731912] > epoch 13, lrate 0.300000, validation error 31.110649 (%)
[2015-05-31 14:55:42.930128] > epoch 14, training error 23.146403 (%)
[2015-05-31 14:55:46.959222] > epoch 14, lrate 0.300000, validation error 31.115294 (%)
[2015-05-31 14:56:13.148481] > epoch 15, training error 23.039197 (%)
[2015-05-31 14:56:17.162534] > epoch 15, lrate 0.300000, validation error 31.102023 (%)
[2015-05-31 14:56:43.388106] > epoch 16, training error 22.931896 (%)
[2015-05-31 14:56:47.421627] > epoch 16, lrate 0.300000, validation error 31.102023 (%)
[2015-05-31 14:57:13.603849] > epoch 17, training error 22.835022 (%)
[2015-05-31 14:57:17.609198] > epoch 17, lrate 0.300000, validation error 31.114852 (%)
[2015-05-31 14:57:43.790425] > epoch 18, training error 22.731512 (%)
[2015-05-31 14:57:47.768425] > epoch 18, lrate 0.300000, validation error 31.137634 (%)
[2015-05-31 14:58:13.961186] > epoch 19, training error 22.645065 (%)
[2015-05-31 14:58:17.996158] > epoch 19, lrate 0.300000, validation error 31.154224 (%)
[2015-05-31 14:58:44.426452] > epoch 20, training error 22.551129 (%)
[2015-05-31 14:58:48.428426] > epoch 20, lrate 0.300000, validation error 31.215052 (%)
[2015-05-31 14:59:14.621372] > epoch 21, training error 22.463260 (%)
[2015-05-31 14:59:18.645771] > epoch 21, lrate 0.300000, validation error 31.268359 (%)
[2015-05-31 14:59:44.894017] > epoch 22, training error 22.395391 (%)
[2015-05-31 14:59:48.913164] > epoch 22, lrate 0.300000, validation error 31.299105 (%)
[2015-05-31 15:00:15.109622] > epoch 23, training error 22.308754 (%)
[2015-05-31 15:00:19.116162] > epoch 23, lrate 0.300000, validation error 31.328523 (%)
[2015-05-31 15:00:45.334589] > epoch 24, training error 22.232638 (%)
[2015-05-31 15:00:49.345323] > epoch 24, lrate 0.300000, validation error 31.360154 (%)
[2015-05-31 15:01:15.581560] > epoch 25, training error 22.162969 (%)
[2015-05-31 15:01:19.587877] > epoch 25, lrate 0.300000, validation error 31.392448 (%)
[2015-05-31 15:01:45.777953] > epoch 26, training error 22.102493 (%)
[2015-05-31 15:01:49.784222] > epoch 26, lrate 0.300000, validation error 31.412134 (%)
[2015-05-31 15:02:16.006821] > epoch 27, training error 22.025146 (%)
[2015-05-31 15:02:20.007489] > epoch 27, lrate 0.300000, validation error 31.427175 (%)
[2015-05-31 15:02:46.200990] > epoch 28, training error 21.966661 (%)
[2015-05-31 15:02:50.210923] > epoch 28, lrate 0.300000, validation error 31.455045 (%)
[2015-05-31 15:03:16.444117] > epoch 29, training error 21.899835 (%)
[2015-05-31 15:03:20.447247] > epoch 29, lrate 0.300000, validation error 31.485127 (%)
[2015-05-31 15:03:46.646365] > epoch 30, training error 21.841445 (%)
[2015-05-31 15:03:50.676832] > epoch 30, lrate 0.300000, validation error 31.494638 (%)
[2015-05-31 15:04:16.902690] > epoch 31, training error 21.785614 (%)
[2015-05-31 15:04:20.908539] > epoch 31, lrate 0.300000, validation error 31.504813 (%)
[2015-05-31 15:04:47.117238] > epoch 32, training error 21.717935 (%)
[2015-05-31 15:04:51.132117] > epoch 32, lrate 0.300000, validation error 31.512997 (%)
[2015-05-31 15:05:17.367864] > epoch 33, training error 21.652815 (%)
[2015-05-31 15:05:21.383513] > epoch 33, lrate 0.300000, validation error 31.537550 (%)
[2015-05-31 15:05:47.593031] > epoch 34, training error 21.586557 (%)
[2015-05-31 15:05:51.599566] > epoch 34, lrate 0.300000, validation error 31.564535 (%)
[2015-05-31 15:06:17.813789] > epoch 35, training error 21.526082 (%)
[2015-05-31 15:06:21.819576] > epoch 35, lrate 0.300000, validation error 31.598820 (%)
[2015-05-31 15:06:48.007556] > epoch 36, training error 21.463995 (%)
[2015-05-31 15:06:52.014561] > epoch 36, lrate 0.300000, validation error 31.633326 (%)
[2015-05-31 15:07:18.222462] > epoch 37, training error 21.403236 (%)
[2015-05-31 15:07:22.224122] > epoch 37, lrate 0.300000, validation error 31.672698 (%)
[2015-05-31 15:07:48.432874] > epoch 38, training error 21.345225 (%)
[2015-05-31 15:07:52.433403] > epoch 38, lrate 0.300000, validation error 31.686191 (%)
[2015-05-31 15:08:18.643364] > epoch 39, training error 21.276408 (%)
[2015-05-31 15:08:22.683521] > epoch 39, lrate 0.300000, validation error 31.723130 (%)
[2015-05-31 15:08:49.502684] > epoch 40, training error 21.221431 (%)
[2015-05-31 15:08:53.543595] > epoch 40, lrate 0.300000, validation error 31.753212 (%)
[2015-05-31 15:09:19.835700] > epoch 41, training error 21.154225 (%)
[2015-05-31 15:09:23.839932] > epoch 41, lrate 0.300000, validation error 31.802759 (%)
[2015-05-31 15:09:50.051821] > epoch 42, training error 21.102565 (%)
[2015-05-31 15:09:54.037538] > epoch 42, lrate 0.300000, validation error 31.834832 (%)
[2015-05-31 15:10:20.302631] > epoch 43, training error 21.046450 (%)
[2015-05-31 15:10:24.308511] > epoch 43, lrate 0.300000, validation error 31.860269 (%)
[2015-05-31 15:10:50.490284] > epoch 44, training error 20.988440 (%)
[2015-05-31 15:10:54.499121] > epoch 44, lrate 0.300000, validation error 31.889024 (%)
[2015-05-31 15:11:20.734790] > epoch 45, training error 20.930334 (%)
[2015-05-31 15:11:24.774103] > epoch 45, lrate 0.300000, validation error 31.918442 (%)
[2015-05-31 15:11:50.969553] > epoch 46, training error 20.873650 (%)
[2015-05-31 15:11:55.010520] > epoch 46, lrate 0.300000, validation error 31.958699 (%)
[2015-05-31 15:12:21.233902] > epoch 47, training error 20.809762 (%)
[2015-05-31 15:12:25.220138] > epoch 47, lrate 0.300000, validation error 31.976394 (%)
[2015-05-31 15:12:51.436498] > epoch 48, training error 20.740187 (%)
[2015-05-31 15:12:55.448072] > epoch 48, lrate 0.300000, validation error 31.999620 (%)
[2015-05-31 15:13:21.636047] > epoch 49, training error 20.686347 (%)
[2015-05-31 15:13:25.640944] > epoch 49, lrate 0.300000, validation error 32.029259 (%)
[2015-05-31 15:13:51.838192] > epoch 50, training error 20.631275 (%)
[2015-05-31 15:13:55.847396] > epoch 50, lrate 0.300000, validation error 32.054696 (%)
[2015-05-31 15:14:22.075602] > epoch 51, training error 20.575444 (%)
[2015-05-31 15:14:26.082864] > epoch 51, lrate 0.300000, validation error 32.096502 (%)
[2015-05-31 15:14:52.285678] > epoch 52, training error 20.532126 (%)
[2015-05-31 15:14:56.314853] > epoch 52, lrate 0.300000, validation error 32.121275 (%)
[2015-05-31 15:15:22.594346] > epoch 53, training error 20.487196 (%)
[2015-05-31 15:15:26.632623] > epoch 53, lrate 0.300000, validation error 32.153790 (%)
[2015-05-31 15:15:52.892798] > epoch 54, training error 20.437337 (%)
[2015-05-31 15:15:56.951650] > epoch 54, lrate 0.300000, validation error 32.186969 (%)
[2015-05-31 15:16:23.202381] > epoch 55, training error 20.392597 (%)
[2015-05-31 15:16:27.262336] > epoch 55, lrate 0.300000, validation error 32.226120 (%)
[2015-05-31 15:16:53.518413] > epoch 56, training error 20.332216 (%)
[2015-05-31 15:16:57.546883] > epoch 56, lrate 0.300000, validation error 32.251778 (%)
[2015-05-31 15:17:23.895517] > epoch 57, training error 20.292405 (%)
[2015-05-31 15:17:27.919704] > epoch 57, lrate 0.300000, validation error 32.283188 (%)
[2015-05-31 15:17:54.185493] > epoch 58, training error 20.245200 (%)
[2015-05-31 15:17:58.210326] > epoch 58, lrate 0.300000, validation error 32.308182 (%)
[2015-05-31 15:18:24.423954] > epoch 59, training error 20.204915 (%)
[2015-05-31 15:18:28.427837] > epoch 59, lrate 0.300000, validation error 32.319242 (%)
[2015-05-31 15:18:54.847993] > epoch 60, training error 20.157994 (%)
[2015-05-31 15:18:58.886511] > epoch 60, lrate 0.300000, validation error 32.361047 (%)
[2015-05-31 15:19:25.086116] > epoch 61, training error 20.108325 (%)
[2015-05-31 15:19:29.113403] > epoch 61, lrate 0.300000, validation error 32.397102 (%)
[2015-05-31 15:19:55.365425] > epoch 62, training error 20.063490 (%)
[2015-05-31 15:19:59.406501] > epoch 62, lrate 0.300000, validation error 32.418557 (%)
[2015-05-31 15:20:25.646872] > epoch 63, training error 20.016759 (%)
[2015-05-31 15:20:29.653290] > epoch 63, lrate 0.300000, validation error 32.433156 (%)
[2015-05-31 15:20:55.858327] > epoch 64, training error 19.967942 (%)
[2015-05-31 15:20:59.899531] > epoch 64, lrate 0.300000, validation error 32.455275 (%)
[2015-05-31 15:21:26.092959] > epoch 65, training error 19.927373 (%)
[2015-05-31 15:21:30.123898] > epoch 65, lrate 0.300000, validation error 32.474076 (%)
[2015-05-31 15:21:56.334019] > epoch 66, training error 19.882538 (%)
[2015-05-31 15:22:00.343355] > epoch 66, lrate 0.300000, validation error 32.494426 (%)
[2015-05-31 15:22:26.575245] > epoch 67, training error 19.848224 (%)
[2015-05-31 15:22:30.609585] > epoch 67, lrate 0.300000, validation error 32.530480 (%)
[2015-05-31 15:22:56.825562] > epoch 68, training error 19.807180 (%)
[2015-05-31 15:23:00.831243] > epoch 68, lrate 0.300000, validation error 32.556802 (%)
[2015-05-31 15:23:27.009045] > epoch 69, training error 19.769454 (%)
[2015-05-31 15:23:31.014974] > epoch 69, lrate 0.300000, validation error 32.583788 (%)
[2015-05-31 15:23:57.203071] > epoch 70, training error 19.726326 (%)
[2015-05-31 15:24:01.211198] > epoch 70, lrate 0.300000, validation error 32.602810 (%)
[2015-05-31 15:24:27.409524] > epoch 71, training error 19.681680 (%)
[2015-05-31 15:24:31.439989] > epoch 71, lrate 0.300000, validation error 32.641297 (%)
[2015-05-31 15:24:57.670760] > epoch 72, training error 19.643764 (%)
[2015-05-31 15:25:01.711788] > epoch 72, lrate 0.300000, validation error 32.677131 (%)
[2015-05-31 15:25:27.936123] > epoch 73, training error 19.603858 (%)
[2015-05-31 15:25:31.940465] > epoch 73, lrate 0.300000, validation error 32.702125 (%)
[2015-05-31 15:25:58.127455] > epoch 74, training error 19.558454 (%)
[2015-05-31 15:26:02.137688] > epoch 74, lrate 0.300000, validation error 32.740391 (%)
[2015-05-31 15:26:28.328210] > epoch 75, training error 19.520539 (%)
[2015-05-31 15:26:32.336697] > epoch 75, lrate 0.300000, validation error 32.766934 (%)
[2015-05-31 15:26:58.547104] > epoch 76, training error 19.476936 (%)
[2015-05-31 15:27:02.575091] > epoch 76, lrate 0.300000, validation error 32.777109 (%)
[2015-05-31 15:27:28.818869] > epoch 77, training error 19.438167 (%)
[2015-05-31 15:27:32.865001] > epoch 77, lrate 0.300000, validation error 32.803874 (%)
[2015-05-31 15:27:59.086641] > epoch 78, training error 19.400347 (%)
[2015-05-31 15:28:03.111533] > epoch 78, lrate 0.300000, validation error 32.828426 (%)
[2015-05-31 15:28:29.313045] > epoch 79, training error 19.365180 (%)
[2015-05-31 15:28:33.321165] > epoch 79, lrate 0.300000, validation error 32.843024 (%)
[2015-05-31 15:28:59.740204] > epoch 80, training error 19.334089 (%)
[2015-05-31 15:29:03.747269] > epoch 80, lrate 0.300000, validation error 32.870010 (%)
[2015-05-31 15:29:30.029114] > epoch 81, training error 19.291055 (%)
[2015-05-31 15:29:34.053016] > epoch 81, lrate 0.300000, validation error 32.885493 (%)
[2015-05-31 15:30:00.286520] > epoch 82, training error 19.251718 (%)
[2015-05-31 15:30:04.316311] > epoch 82, lrate 0.300000, validation error 32.905622 (%)
[2015-05-31 15:30:30.534406] > epoch 83, training error 19.208873 (%)
[2015-05-31 15:30:34.575127] > epoch 83, lrate 0.300000, validation error 32.920663 (%)
[2015-05-31 15:31:00.810937] > epoch 84, training error 19.178161 (%)
[2015-05-31 15:31:04.821444] > epoch 84, lrate 0.300000, validation error 32.946321 (%)
[2015-05-31 15:31:31.013451] > epoch 85, training error 19.144985 (%)
[2015-05-31 15:31:35.012795] > epoch 85, lrate 0.300000, validation error 32.954726 (%)
[2015-05-31 15:32:01.195460] > epoch 86, training error 19.115696 (%)
[2015-05-31 15:32:05.204316] > epoch 86, lrate 0.300000, validation error 32.975518 (%)
[2015-05-31 15:32:31.390168] > epoch 87, training error 19.084605 (%)
[2015-05-31 15:32:35.393084] > epoch 87, lrate 0.300000, validation error 32.999850 (%)
[2015-05-31 15:33:01.639492] > epoch 88, training error 19.051618 (%)
[2015-05-31 15:33:05.668041] > epoch 88, lrate 0.300000, validation error 33.011352 (%)
[2015-05-31 15:33:31.892407] > epoch 89, training error 19.008774 (%)
[2015-05-31 15:33:35.900608] > epoch 89, lrate 0.300000, validation error 33.014669 (%)
[2015-05-31 15:34:02.092055] > epoch 90, training error 18.971711 (%)
[2015-05-31 15:34:06.133228] > epoch 90, lrate 0.300000, validation error 33.025287 (%)
[2015-05-31 15:34:32.324860] > epoch 91, training error 18.931805 (%)
[2015-05-31 15:34:36.338143] > epoch 91, lrate 0.300000, validation error 33.042540 (%)
[2015-05-31 15:35:02.611747] > epoch 92, training error 18.909909 (%)
[2015-05-31 15:35:06.652346] > epoch 92, lrate 0.300000, validation error 33.058687 (%)
[2015-05-31 15:35:32.870895] > epoch 93, training error 18.870951 (%)
[2015-05-31 15:35:36.860037] > epoch 93, lrate 0.300000, validation error 33.090096 (%)
[2015-05-31 15:36:03.069742] > epoch 94, training error 18.836637 (%)
[2015-05-31 15:36:07.079363] > epoch 94, lrate 0.300000, validation error 33.103589 (%)
[2015-05-31 15:36:33.266473] > epoch 95, training error 18.804693 (%)
[2015-05-31 15:36:37.271439] > epoch 95, lrate 0.300000, validation error 33.117524 (%)
[2015-05-31 15:37:03.469204] > epoch 96, training error 18.779385 (%)
[2015-05-31 15:37:07.482775] > epoch 96, lrate 0.300000, validation error 33.127256 (%)
[2015-05-31 15:37:33.666787] > epoch 97, training error 18.747820 (%)
[2015-05-31 15:37:37.668158] > epoch 97, lrate 0.300000, validation error 33.138095 (%)
[2015-05-31 15:38:03.872352] > epoch 98, training error 18.711990 (%)
[2015-05-31 15:38:07.895600] > epoch 98, lrate 0.300000, validation error 33.148269 (%)
[2015-05-31 15:38:34.258747] > epoch 99, training error 18.678908 (%)
[2015-05-31 15:38:38.433721] > epoch 99, lrate 0.300000, validation error 33.157559 (%)
[2015-05-31 15:39:05.016219] > epoch 100, training error 18.646111 (%)
[2015-05-31 15:39:09.037817] > epoch 100, lrate 0.300000, validation error 33.174149 (%)
[2015-05-31 15:39:09.184717] > ... the final PDNN model parameter is dnn256_256_256_0.3_100_norm.param
[2015-05-31 15:39:09.185695] > ... the final PDNN model config is dnn256_256_256_0.3_100_norm.cfg
