Using gpu device 0: GeForce GT 520M
[2015-05-31 15:44:30.840315] > ... building the model
[2015-05-31 15:44:30.861920] > ... getting the finetuning functions
[2015-05-31 15:44:31.910795] > ... finetuning the model
[2015-05-31 15:45:43.705648] > epoch 1, training error 32.121773 (%)
[2015-05-31 15:45:54.254856] > epoch 1, lrate 0.300000, validation error 33.959159 (%)
[2015-05-31 15:47:05.479468] > epoch 2, training error 26.878337 (%)
[2015-05-31 15:47:15.819789] > epoch 2, lrate 0.300000, validation error 33.180121 (%)
[2015-05-31 15:48:27.264804] > epoch 3, training error 25.650536 (%)
[2015-05-31 15:48:37.603867] > epoch 3, lrate 0.300000, validation error 32.903189 (%)
[2015-05-31 15:49:48.821858] > epoch 4, training error 24.969762 (%)
[2015-05-31 15:49:59.163921] > epoch 4, lrate 0.300000, validation error 32.518536 (%)
[2015-05-31 15:51:10.379399] > epoch 5, training error 24.543686 (%)
[2015-05-31 15:51:20.710475] > epoch 5, lrate 0.300000, validation error 32.206655 (%)
[2015-05-31 15:52:32.268029] > epoch 6, training error 24.204058 (%)
[2015-05-31 15:52:42.644460] > epoch 6, lrate 0.300000, validation error 31.905171 (%)
[2015-05-31 15:53:54.345631] > epoch 7, training error 23.885662 (%)
[2015-05-31 15:54:04.815687] > epoch 7, lrate 0.300000, validation error 31.732862 (%)
[2015-05-31 15:55:16.466077] > epoch 8, training error 23.627647 (%)
[2015-05-31 15:55:26.797606] > epoch 8, lrate 0.300000, validation error 31.614746 (%)
[2015-05-31 15:56:38.025378] > epoch 9, training error 23.403850 (%)
[2015-05-31 15:56:48.366760] > epoch 9, lrate 0.300000, validation error 31.527817 (%)
[2015-05-31 15:57:59.601367] > epoch 10, training error 23.205172 (%)
[2015-05-31 15:58:09.957808] > epoch 10, lrate 0.300000, validation error 31.460796 (%)
[2015-05-31 15:59:21.177907] > epoch 11, training error 23.017680 (%)
[2015-05-31 15:59:31.523021] > epoch 11, lrate 0.300000, validation error 31.361702 (%)
[2015-05-31 16:00:42.777026] > epoch 12, training error 22.846681 (%)
[2015-05-31 16:00:53.100876] > epoch 12, lrate 0.300000, validation error 31.291805 (%)
[2015-05-31 16:02:04.324921] > epoch 13, training error 22.693502 (%)
[2015-05-31 16:02:14.665723] > epoch 13, lrate 0.300000, validation error 31.274110 (%)
[2015-05-31 16:03:25.884673] > epoch 14, training error 22.546011 (%)
[2015-05-31 16:03:36.217385] > epoch 14, lrate 0.300000, validation error 31.237171 (%)
[2015-05-31 16:04:47.445281] > epoch 15, training error 22.402500 (%)
[2015-05-31 16:04:57.772309] > epoch 15, lrate 0.300000, validation error 31.236950 (%)
[2015-05-31 16:06:08.989948] > epoch 16, training error 22.265151 (%)
[2015-05-31 16:06:19.311762] > epoch 16, lrate 0.300000, validation error 31.268801 (%)
[2015-05-31 16:07:30.518051] > epoch 17, training error 22.120408 (%)
[2015-05-31 16:07:40.841945] > epoch 17, lrate 0.300000, validation error 31.300874 (%)
[2015-05-31 16:08:52.255467] > epoch 18, training error 21.987799 (%)
[2015-05-31 16:09:02.598201] > epoch 18, lrate 0.300000, validation error 31.337371 (%)
[2015-05-31 16:10:13.831290] > epoch 19, training error 21.875190 (%)
[2015-05-31 16:10:24.175860] > epoch 19, lrate 0.300000, validation error 31.370550 (%)
[2015-05-31 16:11:36.063068] > epoch 20, training error 21.752154 (%)
[2015-05-31 16:11:46.405225] > epoch 20, lrate 0.300000, validation error 31.374089 (%)
[2015-05-31 16:12:57.631813] > epoch 21, training error 21.629971 (%)
[2015-05-31 16:13:07.973346] > epoch 21, lrate 0.300000, validation error 31.383821 (%)
[2015-05-31 16:14:19.191901] > epoch 22, training error 21.513286 (%)
[2015-05-31 16:14:29.522108] > epoch 22, lrate 0.300000, validation error 31.408152 (%)
[2015-05-31 16:15:40.733120] > epoch 23, training error 21.411672 (%)
[2015-05-31 16:15:51.066840] > epoch 23, lrate 0.300000, validation error 31.424742 (%)
[2015-05-31 16:17:02.274797] > epoch 24, training error 21.310153 (%)
[2015-05-31 16:17:12.613201] > epoch 24, lrate 0.300000, validation error 31.400411 (%)
[2015-05-31 16:18:23.836957] > epoch 25, training error 21.214795 (%)
[2015-05-31 16:18:34.157154] > epoch 25, lrate 0.300000, validation error 31.400189 (%)
[2015-05-31 16:19:45.362122] > epoch 26, training error 21.112897 (%)
[2015-05-31 16:19:55.702761] > epoch 26, lrate 0.300000, validation error 31.403065 (%)
[2015-05-31 16:21:07.613203] > epoch 27, training error 21.026450 (%)
[2015-05-31 16:21:18.067240] > epoch 27, lrate 0.300000, validation error 31.440225 (%)
[2015-05-31 16:22:30.063735] > epoch 28, training error 20.936021 (%)
[2015-05-31 16:22:40.512377] > epoch 28, lrate 0.300000, validation error 31.456372 (%)
[2015-05-31 16:23:52.514056] > epoch 29, training error 20.848721 (%)
[2015-05-31 16:24:02.948754] > epoch 29, lrate 0.300000, validation error 31.485348 (%)
[2015-05-31 16:25:14.952349] > epoch 30, training error 20.750899 (%)
[2015-05-31 16:25:25.385394] > epoch 30, lrate 0.300000, validation error 31.537550 (%)
[2015-05-31 16:26:38.352255] > epoch 31, training error 20.661323 (%)
[2015-05-31 16:26:48.798149] > epoch 31, lrate 0.300000, validation error 31.570507 (%)
[2015-05-31 16:28:00.935752] > epoch 32, training error 20.556013 (%)
[2015-05-31 16:28:11.423295] > epoch 32, lrate 0.300000, validation error 31.595281 (%)
[2015-05-31 16:29:23.546878] > epoch 33, training error 20.467575 (%)
[2015-05-31 16:29:33.985274] > epoch 33, lrate 0.300000, validation error 31.628017 (%)
[2015-05-31 16:30:45.950870] > epoch 34, training error 20.380179 (%)
[2015-05-31 16:30:56.395070] > epoch 34, lrate 0.300000, validation error 31.670928 (%)
[2015-05-31 16:32:08.312847] > epoch 35, training error 20.290509 (%)
[2015-05-31 16:32:18.726271] > epoch 35, lrate 0.300000, validation error 31.728881 (%)
[2015-05-31 16:33:30.658556] > epoch 36, training error 20.202261 (%)
[2015-05-31 16:33:41.034657] > epoch 36, lrate 0.300000, validation error 31.789487 (%)
[2015-05-31 16:34:52.872650] > epoch 37, training error 20.110315 (%)
[2015-05-31 16:35:03.314098] > epoch 37, lrate 0.300000, validation error 31.854739 (%)
[2015-05-31 16:36:15.237518] > epoch 38, training error 20.022730 (%)
[2015-05-31 16:36:25.583125] > epoch 38, lrate 0.300000, validation error 31.899420 (%)
[2015-05-31 16:37:36.803555] > epoch 39, training error 19.938937 (%)
[2015-05-31 16:37:47.130481] > epoch 39, lrate 0.300000, validation error 31.948745 (%)
[2015-05-31 16:38:59.543630] > epoch 40, training error 19.852490 (%)
[2015-05-31 16:39:09.897336] > epoch 40, lrate 0.300000, validation error 31.997629 (%)
[2015-05-31 16:40:21.135511] > epoch 41, training error 19.765947 (%)
[2015-05-31 16:40:31.477641] > epoch 41, lrate 0.300000, validation error 32.044743 (%)
[2015-05-31 16:41:42.850299] > epoch 42, training error 19.679026 (%)
[2015-05-31 16:41:53.187945] > epoch 42, lrate 0.300000, validation error 32.100925 (%)
[2015-05-31 16:43:04.413851] > epoch 43, training error 19.600825 (%)
[2015-05-31 16:43:14.748415] > epoch 43, lrate 0.300000, validation error 32.146491 (%)
[2015-05-31 16:44:25.970235] > epoch 44, training error 19.520254 (%)
[2015-05-31 16:44:36.304834] > epoch 44, lrate 0.300000, validation error 32.192720 (%)
[2015-05-31 16:45:47.545137] > epoch 45, training error 19.436461 (%)
[2015-05-31 16:45:57.881817] > epoch 45, lrate 0.300000, validation error 32.236959 (%)
[2015-05-31 16:47:09.104186] > epoch 46, training error 19.354564 (%)
[2015-05-31 16:47:19.428703] > epoch 46, lrate 0.300000, validation error 32.286063 (%)
[2015-05-31 16:48:30.646215] > epoch 47, training error 19.272761 (%)
[2015-05-31 16:48:40.968396] > epoch 47, lrate 0.300000, validation error 32.323223 (%)
[2015-05-31 16:49:52.176514] > epoch 48, training error 19.190484 (%)
[2015-05-31 16:50:02.499754] > epoch 48, lrate 0.300000, validation error 32.347333 (%)
[2015-05-31 16:51:13.714375] > epoch 49, training error 19.104510 (%)
[2015-05-31 16:51:24.040218] > epoch 49, lrate 0.300000, validation error 32.392235 (%)
[2015-05-31 16:52:35.257892] > epoch 50, training error 19.014461 (%)
[2015-05-31 16:52:45.585437] > epoch 50, lrate 0.300000, validation error 32.422096 (%)
[2015-05-31 16:53:56.821580] > epoch 51, training error 18.923274 (%)
[2015-05-31 16:54:07.145568] > epoch 51, lrate 0.300000, validation error 32.468768 (%)
[2015-05-31 16:55:18.366053] > epoch 52, training error 18.844789 (%)
[2015-05-31 16:55:28.711672] > epoch 52, lrate 0.300000, validation error 32.505043 (%)
[2015-05-31 16:56:39.941554] > epoch 53, training error 18.760711 (%)
[2015-05-31 16:56:50.275823] > epoch 53, lrate 0.300000, validation error 32.550388 (%)
[2015-05-31 16:58:01.501075] > epoch 54, training error 18.682605 (%)
[2015-05-31 16:58:11.826007] > epoch 54, lrate 0.300000, validation error 32.583788 (%)
[2015-05-31 16:59:23.045121] > epoch 55, training error 18.597011 (%)
[2015-05-31 16:59:33.374888] > epoch 55, lrate 0.300000, validation error 32.628911 (%)
[2015-05-31 17:00:44.602423] > epoch 56, training error 18.524308 (%)
[2015-05-31 17:00:54.929642] > epoch 56, lrate 0.300000, validation error 32.669389 (%)
[2015-05-31 17:02:06.143169] > epoch 57, training error 18.443927 (%)
[2015-05-31 17:02:16.470805] > epoch 57, lrate 0.300000, validation error 32.724466 (%)
[2015-05-31 17:03:27.705056] > epoch 58, training error 18.357858 (%)
[2015-05-31 17:03:38.026438] > epoch 58, lrate 0.300000, validation error 32.795911 (%)
[2015-05-31 17:04:49.231695] > epoch 59, training error 18.276624 (%)
[2015-05-31 17:04:59.556586] > epoch 59, lrate 0.300000, validation error 32.852315 (%)
[2015-05-31 17:06:11.489187] > epoch 60, training error 18.197002 (%)
[2015-05-31 17:06:21.820134] > epoch 60, lrate 0.300000, validation error 32.885715 (%)
[2015-05-31 17:07:33.048472] > epoch 61, training error 18.104867 (%)
[2015-05-31 17:07:43.371972] > epoch 61, lrate 0.300000, validation error 32.928183 (%)
[2015-05-31 17:08:54.734006] > epoch 62, training error 18.026382 (%)
[2015-05-31 17:09:05.071419] > epoch 62, lrate 0.300000, validation error 32.966450 (%)
[2015-05-31 17:10:16.306307] > epoch 63, training error 17.937280 (%)
[2015-05-31 17:10:26.648945] > epoch 63, lrate 0.300000, validation error 33.010246 (%)
[2015-05-31 17:11:37.899336] > epoch 64, training error 17.857847 (%)
[2015-05-31 17:11:48.265623] > epoch 64, lrate 0.300000, validation error 33.056475 (%)
[2015-05-31 17:12:59.508091] > epoch 65, training error 17.777656 (%)
[2015-05-31 17:13:09.835301] > epoch 65, lrate 0.300000, validation error 33.107349 (%)
[2015-05-31 17:14:21.050187] > epoch 66, training error 17.694336 (%)
[2015-05-31 17:14:31.385217] > epoch 66, lrate 0.300000, validation error 33.150260 (%)
[2015-05-31 17:15:42.625208] > epoch 67, training error 17.623624 (%)
[2015-05-31 17:15:52.952749] > epoch 67, lrate 0.300000, validation error 33.192729 (%)
[2015-05-31 17:17:04.185076] > epoch 68, training error 17.536513 (%)
[2015-05-31 17:17:14.511049] > epoch 68, lrate 0.300000, validation error 33.214185 (%)
[2015-05-31 17:18:25.726274] > epoch 69, training error 17.454236 (%)
[2015-05-31 17:18:36.054455] > epoch 69, lrate 0.300000, validation error 33.255769 (%)
[2015-05-31 17:19:47.283416] > epoch 70, training error 17.375561 (%)
[2015-05-31 17:19:57.625704] > epoch 70, lrate 0.300000, validation error 33.304652 (%)
[2015-05-31 17:21:08.930976] > epoch 71, training error 17.298119 (%)
[2015-05-31 17:21:19.275407] > epoch 71, lrate 0.300000, validation error 33.322790 (%)
[2015-05-31 17:22:30.751773] > epoch 72, training error 17.221340 (%)
[2015-05-31 17:22:41.136551] > epoch 72, lrate 0.300000, validation error 33.346015 (%)
[2015-05-31 17:23:52.405809] > epoch 73, training error 17.144087 (%)
[2015-05-31 17:24:02.730200] > epoch 73, lrate 0.300000, validation error 33.374991 (%)
[2015-05-31 17:25:13.929860] > epoch 74, training error 17.064843 (%)
[2015-05-31 17:25:24.271733] > epoch 74, lrate 0.300000, validation error 33.399986 (%)
[2015-05-31 17:26:35.488621] > epoch 75, training error 16.994036 (%)
[2015-05-31 17:26:45.829669] > epoch 75, lrate 0.300000, validation error 33.439137 (%)
[2015-05-31 17:27:58.460842] > epoch 76, training error 16.914034 (%)
[2015-05-31 17:28:09.096209] > epoch 76, lrate 0.300000, validation error 33.473864 (%)
[2015-05-31 17:29:21.996746] > epoch 77, training error 16.848156 (%)
[2015-05-31 17:29:32.713051] > epoch 77, lrate 0.300000, validation error 33.506822 (%)
[2015-05-31 17:30:44.381276] > epoch 78, training error 16.773178 (%)
[2015-05-31 17:30:54.729520] > epoch 78, lrate 0.300000, validation error 33.555263 (%)
[2015-05-31 17:32:05.957720] > epoch 79, training error 16.696494 (%)
[2015-05-31 17:32:16.282291] > epoch 79, lrate 0.300000, validation error 33.580478 (%)
[2015-05-31 17:33:28.216226] > epoch 80, training error 16.621895 (%)
[2015-05-31 17:33:38.547088] > epoch 80, lrate 0.300000, validation error 33.624274 (%)
[2015-05-31 17:34:49.765000] > epoch 81, training error 16.554026 (%)
[2015-05-31 17:35:00.090454] > epoch 81, lrate 0.300000, validation error 33.659665 (%)
[2015-05-31 17:36:11.296469] > epoch 82, training error 16.475067 (%)
[2015-05-31 17:36:21.622819] > epoch 82, lrate 0.300000, validation error 33.694171 (%)
[2015-05-31 17:37:32.841845] > epoch 83, training error 16.401985 (%)
[2015-05-31 17:37:43.164914] > epoch 83, lrate 0.300000, validation error 33.736861 (%)
[2015-05-31 17:38:54.556568] > epoch 84, training error 16.328144 (%)
[2015-05-31 17:39:04.904543] > epoch 84, lrate 0.300000, validation error 33.772473 (%)
[2015-05-31 17:40:16.134734] > epoch 85, training error 16.257811 (%)
[2015-05-31 17:40:26.460753] > epoch 85, lrate 0.300000, validation error 33.816048 (%)
[2015-05-31 17:41:37.656813] > epoch 86, training error 16.179325 (%)
[2015-05-31 17:41:47.981929] > epoch 86, lrate 0.300000, validation error 33.833080 (%)
[2015-05-31 17:42:59.200761] > epoch 87, training error 16.108802 (%)
[2015-05-31 17:43:09.526832] > epoch 87, lrate 0.300000, validation error 33.868470 (%)
[2015-05-31 17:44:20.751135] > epoch 88, training error 16.031265 (%)
[2015-05-31 17:44:31.073660] > epoch 88, lrate 0.300000, validation error 33.895677 (%)
[2015-05-31 17:45:42.280649] > epoch 89, training error 15.946998 (%)
[2015-05-31 17:45:52.604765] > epoch 89, lrate 0.300000, validation error 33.917575 (%)
[2015-05-31 17:47:03.822239] > epoch 90, training error 15.868987 (%)
[2015-05-31 17:47:14.167953] > epoch 90, lrate 0.300000, validation error 33.963362 (%)
[2015-05-31 17:48:25.399323] > epoch 91, training error 15.796094 (%)
[2015-05-31 17:48:35.716174] > epoch 91, lrate 0.300000, validation error 33.998531 (%)
[2015-05-31 17:49:46.923923] > epoch 92, training error 15.719694 (%)
[2015-05-31 17:49:57.247285] > epoch 92, lrate 0.300000, validation error 34.024411 (%)
[2015-05-31 17:51:08.467102] > epoch 93, training error 15.635048 (%)
[2015-05-31 17:51:18.809163] > epoch 93, lrate 0.300000, validation error 34.066216 (%)
[2015-05-31 17:52:30.027500] > epoch 94, training error 15.557605 (%)
[2015-05-31 17:52:40.350102] > epoch 94, lrate 0.300000, validation error 34.096962 (%)
[2015-05-31 17:53:51.550935] > epoch 95, training error 15.481016 (%)
[2015-05-31 17:54:01.880648] > epoch 95, lrate 0.300000, validation error 34.133016 (%)
[2015-05-31 17:55:13.094212] > epoch 96, training error 15.413431 (%)
[2015-05-31 17:55:23.423424] > epoch 96, lrate 0.300000, validation error 34.173494 (%)
[2015-05-31 17:56:34.635444] > epoch 97, training error 15.339212 (%)
[2015-05-31 17:56:44.973466] > epoch 97, lrate 0.300000, validation error 34.208885 (%)
[2015-05-31 17:57:56.194926] > epoch 98, training error 15.270016 (%)
[2015-05-31 17:58:06.540882] > epoch 98, lrate 0.300000, validation error 34.235649 (%)
[2015-05-31 17:59:17.773420] > epoch 99, training error 15.196080 (%)
[2015-05-31 17:59:28.095502] > epoch 99, lrate 0.300000, validation error 34.265731 (%)
[2015-05-31 18:00:40.030055] > epoch 100, training error 15.120818 (%)
[2015-05-31 18:00:50.367093] > epoch 100, lrate 0.300000, validation error 34.299352 (%)
[2015-05-31 18:00:50.948420] > ... the final PDNN model parameter is dnn512_512_512_0.3_100_norm.param
[2015-05-31 18:00:50.953105] > ... the final PDNN model config is dnn512_512_512_0.3_100_norm.cfg
