Using gpu device 0: GeForce GT 520M
[2015-05-31 19:39:40.188450] > ... building the model
[2015-05-31 19:39:40.198858] > ... getting the finetuning functions
[2015-05-31 19:39:41.440058] > ... finetuning the model
[2015-05-31 19:40:04.905445] > epoch 1, training error 32.723304 (%)
[2015-05-31 19:40:09.495592] > epoch 1, lrate 0.300000, validation error 34.545981 (%)
[2015-05-31 19:40:32.623773] > epoch 2, training error 27.660440 (%)
[2015-05-31 19:40:36.404911] > epoch 2, lrate 0.300000, validation error 33.812288 (%)
[2015-05-31 19:40:59.478800] > epoch 3, training error 26.443445 (%)
[2015-05-31 19:41:03.245093] > epoch 3, lrate 0.300000, validation error 33.492223 (%)
[2015-05-31 19:41:26.334663] > epoch 4, training error 25.787506 (%)
[2015-05-31 19:41:30.105750] > epoch 4, lrate 0.300000, validation error 33.279215 (%)
[2015-05-31 19:41:53.125841] > epoch 5, training error 25.356027 (%)
[2015-05-31 19:41:56.689984] > epoch 5, lrate 0.300000, validation error 33.051166 (%)
[2015-05-31 19:42:19.736179] > epoch 6, training error 25.036209 (%)
[2015-05-31 19:42:23.539525] > epoch 6, lrate 0.300000, validation error 32.849660 (%)
[2015-05-31 19:42:46.650896] > epoch 7, training error 24.760089 (%)
[2015-05-31 19:42:50.508266] > epoch 7, lrate 0.300000, validation error 32.700134 (%)
[2015-05-31 19:43:13.606312] > epoch 8, training error 24.550795 (%)
[2015-05-31 19:43:17.372030] > epoch 8, lrate 0.300000, validation error 32.619621 (%)
[2015-05-31 19:43:40.484871] > epoch 9, training error 24.372118 (%)
[2015-05-31 19:43:44.266024] > epoch 9, lrate 0.300000, validation error 32.575382 (%)
[2015-05-31 19:44:07.352370] > epoch 10, training error 24.222257 (%)
[2015-05-31 19:44:13.140923] > epoch 10, lrate 0.300000, validation error 32.517651 (%)
[2015-05-31 19:44:46.576105] > epoch 11, training error 24.090121 (%)
[2015-05-31 19:44:52.568797] > epoch 11, lrate 0.300000, validation error 32.463901 (%)
[2015-05-31 19:45:26.330408] > epoch 12, training error 23.953436 (%)
[2015-05-31 19:45:32.522874] > epoch 12, lrate 0.300000, validation error 32.388254 (%)
[2015-05-31 19:46:05.901129] > epoch 13, training error 23.853054 (%)
[2015-05-31 19:46:11.880984] > epoch 13, lrate 0.300000, validation error 32.336274 (%)
[2015-05-31 19:46:45.493457] > epoch 14, training error 23.737317 (%)
[2015-05-31 19:46:51.408733] > epoch 14, lrate 0.300000, validation error 32.303316 (%)
[2015-05-31 19:47:24.957091] > epoch 15, training error 23.646130 (%)
[2015-05-31 19:47:30.904048] > epoch 15, lrate 0.300000, validation error 32.250451 (%)
[2015-05-31 19:48:04.787000] > epoch 16, training error 23.562337 (%)
[2015-05-31 19:48:11.003729] > epoch 16, lrate 0.300000, validation error 32.215503 (%)
[2015-05-31 19:48:44.630008] > epoch 17, training error 23.478544 (%)
[2015-05-31 19:48:50.811953] > epoch 17, lrate 0.300000, validation error 32.186969 (%)
[2015-05-31 19:49:24.468006] > epoch 18, training error 23.405082 (%)
[2015-05-31 19:49:30.508124] > epoch 18, lrate 0.300000, validation error 32.146491 (%)
[2015-05-31 19:50:04.183945] > epoch 19, training error 23.330863 (%)
[2015-05-31 19:50:10.488190] > epoch 19, lrate 0.300000, validation error 32.089866 (%)
[2015-05-31 19:50:44.816813] > epoch 20, training error 23.258254 (%)
[2015-05-31 19:50:50.676836] > epoch 20, lrate 0.300000, validation error 32.019306 (%)
[2015-05-31 19:51:22.405786] > epoch 21, training error 23.184508 (%)
[2015-05-31 19:51:27.894221] > epoch 21, lrate 0.300000, validation error 31.952506 (%)
[2015-05-31 19:52:00.025715] > epoch 22, training error 23.116071 (%)
[2015-05-31 19:52:05.489586] > epoch 22, lrate 0.300000, validation error 31.893447 (%)
[2015-05-31 19:52:37.915747] > epoch 23, training error 23.050003 (%)
[2015-05-31 19:52:43.784787] > epoch 23, lrate 0.300000, validation error 31.858278 (%)
[2015-05-31 19:53:15.361414] > epoch 24, training error 22.994267 (%)
[2015-05-31 19:53:21.171968] > epoch 24, lrate 0.300000, validation error 31.834610 (%)
[2015-05-31 19:53:53.073805] > epoch 25, training error 22.933792 (%)
[2015-05-31 19:53:59.264168] > epoch 25, lrate 0.300000, validation error 31.812270 (%)
[2015-05-31 19:54:31.732321] > epoch 26, training error 22.877298 (%)
[2015-05-31 19:54:37.411589] > epoch 26, lrate 0.300000, validation error 31.789487 (%)
[2015-05-31 19:55:09.566493] > epoch 27, training error 22.819666 (%)
[2015-05-31 19:55:15.330827] > epoch 27, lrate 0.300000, validation error 31.774889 (%)
[2015-05-31 19:55:46.524293] > epoch 28, training error 22.762034 (%)
[2015-05-31 19:55:51.913327] > epoch 28, lrate 0.300000, validation error 31.752106 (%)
[2015-05-31 19:56:23.086078] > epoch 29, training error 22.714166 (%)
[2015-05-31 19:56:28.767774] > epoch 29, lrate 0.300000, validation error 31.736622 (%)
[2015-05-31 19:56:59.974090] > epoch 30, training error 22.670279 (%)
[2015-05-31 19:57:05.333754] > epoch 30, lrate 0.300000, validation error 31.729987 (%)
[2015-05-31 19:57:37.022182] > epoch 31, training error 22.624496 (%)
[2015-05-31 19:57:42.405267] > epoch 31, lrate 0.300000, validation error 31.743700 (%)
[2015-05-31 19:58:14.159449] > epoch 32, training error 22.569139 (%)
[2015-05-31 19:58:20.696848] > epoch 32, lrate 0.300000, validation error 31.747461 (%)
[2015-05-31 19:58:53.920526] > epoch 33, training error 22.513498 (%)
[2015-05-31 19:58:59.180116] > epoch 33, lrate 0.300000, validation error 31.733747 (%)
[2015-05-31 19:59:30.197433] > epoch 34, training error 22.467999 (%)
[2015-05-31 19:59:35.685027] > epoch 34, lrate 0.300000, validation error 31.739055 (%)
[2015-05-31 20:00:06.356189] > epoch 35, training error 22.409894 (%)
[2015-05-31 20:00:12.037326] > epoch 35, lrate 0.300000, validation error 31.735959 (%)
[2015-05-31 20:00:42.790493] > epoch 36, training error 22.377097 (%)
[2015-05-31 20:00:48.047599] > epoch 36, lrate 0.300000, validation error 31.731977 (%)
[2015-05-31 20:01:17.406455] > epoch 37, training error 22.342120 (%)
[2015-05-31 20:01:22.771478] > epoch 37, lrate 0.300000, validation error 31.756972 (%)
[2015-05-31 20:01:50.141820] > epoch 38, training error 22.304299 (%)
[2015-05-31 20:01:55.506512] > epoch 38, lrate 0.300000, validation error 31.758963 (%)
[2015-05-31 20:02:22.517818] > epoch 39, training error 22.261928 (%)
[2015-05-31 20:02:27.487878] > epoch 39, lrate 0.300000, validation error 31.790372 (%)
[2015-05-31 20:02:56.141057] > epoch 40, training error 22.225340 (%)
[2015-05-31 20:03:01.205870] > epoch 40, lrate 0.300000, validation error 31.791920 (%)
[2015-05-31 20:03:27.236279] > epoch 41, training error 22.188656 (%)
[2015-05-31 20:03:33.168199] > epoch 41, lrate 0.300000, validation error 31.812491 (%)
[2015-05-31 20:03:59.171906] > epoch 42, training error 22.147518 (%)
[2015-05-31 20:04:04.425379] > epoch 42, lrate 0.300000, validation error 31.831292 (%)
[2015-05-31 20:04:30.625176] > epoch 43, training error 22.110456 (%)
[2015-05-31 20:04:36.238923] > epoch 43, lrate 0.300000, validation error 31.840583 (%)
[2015-05-31 20:05:01.263473] > epoch 44, training error 22.072445 (%)
[2015-05-31 20:05:07.520675] > epoch 44, lrate 0.300000, validation error 31.868674 (%)
[2015-05-31 20:05:37.971415] > epoch 45, training error 22.035762 (%)
[2015-05-31 20:05:42.884838] > epoch 45, lrate 0.300000, validation error 31.902737 (%)
[2015-05-31 20:06:07.973485] > epoch 46, training error 21.995477 (%)
[2015-05-31 20:06:13.068295] > epoch 46, lrate 0.300000, validation error 31.934147 (%)
[2015-05-31 20:06:37.245584] > epoch 47, training error 21.960120 (%)
[2015-05-31 20:06:43.005466] > epoch 47, lrate 0.300000, validation error 31.980597 (%)
[2015-05-31 20:07:08.975922] > epoch 48, training error 21.928177 (%)
[2015-05-31 20:07:14.663117] > epoch 48, lrate 0.300000, validation error 31.999841 (%)
[2015-05-31 20:07:39.712040] > epoch 49, training error 21.903342 (%)
[2015-05-31 20:07:43.589741] > epoch 49, lrate 0.300000, validation error 32.031692 (%)
[2015-05-31 20:08:10.211231] > epoch 50, training error 21.871303 (%)
[2015-05-31 20:08:15.353501] > epoch 50, lrate 0.300000, validation error 32.050273 (%)
[2015-05-31 20:08:40.598235] > epoch 51, training error 21.839454 (%)
[2015-05-31 20:08:45.425335] > epoch 51, lrate 0.300000, validation error 32.084557 (%)
[2015-05-31 20:09:13.005176] > epoch 52, training error 21.805520 (%)
[2015-05-31 20:09:18.592121] > epoch 52, lrate 0.300000, validation error 32.104022 (%)
[2015-05-31 20:09:44.641630] > epoch 53, training error 21.769026 (%)
[2015-05-31 20:09:50.221599] > epoch 53, lrate 0.300000, validation error 32.142288 (%)
[2015-05-31 20:10:16.446795] > epoch 54, training error 21.743338 (%)
[2015-05-31 20:10:22.129571] > epoch 54, lrate 0.300000, validation error 32.161753 (%)
[2015-05-31 20:10:48.268049] > epoch 55, training error 21.721821 (%)
[2015-05-31 20:10:53.943228] > epoch 55, lrate 0.300000, validation error 32.175025 (%)
[2015-05-31 20:11:20.151778] > epoch 56, training error 21.683716 (%)
[2015-05-31 20:11:25.587893] > epoch 56, lrate 0.300000, validation error 32.192499 (%)
[2015-05-31 20:11:51.557363] > epoch 57, training error 21.657839 (%)
[2015-05-31 20:11:56.889872] > epoch 57, lrate 0.300000, validation error 32.216166 (%)
[2015-05-31 20:12:22.084219] > epoch 58, training error 21.627222 (%)
[2015-05-31 20:12:27.579529] > epoch 58, lrate 0.300000, validation error 32.237401 (%)
[2015-05-31 20:12:52.671121] > epoch 59, training error 21.598785 (%)
[2015-05-31 20:12:57.807274] > epoch 59, lrate 0.300000, validation error 32.256423 (%)
[2015-05-31 20:13:24.106620] > epoch 60, training error 21.572244 (%)
[2015-05-31 20:13:28.287115] > epoch 60, lrate 0.300000, validation error 32.263944 (%)
[2015-05-31 20:13:53.402530] > epoch 61, training error 21.546272 (%)
[2015-05-31 20:13:57.172318] > epoch 61, lrate 0.300000, validation error 32.275888 (%)
[2015-05-31 20:14:21.843739] > epoch 62, training error 21.514897 (%)
[2015-05-31 20:14:26.956735] > epoch 62, lrate 0.300000, validation error 32.280755 (%)
[2015-05-31 20:14:50.856614] > epoch 63, training error 21.489114 (%)
[2015-05-31 20:14:54.506136] > epoch 63, lrate 0.300000, validation error 32.288275 (%)
[2015-05-31 20:15:17.170359] > epoch 64, training error 21.468071 (%)
[2015-05-31 20:15:20.964973] > epoch 64, lrate 0.300000, validation error 32.287390 (%)
[2015-05-31 20:15:44.061278] > epoch 65, training error 21.446365 (%)
[2015-05-31 20:15:47.827557] > epoch 65, lrate 0.300000, validation error 32.296902 (%)
[2015-05-31 20:16:10.910621] > epoch 66, training error 21.421909 (%)
[2015-05-31 20:16:14.640605] > epoch 66, lrate 0.300000, validation error 32.310615 (%)
[2015-05-31 20:16:37.721190] > epoch 67, training error 21.396221 (%)
[2015-05-31 20:16:41.491128] > epoch 67, lrate 0.300000, validation error 32.311721 (%)
[2015-05-31 20:17:04.565191] > epoch 68, training error 21.366268 (%)
[2015-05-31 20:17:08.345566] > epoch 68, lrate 0.300000, validation error 32.310615 (%)
[2015-05-31 20:17:31.443470] > epoch 69, training error 21.349775 (%)
[2015-05-31 20:17:35.211967] > epoch 69, lrate 0.300000, validation error 32.311500 (%)
[2015-05-31 20:17:58.350359] > epoch 70, training error 21.328447 (%)
[2015-05-31 20:18:02.119585] > epoch 70, lrate 0.300000, validation error 32.319684 (%)
[2015-05-31 20:18:25.189992] > epoch 71, training error 21.308257 (%)
[2015-05-31 20:18:28.942573] > epoch 71, lrate 0.300000, validation error 32.307076 (%)
[2015-05-31 20:18:52.051527] > epoch 72, training error 21.285603 (%)
[2015-05-31 20:18:55.807715] > epoch 72, lrate 0.300000, validation error 32.306413 (%)
[2015-05-31 20:19:18.868870] > epoch 73, training error 21.260958 (%)
[2015-05-31 20:19:22.633880] > epoch 73, lrate 0.300000, validation error 32.314376 (%)
[2015-05-31 20:19:45.686254] > epoch 74, training error 21.239251 (%)
[2015-05-31 20:19:49.456920] > epoch 74, lrate 0.300000, validation error 32.321675 (%)
[2015-05-31 20:20:12.362379] > epoch 75, training error 21.218587 (%)
[2015-05-31 20:20:15.996748] > epoch 75, lrate 0.300000, validation error 32.318578 (%)
[2015-05-31 20:20:38.919663] > epoch 76, training error 21.198207 (%)
[2015-05-31 20:20:42.747406] > epoch 76, lrate 0.300000, validation error 32.309288 (%)
[2015-05-31 20:21:04.908907] > epoch 77, training error 21.181809 (%)
[2015-05-31 20:21:08.442716] > epoch 77, lrate 0.300000, validation error 32.314155 (%)
[2015-05-31 20:21:30.386311] > epoch 78, training error 21.161145 (%)
[2015-05-31 20:21:33.928403] > epoch 78, lrate 0.300000, validation error 32.324108 (%)
[2015-05-31 20:21:56.815203] > epoch 79, training error 21.140481 (%)
[2015-05-31 20:22:00.540721] > epoch 79, lrate 0.300000, validation error 32.322339 (%)
[2015-05-31 20:22:22.870093] > epoch 80, training error 21.126642 (%)
[2015-05-31 20:22:26.470938] > epoch 80, lrate 0.300000, validation error 32.330965 (%)
[2015-05-31 20:22:48.804853] > epoch 81, training error 21.114224 (%)
[2015-05-31 20:22:52.480161] > epoch 81, lrate 0.300000, validation error 32.336495 (%)
[2015-05-31 20:23:14.938783] > epoch 82, training error 21.086262 (%)
[2015-05-31 20:23:18.650039] > epoch 82, lrate 0.300000, validation error 32.343794 (%)
[2015-05-31 20:23:41.238929] > epoch 83, training error 21.070053 (%)
[2015-05-31 20:23:44.879194] > epoch 83, lrate 0.300000, validation error 32.360605 (%)
[2015-05-31 20:24:07.556050] > epoch 84, training error 21.052232 (%)
[2015-05-31 20:24:11.132358] > epoch 84, lrate 0.300000, validation error 32.369010 (%)
[2015-05-31 20:24:33.710997] > epoch 85, training error 21.027398 (%)
[2015-05-31 20:24:37.581076] > epoch 85, lrate 0.300000, validation error 32.381618 (%)
[2015-05-31 20:25:00.465322] > epoch 86, training error 21.014791 (%)
[2015-05-31 20:25:04.291930] > epoch 86, lrate 0.300000, validation error 32.385821 (%)
[2015-05-31 20:25:26.832516] > epoch 87, training error 20.992515 (%)
[2015-05-31 20:25:30.600356] > epoch 87, lrate 0.300000, validation error 32.397986 (%)
[2015-05-31 20:25:53.209911] > epoch 88, training error 20.970904 (%)
[2015-05-31 20:25:56.906981] > epoch 88, lrate 0.300000, validation error 32.407055 (%)
[2015-05-31 20:26:19.073995] > epoch 89, training error 20.952041 (%)
[2015-05-31 20:26:22.734447] > epoch 89, lrate 0.300000, validation error 32.406834 (%)
[2015-05-31 20:26:44.888705] > epoch 90, training error 20.937822 (%)
[2015-05-31 20:26:48.461440] > epoch 90, lrate 0.300000, validation error 32.419663 (%)
[2015-05-31 20:27:10.688488] > epoch 91, training error 20.921993 (%)
[2015-05-31 20:27:14.327137] > epoch 91, lrate 0.300000, validation error 32.434704 (%)
[2015-05-31 20:27:37.439356] > epoch 92, training error 20.912324 (%)
[2015-05-31 20:27:41.289940] > epoch 92, lrate 0.300000, validation error 32.432050 (%)
[2015-05-31 20:28:04.894384] > epoch 93, training error 20.898106 (%)
[2015-05-31 20:28:08.577938] > epoch 93, lrate 0.300000, validation error 32.427847 (%)
[2015-05-31 20:28:30.761054] > epoch 94, training error 20.886541 (%)
[2015-05-31 20:28:34.419218] > epoch 94, lrate 0.300000, validation error 32.423202 (%)
[2015-05-31 20:28:57.060529] > epoch 95, training error 20.867868 (%)
[2015-05-31 20:29:00.834836] > epoch 95, lrate 0.300000, validation error 32.430944 (%)
[2015-05-31 20:29:23.692586] > epoch 96, training error 20.850143 (%)
[2015-05-31 20:29:27.342492] > epoch 96, lrate 0.300000, validation error 32.435589 (%)
[2015-05-31 20:29:50.032573] > epoch 97, training error 20.834028 (%)
[2015-05-31 20:29:53.779477] > epoch 97, lrate 0.300000, validation error 32.436695 (%)
[2015-05-31 20:30:16.646405] > epoch 98, training error 20.817346 (%)
[2015-05-31 20:30:20.389503] > epoch 98, lrate 0.300000, validation error 32.446870 (%)
[2015-05-31 20:30:43.241613] > epoch 99, training error 20.799051 (%)
[2015-05-31 20:30:46.978093] > epoch 99, lrate 0.300000, validation error 32.445321 (%)
[2015-05-31 20:31:09.912897] > epoch 100, training error 20.788625 (%)
[2015-05-31 20:31:13.657552] > epoch 100, lrate 0.300000, validation error 32.458150 (%)
[2015-05-31 20:31:13.765945] > ... the final PDNN model parameter is dnn128_128_128_128_0.3_100_norm.param
[2015-05-31 20:31:13.782033] > ... the final PDNN model config is dnn128_128_128_128_0.3_100_norm.cfg
